[0.023s] Invoking command in '/home/eypan/turtle_follow_ws/build/turtle_interfaces': CMAKE_PREFIX_PATH=${CMAKE_PREFIX_PATH}:/home/eypan/turtle_follow_ws/install/turtle_control:/home/eypan/install/tutorial_interfaces:/home/eypan/ros2_ws/install/perception:/home/eypan/ros2_ws/install/brain:/home/eypan/ros2_ws/install/actuation:/opt/ros/humble /usr/bin/cmake --build /home/eypan/turtle_follow_ws/build/turtle_interfaces -- -j8 -l8
[0.115s] [ 10%] Built target turtle_interfaces__rosidl_generator_c
[0.130s] [ 12%] Built target turtle_interfaces__cpp
[0.140s] [ 12%] Built target ament_cmake_python_copy_turtle_interfaces
[0.184s] [ 25%] Built target turtle_interfaces__rosidl_typesupport_fastrtps_c
[0.185s] [ 34%] Built target turtle_interfaces__rosidl_typesupport_c
[0.191s] [ 44%] Built target turtle_interfaces__rosidl_typesupport_introspection_c
[0.200s] [ 55%] Built target turtle_interfaces__rosidl_typesupport_cpp
[0.206s] [ 65%] Built target turtle_interfaces__rosidl_typesupport_introspection_cpp
[0.211s] [ 76%] Built target turtle_interfaces__rosidl_typesupport_fastrtps_cpp
[0.253s] [ 76%] Built target turtle_interfaces
[0.293s] [ 78%] Built target turtle_interfaces__py
[0.335s] [ 87%] Built target turtle_interfaces__rosidl_generator_py
[0.375s] [ 91%] Built target turtle_interfaces__rosidl_typesupport_introspection_c__pyext
[0.380s] [ 95%] Built target turtle_interfaces__rosidl_typesupport_fastrtps_c__pyext
[0.387s] [100%] Built target turtle_interfaces__rosidl_typesupport_c__pyext
[0.709s] running egg_info
[0.711s] writing turtle_interfaces.egg-info/PKG-INFO
[0.711s] writing dependency_links to turtle_interfaces.egg-info/dependency_links.txt
[0.711s] writing top-level names to turtle_interfaces.egg-info/top_level.txt
[0.716s] reading manifest file 'turtle_interfaces.egg-info/SOURCES.txt'
[0.718s] writing manifest file 'turtle_interfaces.egg-info/SOURCES.txt'
[0.765s] [100%] Built target ament_cmake_python_build_turtle_interfaces_egg
[0.787s] Invoked command in '/home/eypan/turtle_follow_ws/build/turtle_interfaces' returned '0': CMAKE_PREFIX_PATH=${CMAKE_PREFIX_PATH}:/home/eypan/turtle_follow_ws/install/turtle_control:/home/eypan/install/tutorial_interfaces:/home/eypan/ros2_ws/install/perception:/home/eypan/ros2_ws/install/brain:/home/eypan/ros2_ws/install/actuation:/opt/ros/humble /usr/bin/cmake --build /home/eypan/turtle_follow_ws/build/turtle_interfaces -- -j8 -l8
[0.986s] Invoking command in '/home/eypan/turtle_follow_ws/build/turtle_interfaces': CMAKE_PREFIX_PATH=${CMAKE_PREFIX_PATH}:/home/eypan/turtle_follow_ws/install/turtle_control:/home/eypan/install/tutorial_interfaces:/home/eypan/ros2_ws/install/perception:/home/eypan/ros2_ws/install/brain:/home/eypan/ros2_ws/install/actuation:/opt/ros/humble /usr/bin/cmake --install /home/eypan/turtle_follow_ws/build/turtle_interfaces
[1.001s] -- Install configuration: ""
[1.002s] -- Up-to-date: /home/eypan/turtle_follow_ws/install/turtle_interfaces/share/ament_index/resource_index/rosidl_interfaces/turtle_interfaces
[1.002s] -- Up-to-date: /home/eypan/turtle_follow_ws/install/turtle_interfaces/include/turtle_interfaces/turtle_interfaces
[1.002s] -- Up-to-date: /home/eypan/turtle_follow_ws/install/turtle_interfaces/include/turtle_interfaces/turtle_interfaces/msg
[1.002s] -- Up-to-date: /home/eypan/turtle_follow_ws/install/turtle_interfaces/include/turtle_interfaces/turtle_interfaces/msg/string_array.h
[1.002s] -- Up-to-date: /home/eypan/turtle_follow_ws/install/turtle_interfaces/include/turtle_interfaces/turtle_interfaces/msg/turtle_follow.h
[1.003s] -- Up-to-date: /home/eypan/turtle_follow_ws/install/turtle_interfaces/include/turtle_interfaces/turtle_interfaces/msg/detail
[1.003s] -- Up-to-date: /home/eypan/turtle_follow_ws/install/turtle_interfaces/include/turtle_interfaces/turtle_interfaces/msg/detail/turtle_follow__struct.h
[1.003s] -- Up-to-date: /home/eypan/turtle_follow_ws/install/turtle_interfaces/include/turtle_interfaces/turtle_interfaces/msg/detail/turtle_follow__functions.c
[1.003s] -- Up-to-date: /home/eypan/turtle_follow_ws/install/turtle_interfaces/include/turtle_interfaces/turtle_interfaces/msg/detail/turtle_follow__functions.h
[1.003s] -- Up-to-date: /home/eypan/turtle_follow_ws/install/turtle_interfaces/include/turtle_interfaces/turtle_interfaces/msg/detail/string_array__struct.h
[1.004s] -- Up-to-date: /home/eypan/turtle_follow_ws/install/turtle_interfaces/include/turtle_interfaces/turtle_interfaces/msg/detail/string_array__functions.c
[1.004s] -- Up-to-date: /home/eypan/turtle_follow_ws/install/turtle_interfaces/include/turtle_interfaces/turtle_interfaces/msg/detail/string_array__functions.h
[1.004s] -- Up-to-date: /home/eypan/turtle_follow_ws/install/turtle_interfaces/include/turtle_interfaces/turtle_interfaces/msg/detail/turtle_follow__type_support.h
[1.004s] -- Up-to-date: /home/eypan/turtle_follow_ws/install/turtle_interfaces/include/turtle_interfaces/turtle_interfaces/msg/detail/string_array__type_support.h
[1.004s] -- Up-to-date: /home/eypan/turtle_follow_ws/install/turtle_interfaces/include/turtle_interfaces/turtle_interfaces/msg/rosidl_generator_c__visibility_control.h
[1.004s] -- Up-to-date: /home/eypan/turtle_follow_ws/install/turtle_interfaces/include/turtle_interfaces/turtle_interfaces/srv
[1.004s] -- Up-to-date: /home/eypan/turtle_follow_ws/install/turtle_interfaces/include/turtle_interfaces/turtle_interfaces/srv/turtle_create.h
[1.005s] -- Up-to-date: /home/eypan/turtle_follow_ws/install/turtle_interfaces/include/turtle_interfaces/turtle_interfaces/srv/turtle_follow.h
[1.005s] -- Up-to-date: /home/eypan/turtle_follow_ws/install/turtle_interfaces/include/turtle_interfaces/turtle_interfaces/srv/detail
[1.005s] -- Up-to-date: /home/eypan/turtle_follow_ws/install/turtle_interfaces/include/turtle_interfaces/turtle_interfaces/srv/detail/turtle_follow__struct.h
[1.006s] -- Up-to-date: /home/eypan/turtle_follow_ws/install/turtle_interfaces/include/turtle_interfaces/turtle_interfaces/srv/detail/turtle_create__type_support.h
[1.006s] -- Up-to-date: /home/eypan/turtle_follow_ws/install/turtle_interfaces/include/turtle_interfaces/turtle_interfaces/srv/detail/turtle_follow__functions.c
[1.006s] -- Up-to-date: /home/eypan/turtle_follow_ws/install/turtle_interfaces/include/turtle_interfaces/turtle_interfaces/srv/detail/turtle_follow__functions.h
[1.006s] -- Up-to-date: /home/eypan/turtle_follow_ws/install/turtle_interfaces/include/turtle_interfaces/turtle_interfaces/srv/detail/turtle_create__functions.c
[1.007s] -- Up-to-date: /home/eypan/turtle_follow_ws/install/turtle_interfaces/include/turtle_interfaces/turtle_interfaces/srv/detail/turtle_create__struct.h
[1.007s] -- Up-to-date: /home/eypan/turtle_follow_ws/install/turtle_interfaces/include/turtle_interfaces/turtle_interfaces/srv/detail/turtle_create__functions.h
[1.007s] -- Up-to-date: /home/eypan/turtle_follow_ws/install/turtle_interfaces/include/turtle_interfaces/turtle_interfaces/srv/detail/turtle_follow__type_support.h
[1.007s] -- Up-to-date: /home/eypan/turtle_follow_ws/install/turtle_interfaces/share/turtle_interfaces/environment/library_path.sh
[1.007s] -- Up-to-date: /home/eypan/turtle_follow_ws/install/turtle_interfaces/share/turtle_interfaces/environment/library_path.dsv
[1.007s] -- Up-to-date: /home/eypan/turtle_follow_ws/install/turtle_interfaces/lib/libturtle_interfaces__rosidl_generator_c.so
[1.007s] -- Up-to-date: /home/eypan/turtle_follow_ws/install/turtle_interfaces/include/turtle_interfaces/turtle_interfaces
[1.007s] -- Up-to-date: /home/eypan/turtle_follow_ws/install/turtle_interfaces/include/turtle_interfaces/turtle_interfaces/msg
[1.008s] -- Up-to-date: /home/eypan/turtle_follow_ws/install/turtle_interfaces/include/turtle_interfaces/turtle_interfaces/msg/rosidl_typesupport_fastrtps_c__visibility_control.h
[1.008s] -- Up-to-date: /home/eypan/turtle_follow_ws/install/turtle_interfaces/include/turtle_interfaces/turtle_interfaces/msg/detail
[1.008s] -- Up-to-date: /home/eypan/turtle_follow_ws/install/turtle_interfaces/include/turtle_interfaces/turtle_interfaces/msg/detail/string_array__rosidl_typesupport_fastrtps_c.h
[1.008s] -- Up-to-date: /home/eypan/turtle_follow_ws/install/turtle_interfaces/include/turtle_interfaces/turtle_interfaces/msg/detail/turtle_follow__rosidl_typesupport_fastrtps_c.h
[1.008s] -- Up-to-date: /home/eypan/turtle_follow_ws/install/turtle_interfaces/include/turtle_interfaces/turtle_interfaces/srv
[1.008s] -- Up-to-date: /home/eypan/turtle_follow_ws/install/turtle_interfaces/include/turtle_interfaces/turtle_interfaces/srv/detail
[1.008s] -- Up-to-date: /home/eypan/turtle_follow_ws/install/turtle_interfaces/include/turtle_interfaces/turtle_interfaces/srv/detail/turtle_follow__rosidl_typesupport_fastrtps_c.h
[1.008s] -- Up-to-date: /home/eypan/turtle_follow_ws/install/turtle_interfaces/include/turtle_interfaces/turtle_interfaces/srv/detail/turtle_create__rosidl_typesupport_fastrtps_c.h
[1.009s] -- Up-to-date: /home/eypan/turtle_follow_ws/install/turtle_interfaces/lib/libturtle_interfaces__rosidl_typesupport_fastrtps_c.so
[1.009s] -- Up-to-date: /home/eypan/turtle_follow_ws/install/turtle_interfaces/include/turtle_interfaces/turtle_interfaces
[1.009s] -- Up-to-date: /home/eypan/turtle_follow_ws/install/turtle_interfaces/include/turtle_interfaces/turtle_interfaces/msg
[1.009s] -- Up-to-date: /home/eypan/turtle_follow_ws/install/turtle_interfaces/include/turtle_interfaces/turtle_interfaces/msg/detail
[1.009s] -- Up-to-date: /home/eypan/turtle_follow_ws/install/turtle_interfaces/include/turtle_interfaces/turtle_interfaces/msg/detail/turtle_follow__type_support.c
[1.009s] -- Up-to-date: /home/eypan/turtle_follow_ws/install/turtle_interfaces/include/turtle_interfaces/turtle_interfaces/msg/detail/string_array__type_support.c
[1.010s] -- Up-to-date: /home/eypan/turtle_follow_ws/install/turtle_interfaces/include/turtle_interfaces/turtle_interfaces/msg/detail/turtle_follow__rosidl_typesupport_introspection_c.h
[1.010s] -- Up-to-date: /home/eypan/turtle_follow_ws/install/turtle_interfaces/include/turtle_interfaces/turtle_interfaces/msg/detail/string_array__rosidl_typesupport_introspection_c.h
[1.010s] -- Up-to-date: /home/eypan/turtle_follow_ws/install/turtle_interfaces/include/turtle_interfaces/turtle_interfaces/msg/rosidl_typesupport_introspection_c__visibility_control.h
[1.010s] -- Up-to-date: /home/eypan/turtle_follow_ws/install/turtle_interfaces/include/turtle_interfaces/turtle_interfaces/srv
[1.010s] -- Up-to-date: /home/eypan/turtle_follow_ws/install/turtle_interfaces/include/turtle_interfaces/turtle_interfaces/srv/detail
[1.010s] -- Up-to-date: /home/eypan/turtle_follow_ws/install/turtle_interfaces/include/turtle_interfaces/turtle_interfaces/srv/detail/turtle_follow__type_support.c
[1.011s] -- Up-to-date: /home/eypan/turtle_follow_ws/install/turtle_interfaces/include/turtle_interfaces/turtle_interfaces/srv/detail/turtle_create__rosidl_typesupport_introspection_c.h
[1.011s] -- Up-to-date: /home/eypan/turtle_follow_ws/install/turtle_interfaces/include/turtle_interfaces/turtle_interfaces/srv/detail/turtle_follow__rosidl_typesupport_introspection_c.h
[1.011s] -- Up-to-date: /home/eypan/turtle_follow_ws/install/turtle_interfaces/include/turtle_interfaces/turtle_interfaces/srv/detail/turtle_create__type_support.c
[1.011s] -- Up-to-date: /home/eypan/turtle_follow_ws/install/turtle_interfaces/lib/libturtle_interfaces__rosidl_typesupport_introspection_c.so
[1.011s] -- Up-to-date: /home/eypan/turtle_follow_ws/install/turtle_interfaces/lib/libturtle_interfaces__rosidl_typesupport_c.so
[1.011s] -- Up-to-date: /home/eypan/turtle_follow_ws/install/turtle_interfaces/include/turtle_interfaces/turtle_interfaces
[1.011s] -- Up-to-date: /home/eypan/turtle_follow_ws/install/turtle_interfaces/include/turtle_interfaces/turtle_interfaces/msg
[1.011s] -- Up-to-date: /home/eypan/turtle_follow_ws/install/turtle_interfaces/include/turtle_interfaces/turtle_interfaces/msg/turtle_follow.hpp
[1.012s] -- Up-to-date: /home/eypan/turtle_follow_ws/install/turtle_interfaces/include/turtle_interfaces/turtle_interfaces/msg/detail
[1.012s] -- Up-to-date: /home/eypan/turtle_follow_ws/install/turtle_interfaces/include/turtle_interfaces/turtle_interfaces/msg/detail/string_array__traits.hpp
[1.012s] -- Up-to-date: /home/eypan/turtle_follow_ws/install/turtle_interfaces/include/turtle_interfaces/turtle_interfaces/msg/detail/turtle_follow__traits.hpp
[1.012s] -- Up-to-date: /home/eypan/turtle_follow_ws/install/turtle_interfaces/include/turtle_interfaces/turtle_interfaces/msg/detail/string_array__builder.hpp
[1.012s] -- Up-to-date: /home/eypan/turtle_follow_ws/install/turtle_interfaces/include/turtle_interfaces/turtle_interfaces/msg/detail/string_array__struct.hpp
[1.012s] -- Up-to-date: /home/eypan/turtle_follow_ws/install/turtle_interfaces/include/turtle_interfaces/turtle_interfaces/msg/detail/turtle_follow__struct.hpp
[1.012s] -- Up-to-date: /home/eypan/turtle_follow_ws/install/turtle_interfaces/include/turtle_interfaces/turtle_interfaces/msg/detail/turtle_follow__builder.hpp
[1.012s] -- Up-to-date: /home/eypan/turtle_follow_ws/install/turtle_interfaces/include/turtle_interfaces/turtle_interfaces/msg/string_array.hpp
[1.012s] -- Up-to-date: /home/eypan/turtle_follow_ws/install/turtle_interfaces/include/turtle_interfaces/turtle_interfaces/srv
[1.013s] -- Up-to-date: /home/eypan/turtle_follow_ws/install/turtle_interfaces/include/turtle_interfaces/turtle_interfaces/srv/turtle_create.hpp
[1.013s] -- Up-to-date: /home/eypan/turtle_follow_ws/install/turtle_interfaces/include/turtle_interfaces/turtle_interfaces/srv/turtle_follow.hpp
[1.013s] -- Up-to-date: /home/eypan/turtle_follow_ws/install/turtle_interfaces/include/turtle_interfaces/turtle_interfaces/srv/detail
[1.013s] -- Up-to-date: /home/eypan/turtle_follow_ws/install/turtle_interfaces/include/turtle_interfaces/turtle_interfaces/srv/detail/turtle_create__traits.hpp
[1.013s] -- Up-to-date: /home/eypan/turtle_follow_ws/install/turtle_interfaces/include/turtle_interfaces/turtle_interfaces/srv/detail/turtle_follow__traits.hpp
[1.013s] -- Up-to-date: /home/eypan/turtle_follow_ws/install/turtle_interfaces/include/turtle_interfaces/turtle_interfaces/srv/detail/turtle_create__struct.hpp
[1.013s] -- Up-to-date: /home/eypan/turtle_follow_ws/install/turtle_interfaces/include/turtle_interfaces/turtle_interfaces/srv/detail/turtle_follow__struct.hpp
[1.013s] -- Up-to-date: /home/eypan/turtle_follow_ws/install/turtle_interfaces/include/turtle_interfaces/turtle_interfaces/srv/detail/turtle_follow__builder.hpp
[1.013s] -- Up-to-date: /home/eypan/turtle_follow_ws/install/turtle_interfaces/include/turtle_interfaces/turtle_interfaces/srv/detail/turtle_create__builder.hpp
[1.014s] -- Up-to-date: /home/eypan/turtle_follow_ws/install/turtle_interfaces/include/turtle_interfaces/turtle_interfaces
[1.014s] -- Up-to-date: /home/eypan/turtle_follow_ws/install/turtle_interfaces/include/turtle_interfaces/turtle_interfaces/msg
[1.014s] -- Up-to-date: /home/eypan/turtle_follow_ws/install/turtle_interfaces/include/turtle_interfaces/turtle_interfaces/msg/detail
[1.014s] -- Up-to-date: /home/eypan/turtle_follow_ws/install/turtle_interfaces/include/turtle_interfaces/turtle_interfaces/msg/detail/turtle_follow__rosidl_typesupport_fastrtps_cpp.hpp
[1.014s] -- Up-to-date: /home/eypan/turtle_follow_ws/install/turtle_interfaces/include/turtle_interfaces/turtle_interfaces/msg/detail/dds_fastrtps
[1.014s] -- Up-to-date: /home/eypan/turtle_follow_ws/install/turtle_interfaces/include/turtle_interfaces/turtle_interfaces/msg/detail/string_array__rosidl_typesupport_fastrtps_cpp.hpp
[1.014s] -- Up-to-date: /home/eypan/turtle_follow_ws/install/turtle_interfaces/include/turtle_interfaces/turtle_interfaces/msg/rosidl_typesupport_fastrtps_cpp__visibility_control.h
[1.014s] -- Up-to-date: /home/eypan/turtle_follow_ws/install/turtle_interfaces/include/turtle_interfaces/turtle_interfaces/srv
[1.014s] -- Up-to-date: /home/eypan/turtle_follow_ws/install/turtle_interfaces/include/turtle_interfaces/turtle_interfaces/srv/detail
[1.015s] -- Up-to-date: /home/eypan/turtle_follow_ws/install/turtle_interfaces/include/turtle_interfaces/turtle_interfaces/srv/detail/turtle_follow__rosidl_typesupport_fastrtps_cpp.hpp
[1.015s] -- Up-to-date: /home/eypan/turtle_follow_ws/install/turtle_interfaces/include/turtle_interfaces/turtle_interfaces/srv/detail/dds_fastrtps
[1.015s] -- Up-to-date: /home/eypan/turtle_follow_ws/install/turtle_interfaces/include/turtle_interfaces/turtle_interfaces/srv/detail/turtle_create__rosidl_typesupport_fastrtps_cpp.hpp
[1.015s] -- Up-to-date: /home/eypan/turtle_follow_ws/install/turtle_interfaces/lib/libturtle_interfaces__rosidl_typesupport_fastrtps_cpp.so
[1.015s] -- Up-to-date: /home/eypan/turtle_follow_ws/install/turtle_interfaces/include/turtle_interfaces/turtle_interfaces
[1.015s] -- Up-to-date: /home/eypan/turtle_follow_ws/install/turtle_interfaces/include/turtle_interfaces/turtle_interfaces/msg
[1.015s] -- Up-to-date: /home/eypan/turtle_follow_ws/install/turtle_interfaces/include/turtle_interfaces/turtle_interfaces/msg/detail
[1.015s] -- Up-to-date: /home/eypan/turtle_follow_ws/install/turtle_interfaces/include/turtle_interfaces/turtle_interfaces/msg/detail/string_array__type_support.cpp
[1.015s] -- Up-to-date: /home/eypan/turtle_follow_ws/install/turtle_interfaces/include/turtle_interfaces/turtle_interfaces/msg/detail/turtle_follow__type_support.cpp
[1.016s] -- Up-to-date: /home/eypan/turtle_follow_ws/install/turtle_interfaces/include/turtle_interfaces/turtle_interfaces/msg/detail/string_array__rosidl_typesupport_introspection_cpp.hpp
[1.016s] -- Up-to-date: /home/eypan/turtle_follow_ws/install/turtle_interfaces/include/turtle_interfaces/turtle_interfaces/msg/detail/turtle_follow__rosidl_typesupport_introspection_cpp.hpp
[1.016s] -- Up-to-date: /home/eypan/turtle_follow_ws/install/turtle_interfaces/include/turtle_interfaces/turtle_interfaces/srv
[1.016s] -- Up-to-date: /home/eypan/turtle_follow_ws/install/turtle_interfaces/include/turtle_interfaces/turtle_interfaces/srv/detail
[1.016s] -- Up-to-date: /home/eypan/turtle_follow_ws/install/turtle_interfaces/include/turtle_interfaces/turtle_interfaces/srv/detail/turtle_follow__type_support.cpp
[1.016s] -- Up-to-date: /home/eypan/turtle_follow_ws/install/turtle_interfaces/include/turtle_interfaces/turtle_interfaces/srv/detail/turtle_create__type_support.cpp
[1.016s] -- Up-to-date: /home/eypan/turtle_follow_ws/install/turtle_interfaces/include/turtle_interfaces/turtle_interfaces/srv/detail/turtle_create__rosidl_typesupport_introspection_cpp.hpp
[1.016s] -- Up-to-date: /home/eypan/turtle_follow_ws/install/turtle_interfaces/include/turtle_interfaces/turtle_interfaces/srv/detail/turtle_follow__rosidl_typesupport_introspection_cpp.hpp
[1.016s] -- Up-to-date: /home/eypan/turtle_follow_ws/install/turtle_interfaces/lib/libturtle_interfaces__rosidl_typesupport_introspection_cpp.so
[1.017s] -- Up-to-date: /home/eypan/turtle_follow_ws/install/turtle_interfaces/lib/libturtle_interfaces__rosidl_typesupport_cpp.so
[1.017s] -- Up-to-date: /home/eypan/turtle_follow_ws/install/turtle_interfaces/share/turtle_interfaces/environment/pythonpath.sh
[1.017s] -- Up-to-date: /home/eypan/turtle_follow_ws/install/turtle_interfaces/share/turtle_interfaces/environment/pythonpath.dsv
[1.017s] -- Up-to-date: /home/eypan/turtle_follow_ws/install/turtle_interfaces/local/lib/python3.10/dist-packages/turtle_interfaces-0.0.0-py3.10.egg-info
[1.017s] -- Installing: /home/eypan/turtle_follow_ws/install/turtle_interfaces/local/lib/python3.10/dist-packages/turtle_interfaces-0.0.0-py3.10.egg-info/dependency_links.txt
[1.017s] -- Installing: /home/eypan/turtle_follow_ws/install/turtle_interfaces/local/lib/python3.10/dist-packages/turtle_interfaces-0.0.0-py3.10.egg-info/PKG-INFO
[1.017s] -- Installing: /home/eypan/turtle_follow_ws/install/turtle_interfaces/local/lib/python3.10/dist-packages/turtle_interfaces-0.0.0-py3.10.egg-info/SOURCES.txt
[1.017s] -- Installing: /home/eypan/turtle_follow_ws/install/turtle_interfaces/local/lib/python3.10/dist-packages/turtle_interfaces-0.0.0-py3.10.egg-info/top_level.txt
[1.017s] -- Up-to-date: /home/eypan/turtle_follow_ws/install/turtle_interfaces/local/lib/python3.10/dist-packages/turtle_interfaces
[1.018s] -- Up-to-date: /home/eypan/turtle_follow_ws/install/turtle_interfaces/local/lib/python3.10/dist-packages/turtle_interfaces/__init__.py
[1.018s] -- Up-to-date: /home/eypan/turtle_follow_ws/install/turtle_interfaces/local/lib/python3.10/dist-packages/turtle_interfaces/msg
[1.018s] -- Up-to-date: /home/eypan/turtle_follow_ws/install/turtle_interfaces/local/lib/python3.10/dist-packages/turtle_interfaces/msg/_turtle_follow.py
[1.018s] -- Up-to-date: /home/eypan/turtle_follow_ws/install/turtle_interfaces/local/lib/python3.10/dist-packages/turtle_interfaces/msg/__init__.py
[1.018s] -- Up-to-date: /home/eypan/turtle_follow_ws/install/turtle_interfaces/local/lib/python3.10/dist-packages/turtle_interfaces/msg/_string_array_s.c
[1.018s] -- Up-to-date: /home/eypan/turtle_follow_ws/install/turtle_interfaces/local/lib/python3.10/dist-packages/turtle_interfaces/msg/_turtle_follow_s.c
[1.018s] -- Up-to-date: /home/eypan/turtle_follow_ws/install/turtle_interfaces/local/lib/python3.10/dist-packages/turtle_interfaces/msg/_string_array.py
[1.018s] -- Up-to-date: /home/eypan/turtle_follow_ws/install/turtle_interfaces/local/lib/python3.10/dist-packages/turtle_interfaces/_turtle_interfaces_s.ep.rosidl_typesupport_fastrtps_c.c
[1.018s] -- Up-to-date: /home/eypan/turtle_follow_ws/install/turtle_interfaces/local/lib/python3.10/dist-packages/turtle_interfaces/turtle_interfaces_s__rosidl_typesupport_fastrtps_c.cpython-310-x86_64-linux-gnu.so
[1.019s] -- Up-to-date: /home/eypan/turtle_follow_ws/install/turtle_interfaces/local/lib/python3.10/dist-packages/turtle_interfaces/turtle_interfaces_s__rosidl_typesupport_c.cpython-310-x86_64-linux-gnu.so
[1.019s] -- Up-to-date: /home/eypan/turtle_follow_ws/install/turtle_interfaces/local/lib/python3.10/dist-packages/turtle_interfaces/srv
[1.019s] -- Up-to-date: /home/eypan/turtle_follow_ws/install/turtle_interfaces/local/lib/python3.10/dist-packages/turtle_interfaces/srv/_turtle_follow.py
[1.019s] -- Up-to-date: /home/eypan/turtle_follow_ws/install/turtle_interfaces/local/lib/python3.10/dist-packages/turtle_interfaces/srv/__init__.py
[1.019s] -- Up-to-date: /home/eypan/turtle_follow_ws/install/turtle_interfaces/local/lib/python3.10/dist-packages/turtle_interfaces/srv/_turtle_create_s.c
[1.019s] -- Up-to-date: /home/eypan/turtle_follow_ws/install/turtle_interfaces/local/lib/python3.10/dist-packages/turtle_interfaces/srv/_turtle_create.py
[1.019s] -- Up-to-date: /home/eypan/turtle_follow_ws/install/turtle_interfaces/local/lib/python3.10/dist-packages/turtle_interfaces/srv/_turtle_follow_s.c
[1.019s] -- Up-to-date: /home/eypan/turtle_follow_ws/install/turtle_interfaces/local/lib/python3.10/dist-packages/turtle_interfaces/libturtle_interfaces__rosidl_generator_py.so
[1.019s] -- Up-to-date: /home/eypan/turtle_follow_ws/install/turtle_interfaces/local/lib/python3.10/dist-packages/turtle_interfaces/_turtle_interfaces_s.ep.rosidl_typesupport_c.c
[1.020s] -- Up-to-date: /home/eypan/turtle_follow_ws/install/turtle_interfaces/local/lib/python3.10/dist-packages/turtle_interfaces/turtle_interfaces_s__rosidl_typesupport_introspection_c.cpython-310-x86_64-linux-gnu.so
[1.020s] -- Up-to-date: /home/eypan/turtle_follow_ws/install/turtle_interfaces/local/lib/python3.10/dist-packages/turtle_interfaces/_turtle_interfaces_s.ep.rosidl_typesupport_introspection_c.c
[1.075s] Listing '/home/eypan/turtle_follow_ws/install/turtle_interfaces/local/lib/python3.10/dist-packages/turtle_interfaces'...
[1.075s] Listing '/home/eypan/turtle_follow_ws/install/turtle_interfaces/local/lib/python3.10/dist-packages/turtle_interfaces/msg'...
[1.076s] Listing '/home/eypan/turtle_follow_ws/install/turtle_interfaces/local/lib/python3.10/dist-packages/turtle_interfaces/srv'...
[1.083s] -- Up-to-date: /home/eypan/turtle_follow_ws/install/turtle_interfaces/local/lib/python3.10/dist-packages/turtle_interfaces/turtle_interfaces_s__rosidl_typesupport_fastrtps_c.cpython-310-x86_64-linux-gnu.so
[1.083s] -- Up-to-date: /home/eypan/turtle_follow_ws/install/turtle_interfaces/local/lib/python3.10/dist-packages/turtle_interfaces/turtle_interfaces_s__rosidl_typesupport_introspection_c.cpython-310-x86_64-linux-gnu.so
[1.084s] -- Up-to-date: /home/eypan/turtle_follow_ws/install/turtle_interfaces/local/lib/python3.10/dist-packages/turtle_interfaces/turtle_interfaces_s__rosidl_typesupport_c.cpython-310-x86_64-linux-gnu.so
[1.084s] -- Up-to-date: /home/eypan/turtle_follow_ws/install/turtle_interfaces/lib/libturtle_interfaces__rosidl_generator_py.so
[1.084s] -- Up-to-date: /home/eypan/turtle_follow_ws/install/turtle_interfaces/share/turtle_interfaces/srv/TurtleCreate.idl
[1.084s] -- Up-to-date: /home/eypan/turtle_follow_ws/install/turtle_interfaces/share/turtle_interfaces/srv/TurtleFollow.idl
[1.085s] -- Up-to-date: /home/eypan/turtle_follow_ws/install/turtle_interfaces/share/turtle_interfaces/msg/StringArray.idl
[1.086s] -- Up-to-date: /home/eypan/turtle_follow_ws/install/turtle_interfaces/share/turtle_interfaces/srv/TurtleCreate.srv
[1.086s] -- Up-to-date: /home/eypan/turtle_follow_ws/install/turtle_interfaces/share/turtle_interfaces/srv/TurtleCreate_Request.msg
[1.086s] -- Up-to-date: /home/eypan/turtle_follow_ws/install/turtle_interfaces/share/turtle_interfaces/srv/TurtleCreate_Response.msg
[1.086s] -- Up-to-date: /home/eypan/turtle_follow_ws/install/turtle_interfaces/share/turtle_interfaces/srv/TurtleFollow.srv
[1.087s] -- Up-to-date: /home/eypan/turtle_follow_ws/install/turtle_interfaces/share/turtle_interfaces/srv/TurtleFollow_Request.msg
[1.087s] -- Up-to-date: /home/eypan/turtle_follow_ws/install/turtle_interfaces/share/turtle_interfaces/srv/TurtleFollow_Response.msg
[1.087s] -- Up-to-date: /home/eypan/turtle_follow_ws/install/turtle_interfaces/share/turtle_interfaces/msg/StringArray.msg
[1.087s] -- Up-to-date: /home/eypan/turtle_follow_ws/install/turtle_interfaces/share/ament_index/resource_index/package_run_dependencies/turtle_interfaces
[1.087s] -- Up-to-date: /home/eypan/turtle_follow_ws/install/turtle_interfaces/share/ament_index/resource_index/parent_prefix_path/turtle_interfaces
[1.088s] -- Up-to-date: /home/eypan/turtle_follow_ws/install/turtle_interfaces/share/turtle_interfaces/environment/ament_prefix_path.sh
[1.088s] -- Up-to-date: /home/eypan/turtle_follow_ws/install/turtle_interfaces/share/turtle_interfaces/environment/ament_prefix_path.dsv
[1.088s] -- Up-to-date: /home/eypan/turtle_follow_ws/install/turtle_interfaces/share/turtle_interfaces/environment/path.sh
[1.088s] -- Up-to-date: /home/eypan/turtle_follow_ws/install/turtle_interfaces/share/turtle_interfaces/environment/path.dsv
[1.089s] -- Up-to-date: /home/eypan/turtle_follow_ws/install/turtle_interfaces/share/turtle_interfaces/local_setup.bash
[1.089s] -- Up-to-date: /home/eypan/turtle_follow_ws/install/turtle_interfaces/share/turtle_interfaces/local_setup.sh
[1.089s] -- Up-to-date: /home/eypan/turtle_follow_ws/install/turtle_interfaces/share/turtle_interfaces/local_setup.zsh
[1.089s] -- Up-to-date: /home/eypan/turtle_follow_ws/install/turtle_interfaces/share/turtle_interfaces/local_setup.dsv
[1.090s] -- Installing: /home/eypan/turtle_follow_ws/install/turtle_interfaces/share/turtle_interfaces/package.dsv
[1.090s] -- Up-to-date: /home/eypan/turtle_follow_ws/install/turtle_interfaces/share/ament_index/resource_index/packages/turtle_interfaces
[1.090s] -- Up-to-date: /home/eypan/turtle_follow_ws/install/turtle_interfaces/share/turtle_interfaces/cmake/export_turtle_interfaces__rosidl_generator_cExport.cmake
[1.091s] -- Up-to-date: /home/eypan/turtle_follow_ws/install/turtle_interfaces/share/turtle_interfaces/cmake/export_turtle_interfaces__rosidl_generator_cExport-noconfig.cmake
[1.091s] -- Up-to-date: /home/eypan/turtle_follow_ws/install/turtle_interfaces/share/turtle_interfaces/cmake/export_turtle_interfaces__rosidl_typesupport_fastrtps_cExport.cmake
[1.091s] -- Up-to-date: /home/eypan/turtle_follow_ws/install/turtle_interfaces/share/turtle_interfaces/cmake/export_turtle_interfaces__rosidl_typesupport_fastrtps_cExport-noconfig.cmake
[1.091s] -- Up-to-date: /home/eypan/turtle_follow_ws/install/turtle_interfaces/share/turtle_interfaces/cmake/turtle_interfaces__rosidl_typesupport_introspection_cExport.cmake
[1.091s] -- Up-to-date: /home/eypan/turtle_follow_ws/install/turtle_interfaces/share/turtle_interfaces/cmake/turtle_interfaces__rosidl_typesupport_introspection_cExport-noconfig.cmake
[1.091s] -- Up-to-date: /home/eypan/turtle_follow_ws/install/turtle_interfaces/share/turtle_interfaces/cmake/turtle_interfaces__rosidl_typesupport_cExport.cmake
[1.092s] -- Up-to-date: /home/eypan/turtle_follow_ws/install/turtle_interfaces/share/turtle_interfaces/cmake/turtle_interfaces__rosidl_typesupport_cExport-noconfig.cmake
[1.092s] -- Up-to-date: /home/eypan/turtle_follow_ws/install/turtle_interfaces/share/turtle_interfaces/cmake/export_turtle_interfaces__rosidl_generator_cppExport.cmake
[1.092s] -- Up-to-date: /home/eypan/turtle_follow_ws/install/turtle_interfaces/share/turtle_interfaces/cmake/export_turtle_interfaces__rosidl_typesupport_fastrtps_cppExport.cmake
[1.092s] -- Up-to-date: /home/eypan/turtle_follow_ws/install/turtle_interfaces/share/turtle_interfaces/cmake/export_turtle_interfaces__rosidl_typesupport_fastrtps_cppExport-noconfig.cmake
[1.092s] -- Up-to-date: /home/eypan/turtle_follow_ws/install/turtle_interfaces/share/turtle_interfaces/cmake/turtle_interfaces__rosidl_typesupport_introspection_cppExport.cmake
[1.093s] -- Up-to-date: /home/eypan/turtle_follow_ws/install/turtle_interfaces/share/turtle_interfaces/cmake/turtle_interfaces__rosidl_typesupport_introspection_cppExport-noconfig.cmake
[1.093s] -- Up-to-date: /home/eypan/turtle_follow_ws/install/turtle_interfaces/share/turtle_interfaces/cmake/turtle_interfaces__rosidl_typesupport_cppExport.cmake
[1.093s] -- Up-to-date: /home/eypan/turtle_follow_ws/install/turtle_interfaces/share/turtle_interfaces/cmake/turtle_interfaces__rosidl_typesupport_cppExport-noconfig.cmake
[1.093s] -- Up-to-date: /home/eypan/turtle_follow_ws/install/turtle_interfaces/share/turtle_interfaces/cmake/export_turtle_interfaces__rosidl_generator_pyExport.cmake
[1.093s] -- Up-to-date: /home/eypan/turtle_follow_ws/install/turtle_interfaces/share/turtle_interfaces/cmake/export_turtle_interfaces__rosidl_generator_pyExport-noconfig.cmake
[1.093s] -- Up-to-date: /home/eypan/turtle_follow_ws/install/turtle_interfaces/share/turtle_interfaces/cmake/rosidl_cmake-extras.cmake
[1.094s] -- Up-to-date: /home/eypan/turtle_follow_ws/install/turtle_interfaces/share/turtle_interfaces/cmake/ament_cmake_export_include_directories-extras.cmake
[1.094s] -- Up-to-date: /home/eypan/turtle_follow_ws/install/turtle_interfaces/share/turtle_interfaces/cmake/ament_cmake_export_libraries-extras.cmake
[1.094s] -- Up-to-date: /home/eypan/turtle_follow_ws/install/turtle_interfaces/share/turtle_interfaces/cmake/ament_cmake_export_targets-extras.cmake
[1.094s] -- Up-to-date: /home/eypan/turtle_follow_ws/install/turtle_interfaces/share/turtle_interfaces/cmake/rosidl_cmake_export_typesupport_targets-extras.cmake
[1.094s] -- Up-to-date: /home/eypan/turtle_follow_ws/install/turtle_interfaces/share/turtle_interfaces/cmake/ament_cmake_export_dependencies-extras.cmake
[1.095s] -- Up-to-date: /home/eypan/turtle_follow_ws/install/turtle_interfaces/share/turtle_interfaces/cmake/rosidl_cmake_export_typesupport_libraries-extras.cmake
[1.096s] -- Up-to-date: /home/eypan/turtle_follow_ws/install/turtle_interfaces/share/turtle_interfaces/cmake/turtle_interfacesConfig.cmake
[1.096s] -- Up-to-date: /home/eypan/turtle_follow_ws/install/turtle_interfaces/share/turtle_interfaces/cmake/turtle_interfacesConfig-version.cmake
[1.096s] -- Up-to-date: /home/eypan/turtle_follow_ws/install/turtle_interfaces/share/turtle_interfaces/package.xml
[1.097s] Invoked command in '/home/eypan/turtle_follow_ws/build/turtle_interfaces' returned '0': CMAKE_PREFIX_PATH=${CMAKE_PREFIX_PATH}:/home/eypan/turtle_follow_ws/install/turtle_control:/home/eypan/install/tutorial_interfaces:/home/eypan/ros2_ws/install/perception:/home/eypan/ros2_ws/install/brain:/home/eypan/ros2_ws/install/actuation:/opt/ros/humble /usr/bin/cmake --install /home/eypan/turtle_follow_ws/build/turtle_interfaces
