[0.009s] Invoking command in '/home/eypan/turtle_follow_ws/build/turtle_interfaces': CMAKE_PREFIX_PATH=${CMAKE_PREFIX_PATH}:/home/eypan/turtle_follow_ws/install/turtle_control:/home/eypan/install/tutorial_interfaces:/home/eypan/ros2_ws/install/perception:/home/eypan/ros2_ws/install/brain:/home/eypan/ros2_ws/install/actuation:/opt/ros/humble /usr/bin/cmake --build /home/eypan/turtle_follow_ws/build/turtle_interfaces -- -j8 -l8
[0.031s] -- Found ament_cmake: 1.3.9 (/opt/ros/humble/share/ament_cmake/cmake)
[0.127s] -- Found rosidl_default_generators: 1.2.0 (/opt/ros/humble/share/rosidl_default_generators/cmake)
[0.129s] -- Using all available rosidl_typesupport_c: rosidl_typesupport_fastrtps_c;rosidl_typesupport_introspection_c
[0.132s] -- Found rosidl_adapter: 3.1.5 (/opt/ros/humble/share/rosidl_adapter/cmake)
[0.159s] -- Using all available rosidl_typesupport_cpp: rosidl_typesupport_fastrtps_cpp;rosidl_typesupport_introspection_cpp
[0.365s] -- Found ament_cmake_ros: 0.10.0 (/opt/ros/humble/share/ament_cmake_ros/cmake)
[0.491s] -- Using all available rosidl_typesupport_c: rosidl_typesupport_fastrtps_c;rosidl_typesupport_introspection_c
[0.651s] -- Using all available rosidl_typesupport_cpp: rosidl_typesupport_fastrtps_cpp;rosidl_typesupport_introspection_cpp
[0.668s] -- Found python_cmake_module: 0.10.0 (/opt/ros/humble/share/python_cmake_module/cmake)
[0.684s] -- Using PYTHON_EXECUTABLE: /usr/bin/python3
[0.684s] -- Using PYTHON_INCLUDE_DIRS: /usr/include/python3.10
[0.684s] -- Using PYTHON_LIBRARIES: /usr/lib/x86_64-linux-gnu/libpython3.10.so
[0.699s] -- Configuring done
[0.722s] -- Generating done
[0.723s] -- Build files have been written to: /home/eypan/turtle_follow_ws/build/turtle_interfaces
[0.740s] [35m[1mConsolidate compiler generated dependencies of target turtle_interfaces__rosidl_generator_c[0m
[0.747s] [  3%] Built target turtle_interfaces__cpp
[0.748s] [ 12%] Built target turtle_interfaces__rosidl_generator_c
[0.773s] [35m[1mConsolidate compiler generated dependencies of target turtle_interfaces__rosidl_typesupport_introspection_cpp[0m
[0.773s] [35m[1mConsolidate compiler generated dependencies of target turtle_interfaces__rosidl_typesupport_fastrtps_cpp[0m
[0.773s] [ 12%] Built target ament_cmake_python_copy_turtle_interfaces
[0.773s] [35m[1mConsolidate compiler generated dependencies of target turtle_interfaces__rosidl_typesupport_introspection_c[0m
[0.774s] [35m[1mConsolidate compiler generated dependencies of target turtle_interfaces__rosidl_typesupport_cpp[0m
[0.774s] [35m[1mConsolidate compiler generated dependencies of target turtle_interfaces__rosidl_typesupport_fastrtps_c[0m
[0.774s] [35m[1mConsolidate compiler generated dependencies of target turtle_interfaces__rosidl_typesupport_c[0m
[0.786s] [ 32%] Built target turtle_interfaces__rosidl_typesupport_introspection_c
[0.787s] [ 41%] Built target turtle_interfaces__rosidl_typesupport_introspection_cpp
[0.787s] [ 32%] Built target turtle_interfaces__rosidl_typesupport_c
[0.787s] [ 51%] Built target turtle_interfaces__rosidl_typesupport_fastrtps_cpp
[0.788s] [ 61%] Built target turtle_interfaces__rosidl_typesupport_cpp
[0.788s] [ 70%] Built target turtle_interfaces__rosidl_typesupport_fastrtps_c
[0.802s] [ 70%] Built target turtle_interfaces
[0.816s] [ 74%] Built target turtle_interfaces__py
[0.823s] [35m[1mConsolidate compiler generated dependencies of target turtle_interfaces__rosidl_generator_py[0m
[0.832s] [ 80%] Built target turtle_interfaces__rosidl_generator_py
[0.840s] [35m[1mConsolidate compiler generated dependencies of target turtle_interfaces__rosidl_typesupport_introspection_c__pyext[0m
[0.840s] [35m[1mConsolidate compiler generated dependencies of target turtle_interfaces__rosidl_typesupport_fastrtps_c__pyext[0m
[0.842s] [35m[1mConsolidate compiler generated dependencies of target turtle_interfaces__rosidl_typesupport_c__pyext[0m
[0.850s] [ 87%] Built target turtle_interfaces__rosidl_typesupport_fastrtps_c__pyext
[0.851s] [ 93%] Built target turtle_interfaces__rosidl_typesupport_introspection_c__pyext
[0.856s] [100%] Built target turtle_interfaces__rosidl_typesupport_c__pyext
[0.977s] running egg_info
[0.977s] writing turtle_interfaces.egg-info/PKG-INFO
[0.978s] writing dependency_links to turtle_interfaces.egg-info/dependency_links.txt
[0.978s] writing top-level names to turtle_interfaces.egg-info/top_level.txt
[0.980s] reading manifest file 'turtle_interfaces.egg-info/SOURCES.txt'
[0.980s] writing manifest file 'turtle_interfaces.egg-info/SOURCES.txt'
[0.999s] [100%] Built target ament_cmake_python_build_turtle_interfaces_egg
[1.006s] Invoked command in '/home/eypan/turtle_follow_ws/build/turtle_interfaces' returned '0': CMAKE_PREFIX_PATH=${CMAKE_PREFIX_PATH}:/home/eypan/turtle_follow_ws/install/turtle_control:/home/eypan/install/tutorial_interfaces:/home/eypan/ros2_ws/install/perception:/home/eypan/ros2_ws/install/brain:/home/eypan/ros2_ws/install/actuation:/opt/ros/humble /usr/bin/cmake --build /home/eypan/turtle_follow_ws/build/turtle_interfaces -- -j8 -l8
[1.050s] Invoking command in '/home/eypan/turtle_follow_ws/build/turtle_interfaces': CMAKE_PREFIX_PATH=${CMAKE_PREFIX_PATH}:/home/eypan/turtle_follow_ws/install/turtle_control:/home/eypan/install/tutorial_interfaces:/home/eypan/ros2_ws/install/perception:/home/eypan/ros2_ws/install/brain:/home/eypan/ros2_ws/install/actuation:/opt/ros/humble /usr/bin/cmake --install /home/eypan/turtle_follow_ws/build/turtle_interfaces
[1.055s] -- Install configuration: ""
[1.055s] -- Up-to-date: /home/eypan/turtle_follow_ws/install/turtle_interfaces/share/ament_index/resource_index/rosidl_interfaces/turtle_interfaces
[1.055s] -- Up-to-date: /home/eypan/turtle_follow_ws/install/turtle_interfaces/include/turtle_interfaces/turtle_interfaces
[1.055s] -- Up-to-date: /home/eypan/turtle_follow_ws/install/turtle_interfaces/include/turtle_interfaces/turtle_interfaces/msg
[1.055s] -- Up-to-date: /home/eypan/turtle_follow_ws/install/turtle_interfaces/include/turtle_interfaces/turtle_interfaces/msg/rosidl_generator_c__visibility_control.h
[1.055s] -- Up-to-date: /home/eypan/turtle_follow_ws/install/turtle_interfaces/include/turtle_interfaces/turtle_interfaces/srv
[1.055s] -- Up-to-date: /home/eypan/turtle_follow_ws/install/turtle_interfaces/include/turtle_interfaces/turtle_interfaces/srv/turtle_create.h
[1.055s] -- Up-to-date: /home/eypan/turtle_follow_ws/install/turtle_interfaces/include/turtle_interfaces/turtle_interfaces/srv/detail
[1.055s] -- Up-to-date: /home/eypan/turtle_follow_ws/install/turtle_interfaces/include/turtle_interfaces/turtle_interfaces/srv/detail/turtle_create__type_support.h
[1.055s] -- Up-to-date: /home/eypan/turtle_follow_ws/install/turtle_interfaces/include/turtle_interfaces/turtle_interfaces/srv/detail/turtle_create__functions.c
[1.055s] -- Up-to-date: /home/eypan/turtle_follow_ws/install/turtle_interfaces/include/turtle_interfaces/turtle_interfaces/srv/detail/turtle_create__struct.h
[1.055s] -- Up-to-date: /home/eypan/turtle_follow_ws/install/turtle_interfaces/include/turtle_interfaces/turtle_interfaces/srv/detail/turtle_create__functions.h
[1.056s] -- Up-to-date: /home/eypan/turtle_follow_ws/install/turtle_interfaces/share/turtle_interfaces/environment/library_path.sh
[1.056s] -- Installing: /home/eypan/turtle_follow_ws/install/turtle_interfaces/share/turtle_interfaces/environment/library_path.dsv
[1.056s] -- Up-to-date: /home/eypan/turtle_follow_ws/install/turtle_interfaces/lib/libturtle_interfaces__rosidl_generator_c.so
[1.056s] -- Up-to-date: /home/eypan/turtle_follow_ws/install/turtle_interfaces/include/turtle_interfaces/turtle_interfaces
[1.056s] -- Up-to-date: /home/eypan/turtle_follow_ws/install/turtle_interfaces/include/turtle_interfaces/turtle_interfaces/msg
[1.056s] -- Up-to-date: /home/eypan/turtle_follow_ws/install/turtle_interfaces/include/turtle_interfaces/turtle_interfaces/msg/rosidl_typesupport_fastrtps_c__visibility_control.h
[1.056s] -- Up-to-date: /home/eypan/turtle_follow_ws/install/turtle_interfaces/include/turtle_interfaces/turtle_interfaces/srv
[1.056s] -- Up-to-date: /home/eypan/turtle_follow_ws/install/turtle_interfaces/include/turtle_interfaces/turtle_interfaces/srv/detail
[1.056s] -- Up-to-date: /home/eypan/turtle_follow_ws/install/turtle_interfaces/include/turtle_interfaces/turtle_interfaces/srv/detail/turtle_create__rosidl_typesupport_fastrtps_c.h
[1.057s] -- Up-to-date: /home/eypan/turtle_follow_ws/install/turtle_interfaces/lib/libturtle_interfaces__rosidl_typesupport_fastrtps_c.so
[1.057s] -- Up-to-date: /home/eypan/turtle_follow_ws/install/turtle_interfaces/include/turtle_interfaces/turtle_interfaces
[1.057s] -- Up-to-date: /home/eypan/turtle_follow_ws/install/turtle_interfaces/include/turtle_interfaces/turtle_interfaces/msg
[1.057s] -- Up-to-date: /home/eypan/turtle_follow_ws/install/turtle_interfaces/include/turtle_interfaces/turtle_interfaces/msg/rosidl_typesupport_introspection_c__visibility_control.h
[1.057s] -- Up-to-date: /home/eypan/turtle_follow_ws/install/turtle_interfaces/include/turtle_interfaces/turtle_interfaces/srv
[1.057s] -- Up-to-date: /home/eypan/turtle_follow_ws/install/turtle_interfaces/include/turtle_interfaces/turtle_interfaces/srv/detail
[1.057s] -- Up-to-date: /home/eypan/turtle_follow_ws/install/turtle_interfaces/include/turtle_interfaces/turtle_interfaces/srv/detail/turtle_create__rosidl_typesupport_introspection_c.h
[1.057s] -- Up-to-date: /home/eypan/turtle_follow_ws/install/turtle_interfaces/include/turtle_interfaces/turtle_interfaces/srv/detail/turtle_create__type_support.c
[1.057s] -- Up-to-date: /home/eypan/turtle_follow_ws/install/turtle_interfaces/lib/libturtle_interfaces__rosidl_typesupport_introspection_c.so
[1.057s] -- Up-to-date: /home/eypan/turtle_follow_ws/install/turtle_interfaces/lib/libturtle_interfaces__rosidl_typesupport_c.so
[1.058s] -- Up-to-date: /home/eypan/turtle_follow_ws/install/turtle_interfaces/include/turtle_interfaces/turtle_interfaces
[1.058s] -- Up-to-date: /home/eypan/turtle_follow_ws/install/turtle_interfaces/include/turtle_interfaces/turtle_interfaces/srv
[1.058s] -- Up-to-date: /home/eypan/turtle_follow_ws/install/turtle_interfaces/include/turtle_interfaces/turtle_interfaces/srv/turtle_create.hpp
[1.058s] -- Up-to-date: /home/eypan/turtle_follow_ws/install/turtle_interfaces/include/turtle_interfaces/turtle_interfaces/srv/detail
[1.058s] -- Up-to-date: /home/eypan/turtle_follow_ws/install/turtle_interfaces/include/turtle_interfaces/turtle_interfaces/srv/detail/turtle_create__traits.hpp
[1.058s] -- Up-to-date: /home/eypan/turtle_follow_ws/install/turtle_interfaces/include/turtle_interfaces/turtle_interfaces/srv/detail/turtle_create__struct.hpp
[1.058s] -- Up-to-date: /home/eypan/turtle_follow_ws/install/turtle_interfaces/include/turtle_interfaces/turtle_interfaces/srv/detail/turtle_create__builder.hpp
[1.058s] -- Up-to-date: /home/eypan/turtle_follow_ws/install/turtle_interfaces/include/turtle_interfaces/turtle_interfaces
[1.058s] -- Up-to-date: /home/eypan/turtle_follow_ws/install/turtle_interfaces/include/turtle_interfaces/turtle_interfaces/msg
[1.058s] -- Up-to-date: /home/eypan/turtle_follow_ws/install/turtle_interfaces/include/turtle_interfaces/turtle_interfaces/msg/rosidl_typesupport_fastrtps_cpp__visibility_control.h
[1.058s] -- Up-to-date: /home/eypan/turtle_follow_ws/install/turtle_interfaces/include/turtle_interfaces/turtle_interfaces/srv
[1.058s] -- Up-to-date: /home/eypan/turtle_follow_ws/install/turtle_interfaces/include/turtle_interfaces/turtle_interfaces/srv/detail
[1.059s] -- Up-to-date: /home/eypan/turtle_follow_ws/install/turtle_interfaces/include/turtle_interfaces/turtle_interfaces/srv/detail/dds_fastrtps
[1.059s] -- Up-to-date: /home/eypan/turtle_follow_ws/install/turtle_interfaces/include/turtle_interfaces/turtle_interfaces/srv/detail/turtle_create__rosidl_typesupport_fastrtps_cpp.hpp
[1.059s] -- Up-to-date: /home/eypan/turtle_follow_ws/install/turtle_interfaces/lib/libturtle_interfaces__rosidl_typesupport_fastrtps_cpp.so
[1.059s] -- Up-to-date: /home/eypan/turtle_follow_ws/install/turtle_interfaces/include/turtle_interfaces/turtle_interfaces
[1.059s] -- Up-to-date: /home/eypan/turtle_follow_ws/install/turtle_interfaces/include/turtle_interfaces/turtle_interfaces/srv
[1.059s] -- Up-to-date: /home/eypan/turtle_follow_ws/install/turtle_interfaces/include/turtle_interfaces/turtle_interfaces/srv/detail
[1.059s] -- Up-to-date: /home/eypan/turtle_follow_ws/install/turtle_interfaces/include/turtle_interfaces/turtle_interfaces/srv/detail/turtle_create__type_support.cpp
[1.059s] -- Up-to-date: /home/eypan/turtle_follow_ws/install/turtle_interfaces/include/turtle_interfaces/turtle_interfaces/srv/detail/turtle_create__rosidl_typesupport_introspection_cpp.hpp
[1.059s] -- Up-to-date: /home/eypan/turtle_follow_ws/install/turtle_interfaces/lib/libturtle_interfaces__rosidl_typesupport_introspection_cpp.so
[1.060s] -- Up-to-date: /home/eypan/turtle_follow_ws/install/turtle_interfaces/lib/libturtle_interfaces__rosidl_typesupport_cpp.so
[1.060s] -- Up-to-date: /home/eypan/turtle_follow_ws/install/turtle_interfaces/share/turtle_interfaces/environment/pythonpath.sh
[1.060s] -- Installing: /home/eypan/turtle_follow_ws/install/turtle_interfaces/share/turtle_interfaces/environment/pythonpath.dsv
[1.060s] -- Up-to-date: /home/eypan/turtle_follow_ws/install/turtle_interfaces/local/lib/python3.10/dist-packages/turtle_interfaces-0.0.0-py3.10.egg-info
[1.060s] -- Installing: /home/eypan/turtle_follow_ws/install/turtle_interfaces/local/lib/python3.10/dist-packages/turtle_interfaces-0.0.0-py3.10.egg-info/dependency_links.txt
[1.060s] -- Installing: /home/eypan/turtle_follow_ws/install/turtle_interfaces/local/lib/python3.10/dist-packages/turtle_interfaces-0.0.0-py3.10.egg-info/PKG-INFO
[1.060s] -- Installing: /home/eypan/turtle_follow_ws/install/turtle_interfaces/local/lib/python3.10/dist-packages/turtle_interfaces-0.0.0-py3.10.egg-info/SOURCES.txt
[1.060s] -- Installing: /home/eypan/turtle_follow_ws/install/turtle_interfaces/local/lib/python3.10/dist-packages/turtle_interfaces-0.0.0-py3.10.egg-info/top_level.txt
[1.060s] -- Up-to-date: /home/eypan/turtle_follow_ws/install/turtle_interfaces/local/lib/python3.10/dist-packages/turtle_interfaces
[1.060s] -- Installing: /home/eypan/turtle_follow_ws/install/turtle_interfaces/local/lib/python3.10/dist-packages/turtle_interfaces/__init__.py
[1.060s] -- Up-to-date: /home/eypan/turtle_follow_ws/install/turtle_interfaces/local/lib/python3.10/dist-packages/turtle_interfaces/_turtle_interfaces_s.ep.rosidl_typesupport_fastrtps_c.c
[1.061s] -- Up-to-date: /home/eypan/turtle_follow_ws/install/turtle_interfaces/local/lib/python3.10/dist-packages/turtle_interfaces/turtle_interfaces_s__rosidl_typesupport_fastrtps_c.cpython-310-x86_64-linux-gnu.so
[1.061s] -- Up-to-date: /home/eypan/turtle_follow_ws/install/turtle_interfaces/local/lib/python3.10/dist-packages/turtle_interfaces/turtle_interfaces_s__rosidl_typesupport_c.cpython-310-x86_64-linux-gnu.so
[1.061s] -- Up-to-date: /home/eypan/turtle_follow_ws/install/turtle_interfaces/local/lib/python3.10/dist-packages/turtle_interfaces/srv
[1.061s] -- Up-to-date: /home/eypan/turtle_follow_ws/install/turtle_interfaces/local/lib/python3.10/dist-packages/turtle_interfaces/srv/__init__.py
[1.061s] -- Up-to-date: /home/eypan/turtle_follow_ws/install/turtle_interfaces/local/lib/python3.10/dist-packages/turtle_interfaces/srv/_turtle_create_s.c
[1.061s] -- Up-to-date: /home/eypan/turtle_follow_ws/install/turtle_interfaces/local/lib/python3.10/dist-packages/turtle_interfaces/srv/_turtle_create.py
[1.061s] -- Up-to-date: /home/eypan/turtle_follow_ws/install/turtle_interfaces/local/lib/python3.10/dist-packages/turtle_interfaces/libturtle_interfaces__rosidl_generator_py.so
[1.061s] -- Up-to-date: /home/eypan/turtle_follow_ws/install/turtle_interfaces/local/lib/python3.10/dist-packages/turtle_interfaces/_turtle_interfaces_s.ep.rosidl_typesupport_c.c
[1.061s] -- Up-to-date: /home/eypan/turtle_follow_ws/install/turtle_interfaces/local/lib/python3.10/dist-packages/turtle_interfaces/turtle_interfaces_s__rosidl_typesupport_introspection_c.cpython-310-x86_64-linux-gnu.so
[1.061s] -- Up-to-date: /home/eypan/turtle_follow_ws/install/turtle_interfaces/local/lib/python3.10/dist-packages/turtle_interfaces/_turtle_interfaces_s.ep.rosidl_typesupport_introspection_c.c
[1.084s] Listing '/home/eypan/turtle_follow_ws/install/turtle_interfaces/local/lib/python3.10/dist-packages/turtle_interfaces'...
[1.084s] Compiling '/home/eypan/turtle_follow_ws/install/turtle_interfaces/local/lib/python3.10/dist-packages/turtle_interfaces/__init__.py'...
[1.084s] Listing '/home/eypan/turtle_follow_ws/install/turtle_interfaces/local/lib/python3.10/dist-packages/turtle_interfaces/srv'...
[1.087s] -- Up-to-date: /home/eypan/turtle_follow_ws/install/turtle_interfaces/local/lib/python3.10/dist-packages/turtle_interfaces/turtle_interfaces_s__rosidl_typesupport_fastrtps_c.cpython-310-x86_64-linux-gnu.so
[1.087s] -- Up-to-date: /home/eypan/turtle_follow_ws/install/turtle_interfaces/local/lib/python3.10/dist-packages/turtle_interfaces/turtle_interfaces_s__rosidl_typesupport_introspection_c.cpython-310-x86_64-linux-gnu.so
[1.088s] -- Up-to-date: /home/eypan/turtle_follow_ws/install/turtle_interfaces/local/lib/python3.10/dist-packages/turtle_interfaces/turtle_interfaces_s__rosidl_typesupport_c.cpython-310-x86_64-linux-gnu.so
[1.088s] -- Up-to-date: /home/eypan/turtle_follow_ws/install/turtle_interfaces/lib/libturtle_interfaces__rosidl_generator_py.so
[1.088s] -- Up-to-date: /home/eypan/turtle_follow_ws/install/turtle_interfaces/share/turtle_interfaces/srv/TurtleCreate.idl
[1.088s] -- Up-to-date: /home/eypan/turtle_follow_ws/install/turtle_interfaces/share/turtle_interfaces/srv/TurtleCreate.srv
[1.088s] -- Up-to-date: /home/eypan/turtle_follow_ws/install/turtle_interfaces/share/turtle_interfaces/srv/TurtleCreate_Request.msg
[1.088s] -- Up-to-date: /home/eypan/turtle_follow_ws/install/turtle_interfaces/share/turtle_interfaces/srv/TurtleCreate_Response.msg
[1.088s] -- Up-to-date: /home/eypan/turtle_follow_ws/install/turtle_interfaces/share/ament_index/resource_index/package_run_dependencies/turtle_interfaces
[1.088s] -- Installing: /home/eypan/turtle_follow_ws/install/turtle_interfaces/share/ament_index/resource_index/parent_prefix_path/turtle_interfaces
[1.088s] -- Up-to-date: /home/eypan/turtle_follow_ws/install/turtle_interfaces/share/turtle_interfaces/environment/ament_prefix_path.sh
[1.088s] -- Installing: /home/eypan/turtle_follow_ws/install/turtle_interfaces/share/turtle_interfaces/environment/ament_prefix_path.dsv
[1.088s] -- Up-to-date: /home/eypan/turtle_follow_ws/install/turtle_interfaces/share/turtle_interfaces/environment/path.sh
[1.089s] -- Installing: /home/eypan/turtle_follow_ws/install/turtle_interfaces/share/turtle_interfaces/environment/path.dsv
[1.089s] -- Up-to-date: /home/eypan/turtle_follow_ws/install/turtle_interfaces/share/turtle_interfaces/local_setup.bash
[1.089s] -- Up-to-date: /home/eypan/turtle_follow_ws/install/turtle_interfaces/share/turtle_interfaces/local_setup.sh
[1.089s] -- Up-to-date: /home/eypan/turtle_follow_ws/install/turtle_interfaces/share/turtle_interfaces/local_setup.zsh
[1.089s] -- Installing: /home/eypan/turtle_follow_ws/install/turtle_interfaces/share/turtle_interfaces/local_setup.dsv
[1.089s] -- Installing: /home/eypan/turtle_follow_ws/install/turtle_interfaces/share/turtle_interfaces/package.dsv
[1.089s] -- Up-to-date: /home/eypan/turtle_follow_ws/install/turtle_interfaces/share/ament_index/resource_index/packages/turtle_interfaces
[1.089s] -- Up-to-date: /home/eypan/turtle_follow_ws/install/turtle_interfaces/share/turtle_interfaces/cmake/export_turtle_interfaces__rosidl_generator_cExport.cmake
[1.089s] -- Up-to-date: /home/eypan/turtle_follow_ws/install/turtle_interfaces/share/turtle_interfaces/cmake/export_turtle_interfaces__rosidl_generator_cExport-noconfig.cmake
[1.089s] -- Up-to-date: /home/eypan/turtle_follow_ws/install/turtle_interfaces/share/turtle_interfaces/cmake/export_turtle_interfaces__rosidl_typesupport_fastrtps_cExport.cmake
[1.089s] -- Up-to-date: /home/eypan/turtle_follow_ws/install/turtle_interfaces/share/turtle_interfaces/cmake/export_turtle_interfaces__rosidl_typesupport_fastrtps_cExport-noconfig.cmake
[1.089s] -- Up-to-date: /home/eypan/turtle_follow_ws/install/turtle_interfaces/share/turtle_interfaces/cmake/turtle_interfaces__rosidl_typesupport_introspection_cExport.cmake
[1.089s] -- Up-to-date: /home/eypan/turtle_follow_ws/install/turtle_interfaces/share/turtle_interfaces/cmake/turtle_interfaces__rosidl_typesupport_introspection_cExport-noconfig.cmake
[1.089s] -- Up-to-date: /home/eypan/turtle_follow_ws/install/turtle_interfaces/share/turtle_interfaces/cmake/turtle_interfaces__rosidl_typesupport_cExport.cmake
[1.089s] -- Up-to-date: /home/eypan/turtle_follow_ws/install/turtle_interfaces/share/turtle_interfaces/cmake/turtle_interfaces__rosidl_typesupport_cExport-noconfig.cmake
[1.090s] -- Up-to-date: /home/eypan/turtle_follow_ws/install/turtle_interfaces/share/turtle_interfaces/cmake/export_turtle_interfaces__rosidl_generator_cppExport.cmake
[1.090s] -- Up-to-date: /home/eypan/turtle_follow_ws/install/turtle_interfaces/share/turtle_interfaces/cmake/export_turtle_interfaces__rosidl_typesupport_fastrtps_cppExport.cmake
[1.090s] -- Up-to-date: /home/eypan/turtle_follow_ws/install/turtle_interfaces/share/turtle_interfaces/cmake/export_turtle_interfaces__rosidl_typesupport_fastrtps_cppExport-noconfig.cmake
[1.090s] -- Up-to-date: /home/eypan/turtle_follow_ws/install/turtle_interfaces/share/turtle_interfaces/cmake/turtle_interfaces__rosidl_typesupport_introspection_cppExport.cmake
[1.090s] -- Up-to-date: /home/eypan/turtle_follow_ws/install/turtle_interfaces/share/turtle_interfaces/cmake/turtle_interfaces__rosidl_typesupport_introspection_cppExport-noconfig.cmake
[1.090s] -- Up-to-date: /home/eypan/turtle_follow_ws/install/turtle_interfaces/share/turtle_interfaces/cmake/turtle_interfaces__rosidl_typesupport_cppExport.cmake
[1.090s] -- Up-to-date: /home/eypan/turtle_follow_ws/install/turtle_interfaces/share/turtle_interfaces/cmake/turtle_interfaces__rosidl_typesupport_cppExport-noconfig.cmake
[1.090s] -- Up-to-date: /home/eypan/turtle_follow_ws/install/turtle_interfaces/share/turtle_interfaces/cmake/export_turtle_interfaces__rosidl_generator_pyExport.cmake
[1.090s] -- Up-to-date: /home/eypan/turtle_follow_ws/install/turtle_interfaces/share/turtle_interfaces/cmake/export_turtle_interfaces__rosidl_generator_pyExport-noconfig.cmake
[1.090s] -- Up-to-date: /home/eypan/turtle_follow_ws/install/turtle_interfaces/share/turtle_interfaces/cmake/rosidl_cmake-extras.cmake
[1.090s] -- Up-to-date: /home/eypan/turtle_follow_ws/install/turtle_interfaces/share/turtle_interfaces/cmake/ament_cmake_export_include_directories-extras.cmake
[1.090s] -- Up-to-date: /home/eypan/turtle_follow_ws/install/turtle_interfaces/share/turtle_interfaces/cmake/ament_cmake_export_libraries-extras.cmake
[1.090s] -- Up-to-date: /home/eypan/turtle_follow_ws/install/turtle_interfaces/share/turtle_interfaces/cmake/ament_cmake_export_targets-extras.cmake
[1.090s] -- Up-to-date: /home/eypan/turtle_follow_ws/install/turtle_interfaces/share/turtle_interfaces/cmake/rosidl_cmake_export_typesupport_targets-extras.cmake
[1.091s] -- Installing: /home/eypan/turtle_follow_ws/install/turtle_interfaces/share/turtle_interfaces/cmake/ament_cmake_export_dependencies-extras.cmake
[1.091s] -- Up-to-date: /home/eypan/turtle_follow_ws/install/turtle_interfaces/share/turtle_interfaces/cmake/rosidl_cmake_export_typesupport_libraries-extras.cmake
[1.091s] -- Up-to-date: /home/eypan/turtle_follow_ws/install/turtle_interfaces/share/turtle_interfaces/cmake/turtle_interfacesConfig.cmake
[1.091s] -- Up-to-date: /home/eypan/turtle_follow_ws/install/turtle_interfaces/share/turtle_interfaces/cmake/turtle_interfacesConfig-version.cmake
[1.091s] -- Up-to-date: /home/eypan/turtle_follow_ws/install/turtle_interfaces/share/turtle_interfaces/package.xml
[1.092s] Invoked command in '/home/eypan/turtle_follow_ws/build/turtle_interfaces' returned '0': CMAKE_PREFIX_PATH=${CMAKE_PREFIX_PATH}:/home/eypan/turtle_follow_ws/install/turtle_control:/home/eypan/install/tutorial_interfaces:/home/eypan/ros2_ws/install/perception:/home/eypan/ros2_ws/install/brain:/home/eypan/ros2_ws/install/actuation:/opt/ros/humble /usr/bin/cmake --install /home/eypan/turtle_follow_ws/build/turtle_interfaces
