[0.451s] Invoking command in '/home/eypan/turtle_follow_ws/src/turtle_control': PYTHONPATH=/home/eypan/turtle_follow_ws/build/turtle_control/prefix_override:/usr/lib/python3/dist-packages/colcon_core/task/python/colcon_distutils_commands:/home/eypan/turtle_follow_ws/install/turtle_control/lib/python3.10/site-packages:${PYTHONPATH} /usr/bin/python3 -W ignore:setup.py install is deprecated setup.py egg_info --egg-base ../../build/turtle_control build --build-base /home/eypan/turtle_follow_ws/build/turtle_control/build install --record /home/eypan/turtle_follow_ws/build/turtle_control/install.log --single-version-externally-managed install_data
[0.619s] running egg_info
[0.619s] writing ../../build/turtle_control/turtle_control.egg-info/PKG-INFO
[0.619s] writing dependency_links to ../../build/turtle_control/turtle_control.egg-info/dependency_links.txt
[0.619s] writing entry points to ../../build/turtle_control/turtle_control.egg-info/entry_points.txt
[0.619s] writing requirements to ../../build/turtle_control/turtle_control.egg-info/requires.txt
[0.619s] writing top-level names to ../../build/turtle_control/turtle_control.egg-info/top_level.txt
[0.620s] reading manifest file '../../build/turtle_control/turtle_control.egg-info/SOURCES.txt'
[0.621s] writing manifest file '../../build/turtle_control/turtle_control.egg-info/SOURCES.txt'
[0.621s] running build
[0.621s] running build_py
[0.621s] copying turtle_control/turtle_client_node.py -> /home/eypan/turtle_follow_ws/build/turtle_control/build/lib/turtle_control
[0.621s] running install
[0.621s] running install_lib
[0.622s] copying /home/eypan/turtle_follow_ws/build/turtle_control/build/lib/turtle_control/turtle_client_node.py -> /home/eypan/turtle_follow_ws/install/turtle_control/lib/python3.10/site-packages/turtle_control
[0.622s] byte-compiling /home/eypan/turtle_follow_ws/install/turtle_control/lib/python3.10/site-packages/turtle_control/turtle_client_node.py to turtle_client_node.cpython-310.pyc
[0.622s] running install_data
[0.623s] copying package.xml -> /home/eypan/turtle_follow_ws/install/turtle_control/share/turtle_control
[0.623s] running install_egg_info
[0.624s] removing '/home/eypan/turtle_follow_ws/install/turtle_control/lib/python3.10/site-packages/turtle_control-0.0.0-py3.10.egg-info' (and everything under it)
[0.624s] Copying ../../build/turtle_control/turtle_control.egg-info to /home/eypan/turtle_follow_ws/install/turtle_control/lib/python3.10/site-packages/turtle_control-0.0.0-py3.10.egg-info
[0.625s] running install_scripts
[0.638s] Installing client= turtle_control.turtle_client_node:mainserver script to /home/eypan/turtle_follow_ws/install/turtle_control/lib/turtle_control
[0.638s] writing list of installed files to '/home/eypan/turtle_follow_ws/build/turtle_control/install.log'
