[0.205s] DEBUG:colcon:Command line arguments: ['/usr/bin/colcon', 'build']
[0.206s] DEBUG:colcon:Parsed command line arguments: Namespace(log_base=None, log_level=None, verb_name='build', build_base='build', install_base='install', merge_install=False, symlink_install=False, test_result_base=None, continue_on_error=False, executor='parallel', parallel_workers=8, event_handlers=None, ignore_user_meta=False, metas=['./colcon.meta'], base_paths=['.'], packages_ignore=None, packages_ignore_regex=None, paths=None, packages_up_to=None, packages_up_to_regex=None, packages_above=None, packages_above_and_dependencies=None, packages_above_depth=None, packages_select_by_dep=None, packages_skip_by_dep=None, packages_skip_up_to=None, packages_select_build_failed=False, packages_skip_build_finished=False, packages_select_test_failures=False, packages_skip_test_passed=False, packages_select=None, packages_skip=None, packages_select_regex=None, packages_skip_regex=None, packages_start=None, packages_end=None, allow_overriding=[], cmake_args=None, cmake_target=None, cmake_target_skip_unavailable=False, cmake_clean_cache=False, cmake_clean_first=False, cmake_force_configure=False, ament_cmake_args=None, catkin_cmake_args=None, catkin_skip_building_tests=False, mixin_files=None, mixin=None, verb_parser=<colcon_mixin.mixin.mixin_argument.MixinArgumentDecorator object at 0x7d695812b160>, verb_extension=<colcon_core.verb.build.BuildVerb object at 0x7d695812abf0>, main=<bound method BuildVerb.main of <colcon_core.verb.build.BuildVerb object at 0x7d695812abf0>>, mixin_verb=('build',))
[0.524s] Level 1:colcon.colcon_core.package_discovery:discover_packages(colcon_meta) check parameters
[0.525s] Level 1:colcon.colcon_core.package_discovery:discover_packages(recursive) check parameters
[0.525s] Level 1:colcon.colcon_core.package_discovery:discover_packages(ignore) check parameters
[0.525s] Level 1:colcon.colcon_core.package_discovery:discover_packages(path) check parameters
[0.525s] Level 1:colcon.colcon_core.package_discovery:discover_packages(colcon_meta) discover
[0.525s] Level 1:colcon.colcon_core.package_discovery:discover_packages(recursive) discover
[0.525s] INFO:colcon.colcon_core.package_discovery:Crawling recursively for packages in '/home/eypan/turtle_follow_ws'
[0.526s] Level 1:colcon.colcon_core.package_identification:_identify(.) by extensions ['ignore', 'ignore_ament_install']
[0.526s] Level 1:colcon.colcon_core.package_identification:_identify(.) by extension 'ignore'
[0.526s] Level 1:colcon.colcon_core.package_identification:_identify(.) by extension 'ignore_ament_install'
[0.526s] Level 1:colcon.colcon_core.package_identification:_identify(.) by extensions ['colcon_pkg']
[0.526s] Level 1:colcon.colcon_core.package_identification:_identify(.) by extension 'colcon_pkg'
[0.526s] Level 1:colcon.colcon_core.package_identification:_identify(.) by extensions ['colcon_meta']
[0.527s] Level 1:colcon.colcon_core.package_identification:_identify(.) by extension 'colcon_meta'
[0.527s] Level 1:colcon.colcon_core.package_identification:_identify(.) by extensions ['ros']
[0.527s] Level 1:colcon.colcon_core.package_identification:_identify(.) by extension 'ros'
[0.548s] Level 1:colcon.colcon_core.package_identification:_identify(.) by extensions ['cmake', 'python']
[0.548s] Level 1:colcon.colcon_core.package_identification:_identify(.) by extension 'cmake'
[0.548s] Level 1:colcon.colcon_core.package_identification:_identify(.) by extension 'python'
[0.548s] Level 1:colcon.colcon_core.package_identification:_identify(.) by extensions ['python_setup_py']
[0.548s] Level 1:colcon.colcon_core.package_identification:_identify(.) by extension 'python_setup_py'
[0.549s] Level 1:colcon.colcon_core.package_identification:_identify(build) by extensions ['ignore', 'ignore_ament_install']
[0.549s] Level 1:colcon.colcon_core.package_identification:_identify(build) by extension 'ignore'
[0.549s] Level 1:colcon.colcon_core.package_identification:_identify(build) ignored
[0.549s] Level 1:colcon.colcon_core.package_identification:_identify(install) by extensions ['ignore', 'ignore_ament_install']
[0.550s] Level 1:colcon.colcon_core.package_identification:_identify(install) by extension 'ignore'
[0.550s] Level 1:colcon.colcon_core.package_identification:_identify(install) ignored
[0.550s] Level 1:colcon.colcon_core.package_identification:_identify(log) by extensions ['ignore', 'ignore_ament_install']
[0.550s] Level 1:colcon.colcon_core.package_identification:_identify(log) by extension 'ignore'
[0.550s] Level 1:colcon.colcon_core.package_identification:_identify(log) ignored
[0.551s] Level 1:colcon.colcon_core.package_identification:_identify(src) by extensions ['ignore', 'ignore_ament_install']
[0.551s] Level 1:colcon.colcon_core.package_identification:_identify(src) by extension 'ignore'
[0.551s] Level 1:colcon.colcon_core.package_identification:_identify(src) by extension 'ignore_ament_install'
[0.551s] Level 1:colcon.colcon_core.package_identification:_identify(src) by extensions ['colcon_pkg']
[0.551s] Level 1:colcon.colcon_core.package_identification:_identify(src) by extension 'colcon_pkg'
[0.551s] Level 1:colcon.colcon_core.package_identification:_identify(src) by extensions ['colcon_meta']
[0.551s] Level 1:colcon.colcon_core.package_identification:_identify(src) by extension 'colcon_meta'
[0.551s] Level 1:colcon.colcon_core.package_identification:_identify(src) by extensions ['ros']
[0.552s] Level 1:colcon.colcon_core.package_identification:_identify(src) by extension 'ros'
[0.552s] Level 1:colcon.colcon_core.package_identification:_identify(src) by extensions ['cmake', 'python']
[0.552s] Level 1:colcon.colcon_core.package_identification:_identify(src) by extension 'cmake'
[0.552s] Level 1:colcon.colcon_core.package_identification:_identify(src) by extension 'python'
[0.552s] Level 1:colcon.colcon_core.package_identification:_identify(src) by extensions ['python_setup_py']
[0.552s] Level 1:colcon.colcon_core.package_identification:_identify(src) by extension 'python_setup_py'
[0.552s] Level 1:colcon.colcon_core.package_identification:_identify(src/turtle_control) by extensions ['ignore', 'ignore_ament_install']
[0.553s] Level 1:colcon.colcon_core.package_identification:_identify(src/turtle_control) by extension 'ignore'
[0.553s] Level 1:colcon.colcon_core.package_identification:_identify(src/turtle_control) by extension 'ignore_ament_install'
[0.553s] Level 1:colcon.colcon_core.package_identification:_identify(src/turtle_control) by extensions ['colcon_pkg']
[0.553s] Level 1:colcon.colcon_core.package_identification:_identify(src/turtle_control) by extension 'colcon_pkg'
[0.553s] Level 1:colcon.colcon_core.package_identification:_identify(src/turtle_control) by extensions ['colcon_meta']
[0.553s] Level 1:colcon.colcon_core.package_identification:_identify(src/turtle_control) by extension 'colcon_meta'
[0.553s] Level 1:colcon.colcon_core.package_identification:_identify(src/turtle_control) by extensions ['ros']
[0.554s] Level 1:colcon.colcon_core.package_identification:_identify(src/turtle_control) by extension 'ros'
[0.559s] DEBUG:colcon.colcon_core.package_identification:Package 'src/turtle_control' with type 'ros.ament_python' and name 'turtle_control'
[0.559s] Level 1:colcon.colcon_core.package_identification:_identify(src/turtle_interfaces) by extensions ['ignore', 'ignore_ament_install']
[0.559s] Level 1:colcon.colcon_core.package_identification:_identify(src/turtle_interfaces) by extension 'ignore'
[0.560s] Level 1:colcon.colcon_core.package_identification:_identify(src/turtle_interfaces) by extension 'ignore_ament_install'
[0.560s] Level 1:colcon.colcon_core.package_identification:_identify(src/turtle_interfaces) by extensions ['colcon_pkg']
[0.560s] Level 1:colcon.colcon_core.package_identification:_identify(src/turtle_interfaces) by extension 'colcon_pkg'
[0.560s] Level 1:colcon.colcon_core.package_identification:_identify(src/turtle_interfaces) by extensions ['colcon_meta']
[0.560s] Level 1:colcon.colcon_core.package_identification:_identify(src/turtle_interfaces) by extension 'colcon_meta'
[0.560s] Level 1:colcon.colcon_core.package_identification:_identify(src/turtle_interfaces) by extensions ['ros']
[0.560s] Level 1:colcon.colcon_core.package_identification:_identify(src/turtle_interfaces) by extension 'ros'
[0.562s] DEBUG:colcon.colcon_core.package_identification:Package 'src/turtle_interfaces' with type 'ros.ament_cmake' and name 'turtle_interfaces'
[0.562s] Level 1:colcon.colcon_core.package_discovery:discover_packages(recursive) using defaults
[0.562s] Level 1:colcon.colcon_core.package_discovery:discover_packages(ignore) discover
[0.562s] Level 1:colcon.colcon_core.package_discovery:discover_packages(ignore) using defaults
[0.562s] Level 1:colcon.colcon_core.package_discovery:discover_packages(path) discover
[0.562s] Level 1:colcon.colcon_core.package_discovery:discover_packages(path) using defaults
[0.604s] Level 1:colcon.colcon_core.package_discovery:discover_packages(prefix_path) check parameters
[0.604s] Level 1:colcon.colcon_core.package_discovery:discover_packages(prefix_path) discover
[0.607s] DEBUG:colcon.colcon_installed_package_information.package_discovery:Found 2 installed packages in /home/eypan/turtle_follow_ws/install
[0.608s] DEBUG:colcon.colcon_installed_package_information.package_discovery:Found 1 installed packages in /home/eypan/install
[0.609s] DEBUG:colcon.colcon_installed_package_information.package_discovery:Found 4 installed packages in /home/eypan/ros2_ws/install
[0.612s] DEBUG:colcon.colcon_installed_package_information.package_discovery:Found 373 installed packages in /opt/ros/humble
[0.616s] Level 1:colcon.colcon_core.package_discovery:discover_packages(prefix_path) using defaults
[0.722s] Level 5:colcon.colcon_core.verb:set package 'turtle_interfaces' build argument 'cmake_args' from command line to 'None'
[0.722s] Level 5:colcon.colcon_core.verb:set package 'turtle_interfaces' build argument 'cmake_target' from command line to 'None'
[0.722s] Level 5:colcon.colcon_core.verb:set package 'turtle_interfaces' build argument 'cmake_target_skip_unavailable' from command line to 'False'
[0.722s] Level 5:colcon.colcon_core.verb:set package 'turtle_interfaces' build argument 'cmake_clean_cache' from command line to 'False'
[0.722s] Level 5:colcon.colcon_core.verb:set package 'turtle_interfaces' build argument 'cmake_clean_first' from command line to 'False'
[0.722s] Level 5:colcon.colcon_core.verb:set package 'turtle_interfaces' build argument 'cmake_force_configure' from command line to 'False'
[0.723s] Level 5:colcon.colcon_core.verb:set package 'turtle_interfaces' build argument 'ament_cmake_args' from command line to 'None'
[0.723s] Level 5:colcon.colcon_core.verb:set package 'turtle_interfaces' build argument 'catkin_cmake_args' from command line to 'None'
[0.723s] Level 5:colcon.colcon_core.verb:set package 'turtle_interfaces' build argument 'catkin_skip_building_tests' from command line to 'False'
[0.723s] DEBUG:colcon.colcon_core.verb:Building package 'turtle_interfaces' with the following arguments: {'ament_cmake_args': None, 'build_base': '/home/eypan/turtle_follow_ws/build/turtle_interfaces', 'catkin_cmake_args': None, 'catkin_skip_building_tests': False, 'cmake_args': None, 'cmake_clean_cache': False, 'cmake_clean_first': False, 'cmake_force_configure': False, 'cmake_target': None, 'cmake_target_skip_unavailable': False, 'install_base': '/home/eypan/turtle_follow_ws/install/turtle_interfaces', 'merge_install': False, 'path': '/home/eypan/turtle_follow_ws/src/turtle_interfaces', 'symlink_install': False, 'test_result_base': None}
[0.724s] Level 5:colcon.colcon_core.verb:set package 'turtle_control' build argument 'cmake_args' from command line to 'None'
[0.724s] Level 5:colcon.colcon_core.verb:set package 'turtle_control' build argument 'cmake_target' from command line to 'None'
[0.724s] Level 5:colcon.colcon_core.verb:set package 'turtle_control' build argument 'cmake_target_skip_unavailable' from command line to 'False'
[0.724s] Level 5:colcon.colcon_core.verb:set package 'turtle_control' build argument 'cmake_clean_cache' from command line to 'False'
[0.724s] Level 5:colcon.colcon_core.verb:set package 'turtle_control' build argument 'cmake_clean_first' from command line to 'False'
[0.724s] Level 5:colcon.colcon_core.verb:set package 'turtle_control' build argument 'cmake_force_configure' from command line to 'False'
[0.724s] Level 5:colcon.colcon_core.verb:set package 'turtle_control' build argument 'ament_cmake_args' from command line to 'None'
[0.724s] Level 5:colcon.colcon_core.verb:set package 'turtle_control' build argument 'catkin_cmake_args' from command line to 'None'
[0.724s] Level 5:colcon.colcon_core.verb:set package 'turtle_control' build argument 'catkin_skip_building_tests' from command line to 'False'
[0.724s] DEBUG:colcon.colcon_core.verb:Building package 'turtle_control' with the following arguments: {'ament_cmake_args': None, 'build_base': '/home/eypan/turtle_follow_ws/build/turtle_control', 'catkin_cmake_args': None, 'catkin_skip_building_tests': False, 'cmake_args': None, 'cmake_clean_cache': False, 'cmake_clean_first': False, 'cmake_force_configure': False, 'cmake_target': None, 'cmake_target_skip_unavailable': False, 'install_base': '/home/eypan/turtle_follow_ws/install/turtle_control', 'merge_install': False, 'path': '/home/eypan/turtle_follow_ws/src/turtle_control', 'symlink_install': False, 'test_result_base': None}
[0.725s] INFO:colcon.colcon_core.executor:Executing jobs using 'parallel' executor
[0.727s] DEBUG:colcon.colcon_parallel_executor.executor.parallel:run_until_complete
[0.727s] INFO:colcon.colcon_ros.task.ament_cmake.build:Building ROS package in '/home/eypan/turtle_follow_ws/src/turtle_interfaces' with build type 'ament_cmake'
[0.727s] INFO:colcon.colcon_cmake.task.cmake.build:Building CMake package in '/home/eypan/turtle_follow_ws/src/turtle_interfaces'
[0.731s] INFO:colcon.colcon_core.plugin_system:Skipping extension 'colcon_core.shell.bat': Not used on non-Windows systems
[0.732s] INFO:colcon.colcon_core.shell:Skip shell extension 'powershell' for command environment: Not usable outside of PowerShell
[0.732s] DEBUG:colcon.colcon_core.shell:Skip shell extension 'dsv' for command environment
[0.753s] DEBUG:colcon.colcon_core.event_handler.log_command:Invoking command in '/home/eypan/turtle_follow_ws/build/turtle_interfaces': CMAKE_PREFIX_PATH=${CMAKE_PREFIX_PATH}:/home/eypan/turtle_follow_ws/install/turtle_control:/home/eypan/install/tutorial_interfaces:/home/eypan/ros2_ws/install/perception:/home/eypan/ros2_ws/install/brain:/home/eypan/ros2_ws/install/actuation:/opt/ros/humble /usr/bin/cmake --build /home/eypan/turtle_follow_ws/build/turtle_interfaces -- -j8 -l8
[1.220s] DEBUG:colcon.colcon_core.event_handler.log_command:Invoked command in '/home/eypan/turtle_follow_ws/build/turtle_interfaces' returned '2': CMAKE_PREFIX_PATH=${CMAKE_PREFIX_PATH}:/home/eypan/turtle_follow_ws/install/turtle_control:/home/eypan/install/tutorial_interfaces:/home/eypan/ros2_ws/install/perception:/home/eypan/ros2_ws/install/brain:/home/eypan/ros2_ws/install/actuation:/opt/ros/humble /usr/bin/cmake --build /home/eypan/turtle_follow_ws/build/turtle_interfaces -- -j8 -l8
[1.333s] Level 1:colcon.colcon_core.environment:create_environment_scripts_only(turtle_interfaces)
[1.337s] Level 1:colcon.colcon_core.environment:checking '/home/eypan/turtle_follow_ws/install/turtle_interfaces' for CMake module files
[1.338s] Level 1:colcon.colcon_core.environment:checking '/home/eypan/turtle_follow_ws/install/turtle_interfaces' for CMake config files
[1.339s] Level 1:colcon.colcon_core.shell:create_environment_hook('turtle_interfaces', 'cmake_prefix_path')
[1.339s] INFO:colcon.colcon_core.shell:Creating environment hook '/home/eypan/turtle_follow_ws/install/turtle_interfaces/share/turtle_interfaces/hook/cmake_prefix_path.ps1'
[1.340s] INFO:colcon.colcon_core.shell:Creating environment descriptor '/home/eypan/turtle_follow_ws/install/turtle_interfaces/share/turtle_interfaces/hook/cmake_prefix_path.dsv'
[1.341s] INFO:colcon.colcon_core.shell:Creating environment hook '/home/eypan/turtle_follow_ws/install/turtle_interfaces/share/turtle_interfaces/hook/cmake_prefix_path.sh'
[1.343s] Level 1:colcon.colcon_core.environment:checking '/home/eypan/turtle_follow_ws/install/turtle_interfaces/lib'
[1.343s] Level 1:colcon.colcon_core.shell:create_environment_hook('turtle_interfaces', 'ld_library_path_lib')
[1.343s] INFO:colcon.colcon_core.shell:Creating environment hook '/home/eypan/turtle_follow_ws/install/turtle_interfaces/share/turtle_interfaces/hook/ld_library_path_lib.ps1'
[1.344s] INFO:colcon.colcon_core.shell:Creating environment descriptor '/home/eypan/turtle_follow_ws/install/turtle_interfaces/share/turtle_interfaces/hook/ld_library_path_lib.dsv'
[1.344s] INFO:colcon.colcon_core.shell:Creating environment hook '/home/eypan/turtle_follow_ws/install/turtle_interfaces/share/turtle_interfaces/hook/ld_library_path_lib.sh'
[1.345s] Level 1:colcon.colcon_core.environment:checking '/home/eypan/turtle_follow_ws/install/turtle_interfaces/bin'
[1.345s] Level 1:colcon.colcon_core.environment:checking '/home/eypan/turtle_follow_ws/install/turtle_interfaces/lib/pkgconfig/turtle_interfaces.pc'
[1.345s] Level 1:colcon.colcon_core.environment:checking '/home/eypan/turtle_follow_ws/install/turtle_interfaces/lib/python3.10/site-packages'
[1.346s] Level 1:colcon.colcon_core.environment:checking '/home/eypan/turtle_follow_ws/install/turtle_interfaces/bin'
[1.346s] INFO:colcon.colcon_core.shell:Creating package script '/home/eypan/turtle_follow_ws/install/turtle_interfaces/share/turtle_interfaces/package.ps1'
[1.348s] INFO:colcon.colcon_core.shell:Creating package descriptor '/home/eypan/turtle_follow_ws/install/turtle_interfaces/share/turtle_interfaces/package.dsv'
[1.349s] INFO:colcon.colcon_core.shell:Creating package script '/home/eypan/turtle_follow_ws/install/turtle_interfaces/share/turtle_interfaces/package.sh'
[1.350s] INFO:colcon.colcon_core.shell:Creating package script '/home/eypan/turtle_follow_ws/install/turtle_interfaces/share/turtle_interfaces/package.bash'
[1.352s] INFO:colcon.colcon_core.shell:Creating package script '/home/eypan/turtle_follow_ws/install/turtle_interfaces/share/turtle_interfaces/package.zsh'
[1.353s] Level 1:colcon.colcon_core.environment:create_file_with_runtime_dependencies(/home/eypan/turtle_follow_ws/install/turtle_interfaces/share/colcon-core/packages/turtle_interfaces)
[1.364s] DEBUG:colcon.colcon_parallel_executor.executor.parallel:closing loop
[1.364s] DEBUG:colcon.colcon_parallel_executor.executor.parallel:loop closed
[1.364s] DEBUG:colcon.colcon_parallel_executor.executor.parallel:run_until_complete finished with '2'
[1.364s] DEBUG:colcon.colcon_core.event_reactor:joining thread
[1.379s] INFO:colcon.colcon_core.plugin_system:Skipping extension 'colcon_notification.desktop_notification.terminal_notifier': Not used on non-Darwin systems
[1.379s] INFO:colcon.colcon_core.plugin_system:Skipping extension 'colcon_notification.desktop_notification.win32': Not used on non-Windows systems
[1.379s] INFO:colcon.colcon_notification.desktop_notification:Sending desktop notification using 'notify2'
[1.401s] DEBUG:colcon.colcon_core.event_reactor:joined thread
[1.402s] INFO:colcon.colcon_core.shell:Creating prefix script '/home/eypan/turtle_follow_ws/install/local_setup.ps1'
[1.403s] INFO:colcon.colcon_core.shell:Creating prefix util module '/home/eypan/turtle_follow_ws/install/_local_setup_util_ps1.py'
[1.406s] INFO:colcon.colcon_core.shell:Creating prefix chain script '/home/eypan/turtle_follow_ws/install/setup.ps1'
[1.408s] INFO:colcon.colcon_core.shell:Creating prefix script '/home/eypan/turtle_follow_ws/install/local_setup.sh'
[1.409s] INFO:colcon.colcon_core.shell:Creating prefix util module '/home/eypan/turtle_follow_ws/install/_local_setup_util_sh.py'
[1.410s] INFO:colcon.colcon_core.shell:Creating prefix chain script '/home/eypan/turtle_follow_ws/install/setup.sh'
[1.413s] INFO:colcon.colcon_core.shell:Creating prefix script '/home/eypan/turtle_follow_ws/install/local_setup.bash'
[1.414s] INFO:colcon.colcon_core.shell:Creating prefix chain script '/home/eypan/turtle_follow_ws/install/setup.bash'
[1.416s] INFO:colcon.colcon_core.shell:Creating prefix script '/home/eypan/turtle_follow_ws/install/local_setup.zsh'
[1.417s] INFO:colcon.colcon_core.shell:Creating prefix chain script '/home/eypan/turtle_follow_ws/install/setup.zsh'
