[0.024s] Invoking command in '/home/eypan/turtle_follow_ws/build/turtle_interfaces': CMAKE_PREFIX_PATH=${CMAKE_PREFIX_PATH}:/home/eypan/turtle_follow_ws/install/turtle_control:/home/eypan/install/tutorial_interfaces:/home/eypan/ros2_ws/install/perception:/home/eypan/ros2_ws/install/brain:/home/eypan/ros2_ws/install/actuation:/opt/ros/humble /usr/bin/cmake --build /home/eypan/turtle_follow_ws/build/turtle_interfaces -- -j8 -l8
[0.117s] [ 10%] Built target turtle_interfaces__rosidl_generator_c
[0.117s] [ 12%] Built target turtle_interfaces__cpp
[0.138s] [ 12%] Built target ament_cmake_python_copy_turtle_interfaces
[0.178s] [ 23%] Built target turtle_interfaces__rosidl_typesupport_introspection_cpp
[0.182s] [ 34%] Built target turtle_interfaces__rosidl_typesupport_fastrtps_cpp
[0.183s] [ 44%] Built target turtle_interfaces__rosidl_typesupport_introspection_c
[0.189s] [ 55%] Built target turtle_interfaces__rosidl_typesupport_c
[0.195s] [ 65%] Built target turtle_interfaces__rosidl_typesupport_fastrtps_c
[0.199s] [ 76%] Built target turtle_interfaces__rosidl_typesupport_cpp
[0.239s] [ 76%] Built target turtle_interfaces
[0.280s] [ 78%] Built target turtle_interfaces__py
[0.325s] [ 87%] Built target turtle_interfaces__rosidl_generator_py
[0.364s] [ 91%] Built target turtle_interfaces__rosidl_typesupport_fastrtps_c__pyext
[0.365s] [ 95%] Built target turtle_interfaces__rosidl_typesupport_introspection_c__pyext
[0.366s] [100%] Built target turtle_interfaces__rosidl_typesupport_c__pyext
[0.781s] running egg_info
[0.782s] writing turtle_interfaces.egg-info/PKG-INFO
[0.782s] writing dependency_links to turtle_interfaces.egg-info/dependency_links.txt
[0.782s] writing top-level names to turtle_interfaces.egg-info/top_level.txt
[0.786s] reading manifest file 'turtle_interfaces.egg-info/SOURCES.txt'
[0.788s] writing manifest file 'turtle_interfaces.egg-info/SOURCES.txt'
[0.832s] [100%] Built target ament_cmake_python_build_turtle_interfaces_egg
[0.854s] Invoked command in '/home/eypan/turtle_follow_ws/build/turtle_interfaces' returned '0': CMAKE_PREFIX_PATH=${CMAKE_PREFIX_PATH}:/home/eypan/turtle_follow_ws/install/turtle_control:/home/eypan/install/tutorial_interfaces:/home/eypan/ros2_ws/install/perception:/home/eypan/ros2_ws/install/brain:/home/eypan/ros2_ws/install/actuation:/opt/ros/humble /usr/bin/cmake --build /home/eypan/turtle_follow_ws/build/turtle_interfaces -- -j8 -l8
[1.053s] Invoking command in '/home/eypan/turtle_follow_ws/build/turtle_interfaces': CMAKE_PREFIX_PATH=${CMAKE_PREFIX_PATH}:/home/eypan/turtle_follow_ws/install/turtle_control:/home/eypan/install/tutorial_interfaces:/home/eypan/ros2_ws/install/perception:/home/eypan/ros2_ws/install/brain:/home/eypan/ros2_ws/install/actuation:/opt/ros/humble /usr/bin/cmake --install /home/eypan/turtle_follow_ws/build/turtle_interfaces
[1.067s] -- Install configuration: ""
[1.067s] -- Up-to-date: /home/eypan/turtle_follow_ws/install/turtle_interfaces/share/ament_index/resource_index/rosidl_interfaces/turtle_interfaces
[1.067s] -- Up-to-date: /home/eypan/turtle_follow_ws/install/turtle_interfaces/include/turtle_interfaces/turtle_interfaces
[1.067s] -- Up-to-date: /home/eypan/turtle_follow_ws/install/turtle_interfaces/include/turtle_interfaces/turtle_interfaces/msg
[1.068s] -- Up-to-date: /home/eypan/turtle_follow_ws/install/turtle_interfaces/include/turtle_interfaces/turtle_interfaces/msg/string_array.h
[1.068s] -- Up-to-date: /home/eypan/turtle_follow_ws/install/turtle_interfaces/include/turtle_interfaces/turtle_interfaces/msg/turtle_follow.h
[1.068s] -- Up-to-date: /home/eypan/turtle_follow_ws/install/turtle_interfaces/include/turtle_interfaces/turtle_interfaces/msg/detail
[1.068s] -- Up-to-date: /home/eypan/turtle_follow_ws/install/turtle_interfaces/include/turtle_interfaces/turtle_interfaces/msg/detail/turtle_follow__struct.h
[1.068s] -- Up-to-date: /home/eypan/turtle_follow_ws/install/turtle_interfaces/include/turtle_interfaces/turtle_interfaces/msg/detail/turtle_follow__functions.c
[1.068s] -- Up-to-date: /home/eypan/turtle_follow_ws/install/turtle_interfaces/include/turtle_interfaces/turtle_interfaces/msg/detail/turtle_follow__functions.h
[1.069s] -- Up-to-date: /home/eypan/turtle_follow_ws/install/turtle_interfaces/include/turtle_interfaces/turtle_interfaces/msg/detail/string_array__struct.h
[1.069s] -- Up-to-date: /home/eypan/turtle_follow_ws/install/turtle_interfaces/include/turtle_interfaces/turtle_interfaces/msg/detail/string_array__functions.c
[1.069s] -- Up-to-date: /home/eypan/turtle_follow_ws/install/turtle_interfaces/include/turtle_interfaces/turtle_interfaces/msg/detail/string_array__functions.h
[1.069s] -- Up-to-date: /home/eypan/turtle_follow_ws/install/turtle_interfaces/include/turtle_interfaces/turtle_interfaces/msg/detail/turtle_follow__type_support.h
[1.069s] -- Up-to-date: /home/eypan/turtle_follow_ws/install/turtle_interfaces/include/turtle_interfaces/turtle_interfaces/msg/detail/string_array__type_support.h
[1.070s] -- Up-to-date: /home/eypan/turtle_follow_ws/install/turtle_interfaces/include/turtle_interfaces/turtle_interfaces/msg/rosidl_generator_c__visibility_control.h
[1.070s] -- Up-to-date: /home/eypan/turtle_follow_ws/install/turtle_interfaces/include/turtle_interfaces/turtle_interfaces/srv
[1.070s] -- Up-to-date: /home/eypan/turtle_follow_ws/install/turtle_interfaces/include/turtle_interfaces/turtle_interfaces/srv/turtle_create.h
[1.070s] -- Up-to-date: /home/eypan/turtle_follow_ws/install/turtle_interfaces/include/turtle_interfaces/turtle_interfaces/srv/turtle_follow.h
[1.070s] -- Up-to-date: /home/eypan/turtle_follow_ws/install/turtle_interfaces/include/turtle_interfaces/turtle_interfaces/srv/detail
[1.070s] -- Up-to-date: /home/eypan/turtle_follow_ws/install/turtle_interfaces/include/turtle_interfaces/turtle_interfaces/srv/detail/turtle_follow__struct.h
[1.070s] -- Up-to-date: /home/eypan/turtle_follow_ws/install/turtle_interfaces/include/turtle_interfaces/turtle_interfaces/srv/detail/turtle_create__type_support.h
[1.070s] -- Up-to-date: /home/eypan/turtle_follow_ws/install/turtle_interfaces/include/turtle_interfaces/turtle_interfaces/srv/detail/turtle_follow__functions.c
[1.071s] -- Up-to-date: /home/eypan/turtle_follow_ws/install/turtle_interfaces/include/turtle_interfaces/turtle_interfaces/srv/detail/turtle_follow__functions.h
[1.071s] -- Up-to-date: /home/eypan/turtle_follow_ws/install/turtle_interfaces/include/turtle_interfaces/turtle_interfaces/srv/detail/turtle_create__functions.c
[1.071s] -- Up-to-date: /home/eypan/turtle_follow_ws/install/turtle_interfaces/include/turtle_interfaces/turtle_interfaces/srv/detail/turtle_create__struct.h
[1.071s] -- Up-to-date: /home/eypan/turtle_follow_ws/install/turtle_interfaces/include/turtle_interfaces/turtle_interfaces/srv/detail/turtle_create__functions.h
[1.071s] -- Up-to-date: /home/eypan/turtle_follow_ws/install/turtle_interfaces/include/turtle_interfaces/turtle_interfaces/srv/detail/turtle_follow__type_support.h
[1.071s] -- Up-to-date: /home/eypan/turtle_follow_ws/install/turtle_interfaces/share/turtle_interfaces/environment/library_path.sh
[1.071s] -- Up-to-date: /home/eypan/turtle_follow_ws/install/turtle_interfaces/share/turtle_interfaces/environment/library_path.dsv
[1.071s] -- Up-to-date: /home/eypan/turtle_follow_ws/install/turtle_interfaces/lib/libturtle_interfaces__rosidl_generator_c.so
[1.072s] -- Up-to-date: /home/eypan/turtle_follow_ws/install/turtle_interfaces/include/turtle_interfaces/turtle_interfaces
[1.072s] -- Up-to-date: /home/eypan/turtle_follow_ws/install/turtle_interfaces/include/turtle_interfaces/turtle_interfaces/msg
[1.072s] -- Up-to-date: /home/eypan/turtle_follow_ws/install/turtle_interfaces/include/turtle_interfaces/turtle_interfaces/msg/rosidl_typesupport_fastrtps_c__visibility_control.h
[1.072s] -- Up-to-date: /home/eypan/turtle_follow_ws/install/turtle_interfaces/include/turtle_interfaces/turtle_interfaces/msg/detail
[1.072s] -- Up-to-date: /home/eypan/turtle_follow_ws/install/turtle_interfaces/include/turtle_interfaces/turtle_interfaces/msg/detail/string_array__rosidl_typesupport_fastrtps_c.h
[1.072s] -- Up-to-date: /home/eypan/turtle_follow_ws/install/turtle_interfaces/include/turtle_interfaces/turtle_interfaces/msg/detail/turtle_follow__rosidl_typesupport_fastrtps_c.h
[1.073s] -- Up-to-date: /home/eypan/turtle_follow_ws/install/turtle_interfaces/include/turtle_interfaces/turtle_interfaces/srv
[1.073s] -- Up-to-date: /home/eypan/turtle_follow_ws/install/turtle_interfaces/include/turtle_interfaces/turtle_interfaces/srv/detail
[1.073s] -- Up-to-date: /home/eypan/turtle_follow_ws/install/turtle_interfaces/include/turtle_interfaces/turtle_interfaces/srv/detail/turtle_follow__rosidl_typesupport_fastrtps_c.h
[1.073s] -- Up-to-date: /home/eypan/turtle_follow_ws/install/turtle_interfaces/include/turtle_interfaces/turtle_interfaces/srv/detail/turtle_create__rosidl_typesupport_fastrtps_c.h
[1.073s] -- Up-to-date: /home/eypan/turtle_follow_ws/install/turtle_interfaces/lib/libturtle_interfaces__rosidl_typesupport_fastrtps_c.so
[1.073s] -- Up-to-date: /home/eypan/turtle_follow_ws/install/turtle_interfaces/include/turtle_interfaces/turtle_interfaces
[1.073s] -- Up-to-date: /home/eypan/turtle_follow_ws/install/turtle_interfaces/include/turtle_interfaces/turtle_interfaces/msg
[1.073s] -- Up-to-date: /home/eypan/turtle_follow_ws/install/turtle_interfaces/include/turtle_interfaces/turtle_interfaces/msg/detail
[1.073s] -- Up-to-date: /home/eypan/turtle_follow_ws/install/turtle_interfaces/include/turtle_interfaces/turtle_interfaces/msg/detail/turtle_follow__type_support.c
[1.074s] -- Up-to-date: /home/eypan/turtle_follow_ws/install/turtle_interfaces/include/turtle_interfaces/turtle_interfaces/msg/detail/string_array__type_support.c
[1.074s] -- Up-to-date: /home/eypan/turtle_follow_ws/install/turtle_interfaces/include/turtle_interfaces/turtle_interfaces/msg/detail/turtle_follow__rosidl_typesupport_introspection_c.h
[1.074s] -- Up-to-date: /home/eypan/turtle_follow_ws/install/turtle_interfaces/include/turtle_interfaces/turtle_interfaces/msg/detail/string_array__rosidl_typesupport_introspection_c.h
[1.074s] -- Up-to-date: /home/eypan/turtle_follow_ws/install/turtle_interfaces/include/turtle_interfaces/turtle_interfaces/msg/rosidl_typesupport_introspection_c__visibility_control.h
[1.074s] -- Up-to-date: /home/eypan/turtle_follow_ws/install/turtle_interfaces/include/turtle_interfaces/turtle_interfaces/srv
[1.074s] -- Up-to-date: /home/eypan/turtle_follow_ws/install/turtle_interfaces/include/turtle_interfaces/turtle_interfaces/srv/detail
[1.074s] -- Up-to-date: /home/eypan/turtle_follow_ws/install/turtle_interfaces/include/turtle_interfaces/turtle_interfaces/srv/detail/turtle_follow__type_support.c
[1.075s] -- Up-to-date: /home/eypan/turtle_follow_ws/install/turtle_interfaces/include/turtle_interfaces/turtle_interfaces/srv/detail/turtle_create__rosidl_typesupport_introspection_c.h
[1.075s] -- Up-to-date: /home/eypan/turtle_follow_ws/install/turtle_interfaces/include/turtle_interfaces/turtle_interfaces/srv/detail/turtle_follow__rosidl_typesupport_introspection_c.h
[1.075s] -- Up-to-date: /home/eypan/turtle_follow_ws/install/turtle_interfaces/include/turtle_interfaces/turtle_interfaces/srv/detail/turtle_create__type_support.c
[1.075s] -- Up-to-date: /home/eypan/turtle_follow_ws/install/turtle_interfaces/lib/libturtle_interfaces__rosidl_typesupport_introspection_c.so
[1.075s] -- Up-to-date: /home/eypan/turtle_follow_ws/install/turtle_interfaces/lib/libturtle_interfaces__rosidl_typesupport_c.so
[1.075s] -- Up-to-date: /home/eypan/turtle_follow_ws/install/turtle_interfaces/include/turtle_interfaces/turtle_interfaces
[1.075s] -- Up-to-date: /home/eypan/turtle_follow_ws/install/turtle_interfaces/include/turtle_interfaces/turtle_interfaces/msg
[1.076s] -- Up-to-date: /home/eypan/turtle_follow_ws/install/turtle_interfaces/include/turtle_interfaces/turtle_interfaces/msg/turtle_follow.hpp
[1.076s] -- Up-to-date: /home/eypan/turtle_follow_ws/install/turtle_interfaces/include/turtle_interfaces/turtle_interfaces/msg/detail
[1.076s] -- Up-to-date: /home/eypan/turtle_follow_ws/install/turtle_interfaces/include/turtle_interfaces/turtle_interfaces/msg/detail/string_array__traits.hpp
[1.076s] -- Up-to-date: /home/eypan/turtle_follow_ws/install/turtle_interfaces/include/turtle_interfaces/turtle_interfaces/msg/detail/turtle_follow__traits.hpp
[1.076s] -- Up-to-date: /home/eypan/turtle_follow_ws/install/turtle_interfaces/include/turtle_interfaces/turtle_interfaces/msg/detail/string_array__builder.hpp
[1.076s] -- Up-to-date: /home/eypan/turtle_follow_ws/install/turtle_interfaces/include/turtle_interfaces/turtle_interfaces/msg/detail/string_array__struct.hpp
[1.076s] -- Up-to-date: /home/eypan/turtle_follow_ws/install/turtle_interfaces/include/turtle_interfaces/turtle_interfaces/msg/detail/turtle_follow__struct.hpp
[1.077s] -- Up-to-date: /home/eypan/turtle_follow_ws/install/turtle_interfaces/include/turtle_interfaces/turtle_interfaces/msg/detail/turtle_follow__builder.hpp
[1.077s] -- Up-to-date: /home/eypan/turtle_follow_ws/install/turtle_interfaces/include/turtle_interfaces/turtle_interfaces/msg/string_array.hpp
[1.077s] -- Up-to-date: /home/eypan/turtle_follow_ws/install/turtle_interfaces/include/turtle_interfaces/turtle_interfaces/srv
[1.077s] -- Up-to-date: /home/eypan/turtle_follow_ws/install/turtle_interfaces/include/turtle_interfaces/turtle_interfaces/srv/turtle_create.hpp
[1.077s] -- Up-to-date: /home/eypan/turtle_follow_ws/install/turtle_interfaces/include/turtle_interfaces/turtle_interfaces/srv/turtle_follow.hpp
[1.077s] -- Up-to-date: /home/eypan/turtle_follow_ws/install/turtle_interfaces/include/turtle_interfaces/turtle_interfaces/srv/detail
[1.077s] -- Up-to-date: /home/eypan/turtle_follow_ws/install/turtle_interfaces/include/turtle_interfaces/turtle_interfaces/srv/detail/turtle_create__traits.hpp
[1.078s] -- Up-to-date: /home/eypan/turtle_follow_ws/install/turtle_interfaces/include/turtle_interfaces/turtle_interfaces/srv/detail/turtle_follow__traits.hpp
[1.078s] -- Up-to-date: /home/eypan/turtle_follow_ws/install/turtle_interfaces/include/turtle_interfaces/turtle_interfaces/srv/detail/turtle_create__struct.hpp
[1.078s] -- Up-to-date: /home/eypan/turtle_follow_ws/install/turtle_interfaces/include/turtle_interfaces/turtle_interfaces/srv/detail/turtle_follow__struct.hpp
[1.078s] -- Up-to-date: /home/eypan/turtle_follow_ws/install/turtle_interfaces/include/turtle_interfaces/turtle_interfaces/srv/detail/turtle_follow__builder.hpp
[1.078s] -- Up-to-date: /home/eypan/turtle_follow_ws/install/turtle_interfaces/include/turtle_interfaces/turtle_interfaces/srv/detail/turtle_create__builder.hpp
[1.078s] -- Up-to-date: /home/eypan/turtle_follow_ws/install/turtle_interfaces/include/turtle_interfaces/turtle_interfaces
[1.078s] -- Up-to-date: /home/eypan/turtle_follow_ws/install/turtle_interfaces/include/turtle_interfaces/turtle_interfaces/msg
[1.078s] -- Up-to-date: /home/eypan/turtle_follow_ws/install/turtle_interfaces/include/turtle_interfaces/turtle_interfaces/msg/detail
[1.079s] -- Up-to-date: /home/eypan/turtle_follow_ws/install/turtle_interfaces/include/turtle_interfaces/turtle_interfaces/msg/detail/turtle_follow__rosidl_typesupport_fastrtps_cpp.hpp
[1.079s] -- Up-to-date: /home/eypan/turtle_follow_ws/install/turtle_interfaces/include/turtle_interfaces/turtle_interfaces/msg/detail/dds_fastrtps
[1.079s] -- Up-to-date: /home/eypan/turtle_follow_ws/install/turtle_interfaces/include/turtle_interfaces/turtle_interfaces/msg/detail/string_array__rosidl_typesupport_fastrtps_cpp.hpp
[1.079s] -- Up-to-date: /home/eypan/turtle_follow_ws/install/turtle_interfaces/include/turtle_interfaces/turtle_interfaces/msg/rosidl_typesupport_fastrtps_cpp__visibility_control.h
[1.079s] -- Up-to-date: /home/eypan/turtle_follow_ws/install/turtle_interfaces/include/turtle_interfaces/turtle_interfaces/srv
[1.079s] -- Up-to-date: /home/eypan/turtle_follow_ws/install/turtle_interfaces/include/turtle_interfaces/turtle_interfaces/srv/detail
[1.080s] -- Up-to-date: /home/eypan/turtle_follow_ws/install/turtle_interfaces/include/turtle_interfaces/turtle_interfaces/srv/detail/turtle_follow__rosidl_typesupport_fastrtps_cpp.hpp
[1.080s] -- Up-to-date: /home/eypan/turtle_follow_ws/install/turtle_interfaces/include/turtle_interfaces/turtle_interfaces/srv/detail/dds_fastrtps
[1.080s] -- Up-to-date: /home/eypan/turtle_follow_ws/install/turtle_interfaces/include/turtle_interfaces/turtle_interfaces/srv/detail/turtle_create__rosidl_typesupport_fastrtps_cpp.hpp
[1.080s] -- Up-to-date: /home/eypan/turtle_follow_ws/install/turtle_interfaces/lib/libturtle_interfaces__rosidl_typesupport_fastrtps_cpp.so
[1.080s] -- Up-to-date: /home/eypan/turtle_follow_ws/install/turtle_interfaces/include/turtle_interfaces/turtle_interfaces
[1.081s] -- Up-to-date: /home/eypan/turtle_follow_ws/install/turtle_interfaces/include/turtle_interfaces/turtle_interfaces/msg
[1.081s] -- Up-to-date: /home/eypan/turtle_follow_ws/install/turtle_interfaces/include/turtle_interfaces/turtle_interfaces/msg/detail
[1.081s] -- Up-to-date: /home/eypan/turtle_follow_ws/install/turtle_interfaces/include/turtle_interfaces/turtle_interfaces/msg/detail/string_array__type_support.cpp
[1.081s] -- Up-to-date: /home/eypan/turtle_follow_ws/install/turtle_interfaces/include/turtle_interfaces/turtle_interfaces/msg/detail/turtle_follow__type_support.cpp
[1.081s] -- Up-to-date: /home/eypan/turtle_follow_ws/install/turtle_interfaces/include/turtle_interfaces/turtle_interfaces/msg/detail/string_array__rosidl_typesupport_introspection_cpp.hpp
[1.081s] -- Up-to-date: /home/eypan/turtle_follow_ws/install/turtle_interfaces/include/turtle_interfaces/turtle_interfaces/msg/detail/turtle_follow__rosidl_typesupport_introspection_cpp.hpp
[1.081s] -- Up-to-date: /home/eypan/turtle_follow_ws/install/turtle_interfaces/include/turtle_interfaces/turtle_interfaces/srv
[1.081s] -- Up-to-date: /home/eypan/turtle_follow_ws/install/turtle_interfaces/include/turtle_interfaces/turtle_interfaces/srv/detail
[1.082s] -- Up-to-date: /home/eypan/turtle_follow_ws/install/turtle_interfaces/include/turtle_interfaces/turtle_interfaces/srv/detail/turtle_follow__type_support.cpp
[1.082s] -- Up-to-date: /home/eypan/turtle_follow_ws/install/turtle_interfaces/include/turtle_interfaces/turtle_interfaces/srv/detail/turtle_create__type_support.cpp
[1.082s] -- Up-to-date: /home/eypan/turtle_follow_ws/install/turtle_interfaces/include/turtle_interfaces/turtle_interfaces/srv/detail/turtle_create__rosidl_typesupport_introspection_cpp.hpp
[1.082s] -- Up-to-date: /home/eypan/turtle_follow_ws/install/turtle_interfaces/include/turtle_interfaces/turtle_interfaces/srv/detail/turtle_follow__rosidl_typesupport_introspection_cpp.hpp
[1.082s] -- Up-to-date: /home/eypan/turtle_follow_ws/install/turtle_interfaces/lib/libturtle_interfaces__rosidl_typesupport_introspection_cpp.so
[1.082s] -- Up-to-date: /home/eypan/turtle_follow_ws/install/turtle_interfaces/lib/libturtle_interfaces__rosidl_typesupport_cpp.so
[1.082s] -- Up-to-date: /home/eypan/turtle_follow_ws/install/turtle_interfaces/share/turtle_interfaces/environment/pythonpath.sh
[1.082s] -- Up-to-date: /home/eypan/turtle_follow_ws/install/turtle_interfaces/share/turtle_interfaces/environment/pythonpath.dsv
[1.083s] -- Up-to-date: /home/eypan/turtle_follow_ws/install/turtle_interfaces/local/lib/python3.10/dist-packages/turtle_interfaces-0.0.0-py3.10.egg-info
[1.083s] -- Installing: /home/eypan/turtle_follow_ws/install/turtle_interfaces/local/lib/python3.10/dist-packages/turtle_interfaces-0.0.0-py3.10.egg-info/dependency_links.txt
[1.083s] -- Installing: /home/eypan/turtle_follow_ws/install/turtle_interfaces/local/lib/python3.10/dist-packages/turtle_interfaces-0.0.0-py3.10.egg-info/PKG-INFO
[1.083s] -- Installing: /home/eypan/turtle_follow_ws/install/turtle_interfaces/local/lib/python3.10/dist-packages/turtle_interfaces-0.0.0-py3.10.egg-info/SOURCES.txt
[1.083s] -- Installing: /home/eypan/turtle_follow_ws/install/turtle_interfaces/local/lib/python3.10/dist-packages/turtle_interfaces-0.0.0-py3.10.egg-info/top_level.txt
[1.083s] -- Up-to-date: /home/eypan/turtle_follow_ws/install/turtle_interfaces/local/lib/python3.10/dist-packages/turtle_interfaces
[1.083s] -- Up-to-date: /home/eypan/turtle_follow_ws/install/turtle_interfaces/local/lib/python3.10/dist-packages/turtle_interfaces/__init__.py
[1.083s] -- Up-to-date: /home/eypan/turtle_follow_ws/install/turtle_interfaces/local/lib/python3.10/dist-packages/turtle_interfaces/msg
[1.083s] -- Up-to-date: /home/eypan/turtle_follow_ws/install/turtle_interfaces/local/lib/python3.10/dist-packages/turtle_interfaces/msg/_turtle_follow.py
[1.084s] -- Up-to-date: /home/eypan/turtle_follow_ws/install/turtle_interfaces/local/lib/python3.10/dist-packages/turtle_interfaces/msg/__init__.py
[1.084s] -- Up-to-date: /home/eypan/turtle_follow_ws/install/turtle_interfaces/local/lib/python3.10/dist-packages/turtle_interfaces/msg/_string_array_s.c
[1.084s] -- Up-to-date: /home/eypan/turtle_follow_ws/install/turtle_interfaces/local/lib/python3.10/dist-packages/turtle_interfaces/msg/_turtle_follow_s.c
[1.084s] -- Up-to-date: /home/eypan/turtle_follow_ws/install/turtle_interfaces/local/lib/python3.10/dist-packages/turtle_interfaces/msg/_string_array.py
[1.084s] -- Up-to-date: /home/eypan/turtle_follow_ws/install/turtle_interfaces/local/lib/python3.10/dist-packages/turtle_interfaces/_turtle_interfaces_s.ep.rosidl_typesupport_fastrtps_c.c
[1.084s] -- Up-to-date: /home/eypan/turtle_follow_ws/install/turtle_interfaces/local/lib/python3.10/dist-packages/turtle_interfaces/turtle_interfaces_s__rosidl_typesupport_fastrtps_c.cpython-310-x86_64-linux-gnu.so
[1.084s] -- Up-to-date: /home/eypan/turtle_follow_ws/install/turtle_interfaces/local/lib/python3.10/dist-packages/turtle_interfaces/turtle_interfaces_s__rosidl_typesupport_c.cpython-310-x86_64-linux-gnu.so
[1.084s] -- Up-to-date: /home/eypan/turtle_follow_ws/install/turtle_interfaces/local/lib/python3.10/dist-packages/turtle_interfaces/srv
[1.084s] -- Up-to-date: /home/eypan/turtle_follow_ws/install/turtle_interfaces/local/lib/python3.10/dist-packages/turtle_interfaces/srv/_turtle_follow.py
[1.084s] -- Up-to-date: /home/eypan/turtle_follow_ws/install/turtle_interfaces/local/lib/python3.10/dist-packages/turtle_interfaces/srv/__init__.py
[1.085s] -- Up-to-date: /home/eypan/turtle_follow_ws/install/turtle_interfaces/local/lib/python3.10/dist-packages/turtle_interfaces/srv/_turtle_create_s.c
[1.085s] -- Up-to-date: /home/eypan/turtle_follow_ws/install/turtle_interfaces/local/lib/python3.10/dist-packages/turtle_interfaces/srv/_turtle_create.py
[1.085s] -- Up-to-date: /home/eypan/turtle_follow_ws/install/turtle_interfaces/local/lib/python3.10/dist-packages/turtle_interfaces/srv/_turtle_follow_s.c
[1.085s] -- Up-to-date: /home/eypan/turtle_follow_ws/install/turtle_interfaces/local/lib/python3.10/dist-packages/turtle_interfaces/libturtle_interfaces__rosidl_generator_py.so
[1.085s] -- Up-to-date: /home/eypan/turtle_follow_ws/install/turtle_interfaces/local/lib/python3.10/dist-packages/turtle_interfaces/_turtle_interfaces_s.ep.rosidl_typesupport_c.c
[1.085s] -- Up-to-date: /home/eypan/turtle_follow_ws/install/turtle_interfaces/local/lib/python3.10/dist-packages/turtle_interfaces/turtle_interfaces_s__rosidl_typesupport_introspection_c.cpython-310-x86_64-linux-gnu.so
[1.085s] -- Up-to-date: /home/eypan/turtle_follow_ws/install/turtle_interfaces/local/lib/python3.10/dist-packages/turtle_interfaces/_turtle_interfaces_s.ep.rosidl_typesupport_introspection_c.c
[1.144s] Listing '/home/eypan/turtle_follow_ws/install/turtle_interfaces/local/lib/python3.10/dist-packages/turtle_interfaces'...
[1.144s] Listing '/home/eypan/turtle_follow_ws/install/turtle_interfaces/local/lib/python3.10/dist-packages/turtle_interfaces/msg'...
[1.144s] Listing '/home/eypan/turtle_follow_ws/install/turtle_interfaces/local/lib/python3.10/dist-packages/turtle_interfaces/srv'...
[1.151s] -- Up-to-date: /home/eypan/turtle_follow_ws/install/turtle_interfaces/local/lib/python3.10/dist-packages/turtle_interfaces/turtle_interfaces_s__rosidl_typesupport_fastrtps_c.cpython-310-x86_64-linux-gnu.so
[1.152s] -- Up-to-date: /home/eypan/turtle_follow_ws/install/turtle_interfaces/local/lib/python3.10/dist-packages/turtle_interfaces/turtle_interfaces_s__rosidl_typesupport_introspection_c.cpython-310-x86_64-linux-gnu.so
[1.152s] -- Up-to-date: /home/eypan/turtle_follow_ws/install/turtle_interfaces/local/lib/python3.10/dist-packages/turtle_interfaces/turtle_interfaces_s__rosidl_typesupport_c.cpython-310-x86_64-linux-gnu.so
[1.153s] -- Up-to-date: /home/eypan/turtle_follow_ws/install/turtle_interfaces/lib/libturtle_interfaces__rosidl_generator_py.so
[1.153s] -- Up-to-date: /home/eypan/turtle_follow_ws/install/turtle_interfaces/share/turtle_interfaces/srv/TurtleCreate.idl
[1.153s] -- Up-to-date: /home/eypan/turtle_follow_ws/install/turtle_interfaces/share/turtle_interfaces/srv/TurtleFollow.idl
[1.154s] -- Up-to-date: /home/eypan/turtle_follow_ws/install/turtle_interfaces/share/turtle_interfaces/msg/StringArray.idl
[1.154s] -- Up-to-date: /home/eypan/turtle_follow_ws/install/turtle_interfaces/share/turtle_interfaces/srv/TurtleCreate.srv
[1.154s] -- Up-to-date: /home/eypan/turtle_follow_ws/install/turtle_interfaces/share/turtle_interfaces/srv/TurtleCreate_Request.msg
[1.154s] -- Up-to-date: /home/eypan/turtle_follow_ws/install/turtle_interfaces/share/turtle_interfaces/srv/TurtleCreate_Response.msg
[1.155s] -- Up-to-date: /home/eypan/turtle_follow_ws/install/turtle_interfaces/share/turtle_interfaces/srv/TurtleFollow.srv
[1.155s] -- Up-to-date: /home/eypan/turtle_follow_ws/install/turtle_interfaces/share/turtle_interfaces/srv/TurtleFollow_Request.msg
[1.155s] -- Up-to-date: /home/eypan/turtle_follow_ws/install/turtle_interfaces/share/turtle_interfaces/srv/TurtleFollow_Response.msg
[1.155s] -- Up-to-date: /home/eypan/turtle_follow_ws/install/turtle_interfaces/share/turtle_interfaces/msg/StringArray.msg
[1.156s] -- Up-to-date: /home/eypan/turtle_follow_ws/install/turtle_interfaces/share/ament_index/resource_index/package_run_dependencies/turtle_interfaces
[1.156s] -- Up-to-date: /home/eypan/turtle_follow_ws/install/turtle_interfaces/share/ament_index/resource_index/parent_prefix_path/turtle_interfaces
[1.156s] -- Up-to-date: /home/eypan/turtle_follow_ws/install/turtle_interfaces/share/turtle_interfaces/environment/ament_prefix_path.sh
[1.156s] -- Up-to-date: /home/eypan/turtle_follow_ws/install/turtle_interfaces/share/turtle_interfaces/environment/ament_prefix_path.dsv
[1.157s] -- Up-to-date: /home/eypan/turtle_follow_ws/install/turtle_interfaces/share/turtle_interfaces/environment/path.sh
[1.157s] -- Up-to-date: /home/eypan/turtle_follow_ws/install/turtle_interfaces/share/turtle_interfaces/environment/path.dsv
[1.157s] -- Up-to-date: /home/eypan/turtle_follow_ws/install/turtle_interfaces/share/turtle_interfaces/local_setup.bash
[1.157s] -- Up-to-date: /home/eypan/turtle_follow_ws/install/turtle_interfaces/share/turtle_interfaces/local_setup.sh
[1.157s] -- Up-to-date: /home/eypan/turtle_follow_ws/install/turtle_interfaces/share/turtle_interfaces/local_setup.zsh
[1.158s] -- Up-to-date: /home/eypan/turtle_follow_ws/install/turtle_interfaces/share/turtle_interfaces/local_setup.dsv
[1.158s] -- Installing: /home/eypan/turtle_follow_ws/install/turtle_interfaces/share/turtle_interfaces/package.dsv
[1.158s] -- Up-to-date: /home/eypan/turtle_follow_ws/install/turtle_interfaces/share/ament_index/resource_index/packages/turtle_interfaces
[1.158s] -- Up-to-date: /home/eypan/turtle_follow_ws/install/turtle_interfaces/share/turtle_interfaces/cmake/export_turtle_interfaces__rosidl_generator_cExport.cmake
[1.159s] -- Up-to-date: /home/eypan/turtle_follow_ws/install/turtle_interfaces/share/turtle_interfaces/cmake/export_turtle_interfaces__rosidl_generator_cExport-noconfig.cmake
[1.159s] -- Up-to-date: /home/eypan/turtle_follow_ws/install/turtle_interfaces/share/turtle_interfaces/cmake/export_turtle_interfaces__rosidl_typesupport_fastrtps_cExport.cmake
[1.159s] -- Up-to-date: /home/eypan/turtle_follow_ws/install/turtle_interfaces/share/turtle_interfaces/cmake/export_turtle_interfaces__rosidl_typesupport_fastrtps_cExport-noconfig.cmake
[1.159s] -- Up-to-date: /home/eypan/turtle_follow_ws/install/turtle_interfaces/share/turtle_interfaces/cmake/turtle_interfaces__rosidl_typesupport_introspection_cExport.cmake
[1.160s] -- Up-to-date: /home/eypan/turtle_follow_ws/install/turtle_interfaces/share/turtle_interfaces/cmake/turtle_interfaces__rosidl_typesupport_introspection_cExport-noconfig.cmake
[1.160s] -- Up-to-date: /home/eypan/turtle_follow_ws/install/turtle_interfaces/share/turtle_interfaces/cmake/turtle_interfaces__rosidl_typesupport_cExport.cmake
[1.160s] -- Up-to-date: /home/eypan/turtle_follow_ws/install/turtle_interfaces/share/turtle_interfaces/cmake/turtle_interfaces__rosidl_typesupport_cExport-noconfig.cmake
[1.161s] -- Up-to-date: /home/eypan/turtle_follow_ws/install/turtle_interfaces/share/turtle_interfaces/cmake/export_turtle_interfaces__rosidl_generator_cppExport.cmake
[1.161s] -- Up-to-date: /home/eypan/turtle_follow_ws/install/turtle_interfaces/share/turtle_interfaces/cmake/export_turtle_interfaces__rosidl_typesupport_fastrtps_cppExport.cmake
[1.161s] -- Up-to-date: /home/eypan/turtle_follow_ws/install/turtle_interfaces/share/turtle_interfaces/cmake/export_turtle_interfaces__rosidl_typesupport_fastrtps_cppExport-noconfig.cmake
[1.161s] -- Up-to-date: /home/eypan/turtle_follow_ws/install/turtle_interfaces/share/turtle_interfaces/cmake/turtle_interfaces__rosidl_typesupport_introspection_cppExport.cmake
[1.161s] -- Up-to-date: /home/eypan/turtle_follow_ws/install/turtle_interfaces/share/turtle_interfaces/cmake/turtle_interfaces__rosidl_typesupport_introspection_cppExport-noconfig.cmake
[1.161s] -- Up-to-date: /home/eypan/turtle_follow_ws/install/turtle_interfaces/share/turtle_interfaces/cmake/turtle_interfaces__rosidl_typesupport_cppExport.cmake
[1.162s] -- Up-to-date: /home/eypan/turtle_follow_ws/install/turtle_interfaces/share/turtle_interfaces/cmake/turtle_interfaces__rosidl_typesupport_cppExport-noconfig.cmake
[1.162s] -- Up-to-date: /home/eypan/turtle_follow_ws/install/turtle_interfaces/share/turtle_interfaces/cmake/export_turtle_interfaces__rosidl_generator_pyExport.cmake
[1.162s] -- Up-to-date: /home/eypan/turtle_follow_ws/install/turtle_interfaces/share/turtle_interfaces/cmake/export_turtle_interfaces__rosidl_generator_pyExport-noconfig.cmake
[1.162s] -- Up-to-date: /home/eypan/turtle_follow_ws/install/turtle_interfaces/share/turtle_interfaces/cmake/rosidl_cmake-extras.cmake
[1.162s] -- Up-to-date: /home/eypan/turtle_follow_ws/install/turtle_interfaces/share/turtle_interfaces/cmake/ament_cmake_export_include_directories-extras.cmake
[1.162s] -- Up-to-date: /home/eypan/turtle_follow_ws/install/turtle_interfaces/share/turtle_interfaces/cmake/ament_cmake_export_libraries-extras.cmake
[1.163s] -- Up-to-date: /home/eypan/turtle_follow_ws/install/turtle_interfaces/share/turtle_interfaces/cmake/ament_cmake_export_targets-extras.cmake
[1.163s] -- Up-to-date: /home/eypan/turtle_follow_ws/install/turtle_interfaces/share/turtle_interfaces/cmake/rosidl_cmake_export_typesupport_targets-extras.cmake
[1.163s] -- Up-to-date: /home/eypan/turtle_follow_ws/install/turtle_interfaces/share/turtle_interfaces/cmake/ament_cmake_export_dependencies-extras.cmake
[1.163s] -- Up-to-date: /home/eypan/turtle_follow_ws/install/turtle_interfaces/share/turtle_interfaces/cmake/rosidl_cmake_export_typesupport_libraries-extras.cmake
[1.163s] -- Up-to-date: /home/eypan/turtle_follow_ws/install/turtle_interfaces/share/turtle_interfaces/cmake/turtle_interfacesConfig.cmake
[1.163s] -- Up-to-date: /home/eypan/turtle_follow_ws/install/turtle_interfaces/share/turtle_interfaces/cmake/turtle_interfacesConfig-version.cmake
[1.163s] -- Up-to-date: /home/eypan/turtle_follow_ws/install/turtle_interfaces/share/turtle_interfaces/package.xml
[1.165s] Invoked command in '/home/eypan/turtle_follow_ws/build/turtle_interfaces' returned '0': CMAKE_PREFIX_PATH=${CMAKE_PREFIX_PATH}:/home/eypan/turtle_follow_ws/install/turtle_control:/home/eypan/install/tutorial_interfaces:/home/eypan/ros2_ws/install/perception:/home/eypan/ros2_ws/install/brain:/home/eypan/ros2_ws/install/actuation:/opt/ros/humble /usr/bin/cmake --install /home/eypan/turtle_follow_ws/build/turtle_interfaces
