[0.207s] DEBUG:colcon:Command line arguments: ['/usr/bin/colcon', 'build']
[0.208s] DEBUG:colcon:Parsed command line arguments: Namespace(log_base=None, log_level=None, verb_name='build', build_base='build', install_base='install', merge_install=False, symlink_install=False, test_result_base=None, continue_on_error=False, executor='parallel', parallel_workers=8, event_handlers=None, ignore_user_meta=False, metas=['./colcon.meta'], base_paths=['.'], packages_ignore=None, packages_ignore_regex=None, paths=None, packages_up_to=None, packages_up_to_regex=None, packages_above=None, packages_above_and_dependencies=None, packages_above_depth=None, packages_select_by_dep=None, packages_skip_by_dep=None, packages_skip_up_to=None, packages_select_build_failed=False, packages_skip_build_finished=False, packages_select_test_failures=False, packages_skip_test_passed=False, packages_select=None, packages_skip=None, packages_select_regex=None, packages_skip_regex=None, packages_start=None, packages_end=None, allow_overriding=[], cmake_args=None, cmake_target=None, cmake_target_skip_unavailable=False, cmake_clean_cache=False, cmake_clean_first=False, cmake_force_configure=False, ament_cmake_args=None, catkin_cmake_args=None, catkin_skip_building_tests=False, mixin_files=None, mixin=None, verb_parser=<colcon_mixin.mixin.mixin_argument.MixinArgumentDecorator object at 0x7d8ef0b33220>, verb_extension=<colcon_core.verb.build.BuildVerb object at 0x7d8ef0b32cb0>, main=<bound method BuildVerb.main of <colcon_core.verb.build.BuildVerb object at 0x7d8ef0b32cb0>>, mixin_verb=('build',))
[0.530s] Level 1:colcon.colcon_core.package_discovery:discover_packages(colcon_meta) check parameters
[0.531s] Level 1:colcon.colcon_core.package_discovery:discover_packages(recursive) check parameters
[0.531s] Level 1:colcon.colcon_core.package_discovery:discover_packages(ignore) check parameters
[0.531s] Level 1:colcon.colcon_core.package_discovery:discover_packages(path) check parameters
[0.531s] Level 1:colcon.colcon_core.package_discovery:discover_packages(colcon_meta) discover
[0.531s] Level 1:colcon.colcon_core.package_discovery:discover_packages(recursive) discover
[0.531s] INFO:colcon.colcon_core.package_discovery:Crawling recursively for packages in '/home/eypan/turtle_follow_ws'
[0.531s] Level 1:colcon.colcon_core.package_identification:_identify(.) by extensions ['ignore', 'ignore_ament_install']
[0.531s] Level 1:colcon.colcon_core.package_identification:_identify(.) by extension 'ignore'
[0.532s] Level 1:colcon.colcon_core.package_identification:_identify(.) by extension 'ignore_ament_install'
[0.532s] Level 1:colcon.colcon_core.package_identification:_identify(.) by extensions ['colcon_pkg']
[0.532s] Level 1:colcon.colcon_core.package_identification:_identify(.) by extension 'colcon_pkg'
[0.532s] Level 1:colcon.colcon_core.package_identification:_identify(.) by extensions ['colcon_meta']
[0.532s] Level 1:colcon.colcon_core.package_identification:_identify(.) by extension 'colcon_meta'
[0.532s] Level 1:colcon.colcon_core.package_identification:_identify(.) by extensions ['ros']
[0.532s] Level 1:colcon.colcon_core.package_identification:_identify(.) by extension 'ros'
[0.559s] Level 1:colcon.colcon_core.package_identification:_identify(.) by extensions ['cmake', 'python']
[0.559s] Level 1:colcon.colcon_core.package_identification:_identify(.) by extension 'cmake'
[0.560s] Level 1:colcon.colcon_core.package_identification:_identify(.) by extension 'python'
[0.560s] Level 1:colcon.colcon_core.package_identification:_identify(.) by extensions ['python_setup_py']
[0.560s] Level 1:colcon.colcon_core.package_identification:_identify(.) by extension 'python_setup_py'
[0.560s] Level 1:colcon.colcon_core.package_identification:_identify(build) by extensions ['ignore', 'ignore_ament_install']
[0.560s] Level 1:colcon.colcon_core.package_identification:_identify(build) by extension 'ignore'
[0.560s] Level 1:colcon.colcon_core.package_identification:_identify(build) ignored
[0.560s] Level 1:colcon.colcon_core.package_identification:_identify(install) by extensions ['ignore', 'ignore_ament_install']
[0.561s] Level 1:colcon.colcon_core.package_identification:_identify(install) by extension 'ignore'
[0.561s] Level 1:colcon.colcon_core.package_identification:_identify(install) ignored
[0.561s] Level 1:colcon.colcon_core.package_identification:_identify(log) by extensions ['ignore', 'ignore_ament_install']
[0.561s] Level 1:colcon.colcon_core.package_identification:_identify(log) by extension 'ignore'
[0.561s] Level 1:colcon.colcon_core.package_identification:_identify(log) ignored
[0.561s] Level 1:colcon.colcon_core.package_identification:_identify(src) by extensions ['ignore', 'ignore_ament_install']
[0.561s] Level 1:colcon.colcon_core.package_identification:_identify(src) by extension 'ignore'
[0.562s] Level 1:colcon.colcon_core.package_identification:_identify(src) by extension 'ignore_ament_install'
[0.562s] Level 1:colcon.colcon_core.package_identification:_identify(src) by extensions ['colcon_pkg']
[0.562s] Level 1:colcon.colcon_core.package_identification:_identify(src) by extension 'colcon_pkg'
[0.562s] Level 1:colcon.colcon_core.package_identification:_identify(src) by extensions ['colcon_meta']
[0.562s] Level 1:colcon.colcon_core.package_identification:_identify(src) by extension 'colcon_meta'
[0.562s] Level 1:colcon.colcon_core.package_identification:_identify(src) by extensions ['ros']
[0.562s] Level 1:colcon.colcon_core.package_identification:_identify(src) by extension 'ros'
[0.562s] Level 1:colcon.colcon_core.package_identification:_identify(src) by extensions ['cmake', 'python']
[0.562s] Level 1:colcon.colcon_core.package_identification:_identify(src) by extension 'cmake'
[0.562s] Level 1:colcon.colcon_core.package_identification:_identify(src) by extension 'python'
[0.562s] Level 1:colcon.colcon_core.package_identification:_identify(src) by extensions ['python_setup_py']
[0.562s] Level 1:colcon.colcon_core.package_identification:_identify(src) by extension 'python_setup_py'
[0.563s] Level 1:colcon.colcon_core.package_identification:_identify(src/turtle_control) by extensions ['ignore', 'ignore_ament_install']
[0.563s] Level 1:colcon.colcon_core.package_identification:_identify(src/turtle_control) by extension 'ignore'
[0.563s] Level 1:colcon.colcon_core.package_identification:_identify(src/turtle_control) by extension 'ignore_ament_install'
[0.563s] Level 1:colcon.colcon_core.package_identification:_identify(src/turtle_control) by extensions ['colcon_pkg']
[0.563s] Level 1:colcon.colcon_core.package_identification:_identify(src/turtle_control) by extension 'colcon_pkg'
[0.563s] Level 1:colcon.colcon_core.package_identification:_identify(src/turtle_control) by extensions ['colcon_meta']
[0.563s] Level 1:colcon.colcon_core.package_identification:_identify(src/turtle_control) by extension 'colcon_meta'
[0.563s] Level 1:colcon.colcon_core.package_identification:_identify(src/turtle_control) by extensions ['ros']
[0.563s] Level 1:colcon.colcon_core.package_identification:_identify(src/turtle_control) by extension 'ros'
[0.569s] DEBUG:colcon.colcon_core.package_identification:Package 'src/turtle_control' with type 'ros.ament_python' and name 'turtle_control'
[0.569s] Level 1:colcon.colcon_core.package_identification:_identify(src/turtle_interfaces) by extensions ['ignore', 'ignore_ament_install']
[0.569s] Level 1:colcon.colcon_core.package_identification:_identify(src/turtle_interfaces) by extension 'ignore'
[0.569s] Level 1:colcon.colcon_core.package_identification:_identify(src/turtle_interfaces) by extension 'ignore_ament_install'
[0.569s] Level 1:colcon.colcon_core.package_identification:_identify(src/turtle_interfaces) by extensions ['colcon_pkg']
[0.569s] Level 1:colcon.colcon_core.package_identification:_identify(src/turtle_interfaces) by extension 'colcon_pkg'
[0.569s] Level 1:colcon.colcon_core.package_identification:_identify(src/turtle_interfaces) by extensions ['colcon_meta']
[0.570s] Level 1:colcon.colcon_core.package_identification:_identify(src/turtle_interfaces) by extension 'colcon_meta'
[0.570s] Level 1:colcon.colcon_core.package_identification:_identify(src/turtle_interfaces) by extensions ['ros']
[0.570s] Level 1:colcon.colcon_core.package_identification:_identify(src/turtle_interfaces) by extension 'ros'
[0.571s] DEBUG:colcon.colcon_core.package_identification:Package 'src/turtle_interfaces' with type 'ros.ament_cmake' and name 'turtle_interfaces'
[0.571s] Level 1:colcon.colcon_core.package_discovery:discover_packages(recursive) using defaults
[0.571s] Level 1:colcon.colcon_core.package_discovery:discover_packages(ignore) discover
[0.571s] Level 1:colcon.colcon_core.package_discovery:discover_packages(ignore) using defaults
[0.571s] Level 1:colcon.colcon_core.package_discovery:discover_packages(path) discover
[0.571s] Level 1:colcon.colcon_core.package_discovery:discover_packages(path) using defaults
[0.614s] Level 1:colcon.colcon_core.package_discovery:discover_packages(prefix_path) check parameters
[0.614s] Level 1:colcon.colcon_core.package_discovery:discover_packages(prefix_path) discover
[0.617s] DEBUG:colcon.colcon_installed_package_information.package_discovery:Found 2 installed packages in /home/eypan/turtle_follow_ws/install
[0.618s] DEBUG:colcon.colcon_installed_package_information.package_discovery:Found 1 installed packages in /home/eypan/install
[0.619s] DEBUG:colcon.colcon_installed_package_information.package_discovery:Found 4 installed packages in /home/eypan/ros2_ws/install
[0.622s] DEBUG:colcon.colcon_installed_package_information.package_discovery:Found 373 installed packages in /opt/ros/humble
[0.625s] Level 1:colcon.colcon_core.package_discovery:discover_packages(prefix_path) using defaults
[0.731s] Level 5:colcon.colcon_core.verb:set package 'turtle_interfaces' build argument 'cmake_args' from command line to 'None'
[0.731s] Level 5:colcon.colcon_core.verb:set package 'turtle_interfaces' build argument 'cmake_target' from command line to 'None'
[0.731s] Level 5:colcon.colcon_core.verb:set package 'turtle_interfaces' build argument 'cmake_target_skip_unavailable' from command line to 'False'
[0.731s] Level 5:colcon.colcon_core.verb:set package 'turtle_interfaces' build argument 'cmake_clean_cache' from command line to 'False'
[0.731s] Level 5:colcon.colcon_core.verb:set package 'turtle_interfaces' build argument 'cmake_clean_first' from command line to 'False'
[0.731s] Level 5:colcon.colcon_core.verb:set package 'turtle_interfaces' build argument 'cmake_force_configure' from command line to 'False'
[0.731s] Level 5:colcon.colcon_core.verb:set package 'turtle_interfaces' build argument 'ament_cmake_args' from command line to 'None'
[0.731s] Level 5:colcon.colcon_core.verb:set package 'turtle_interfaces' build argument 'catkin_cmake_args' from command line to 'None'
[0.731s] Level 5:colcon.colcon_core.verb:set package 'turtle_interfaces' build argument 'catkin_skip_building_tests' from command line to 'False'
[0.731s] DEBUG:colcon.colcon_core.verb:Building package 'turtle_interfaces' with the following arguments: {'ament_cmake_args': None, 'build_base': '/home/eypan/turtle_follow_ws/build/turtle_interfaces', 'catkin_cmake_args': None, 'catkin_skip_building_tests': False, 'cmake_args': None, 'cmake_clean_cache': False, 'cmake_clean_first': False, 'cmake_force_configure': False, 'cmake_target': None, 'cmake_target_skip_unavailable': False, 'install_base': '/home/eypan/turtle_follow_ws/install/turtle_interfaces', 'merge_install': False, 'path': '/home/eypan/turtle_follow_ws/src/turtle_interfaces', 'symlink_install': False, 'test_result_base': None}
[0.732s] Level 5:colcon.colcon_core.verb:set package 'turtle_control' build argument 'cmake_args' from command line to 'None'
[0.732s] Level 5:colcon.colcon_core.verb:set package 'turtle_control' build argument 'cmake_target' from command line to 'None'
[0.732s] Level 5:colcon.colcon_core.verb:set package 'turtle_control' build argument 'cmake_target_skip_unavailable' from command line to 'False'
[0.732s] Level 5:colcon.colcon_core.verb:set package 'turtle_control' build argument 'cmake_clean_cache' from command line to 'False'
[0.732s] Level 5:colcon.colcon_core.verb:set package 'turtle_control' build argument 'cmake_clean_first' from command line to 'False'
[0.732s] Level 5:colcon.colcon_core.verb:set package 'turtle_control' build argument 'cmake_force_configure' from command line to 'False'
[0.732s] Level 5:colcon.colcon_core.verb:set package 'turtle_control' build argument 'ament_cmake_args' from command line to 'None'
[0.732s] Level 5:colcon.colcon_core.verb:set package 'turtle_control' build argument 'catkin_cmake_args' from command line to 'None'
[0.732s] Level 5:colcon.colcon_core.verb:set package 'turtle_control' build argument 'catkin_skip_building_tests' from command line to 'False'
[0.732s] DEBUG:colcon.colcon_core.verb:Building package 'turtle_control' with the following arguments: {'ament_cmake_args': None, 'build_base': '/home/eypan/turtle_follow_ws/build/turtle_control', 'catkin_cmake_args': None, 'catkin_skip_building_tests': False, 'cmake_args': None, 'cmake_clean_cache': False, 'cmake_clean_first': False, 'cmake_force_configure': False, 'cmake_target': None, 'cmake_target_skip_unavailable': False, 'install_base': '/home/eypan/turtle_follow_ws/install/turtle_control', 'merge_install': False, 'path': '/home/eypan/turtle_follow_ws/src/turtle_control', 'symlink_install': False, 'test_result_base': None}
[0.733s] INFO:colcon.colcon_core.executor:Executing jobs using 'parallel' executor
[0.735s] DEBUG:colcon.colcon_parallel_executor.executor.parallel:run_until_complete
[0.735s] INFO:colcon.colcon_ros.task.ament_cmake.build:Building ROS package in '/home/eypan/turtle_follow_ws/src/turtle_interfaces' with build type 'ament_cmake'
[0.735s] INFO:colcon.colcon_cmake.task.cmake.build:Building CMake package in '/home/eypan/turtle_follow_ws/src/turtle_interfaces'
[0.739s] INFO:colcon.colcon_core.plugin_system:Skipping extension 'colcon_core.shell.bat': Not used on non-Windows systems
[0.739s] INFO:colcon.colcon_core.shell:Skip shell extension 'powershell' for command environment: Not usable outside of PowerShell
[0.739s] DEBUG:colcon.colcon_core.shell:Skip shell extension 'dsv' for command environment
[0.759s] DEBUG:colcon.colcon_core.event_handler.log_command:Invoking command in '/home/eypan/turtle_follow_ws/build/turtle_interfaces': CMAKE_PREFIX_PATH=${CMAKE_PREFIX_PATH}:/home/eypan/turtle_follow_ws/install/turtle_control:/home/eypan/install/tutorial_interfaces:/home/eypan/ros2_ws/install/perception:/home/eypan/ros2_ws/install/brain:/home/eypan/ros2_ws/install/actuation:/opt/ros/humble /usr/bin/cmake --build /home/eypan/turtle_follow_ws/build/turtle_interfaces -- -j8 -l8
[1.516s] DEBUG:colcon.colcon_core.event_handler.log_command:Invoked command in '/home/eypan/turtle_follow_ws/build/turtle_interfaces' returned '0': CMAKE_PREFIX_PATH=${CMAKE_PREFIX_PATH}:/home/eypan/turtle_follow_ws/install/turtle_control:/home/eypan/install/tutorial_interfaces:/home/eypan/ros2_ws/install/perception:/home/eypan/ros2_ws/install/brain:/home/eypan/ros2_ws/install/actuation:/opt/ros/humble /usr/bin/cmake --build /home/eypan/turtle_follow_ws/build/turtle_interfaces -- -j8 -l8
[1.714s] DEBUG:colcon.colcon_core.event_handler.log_command:Invoking command in '/home/eypan/turtle_follow_ws/build/turtle_interfaces': CMAKE_PREFIX_PATH=${CMAKE_PREFIX_PATH}:/home/eypan/turtle_follow_ws/install/turtle_control:/home/eypan/install/tutorial_interfaces:/home/eypan/ros2_ws/install/perception:/home/eypan/ros2_ws/install/brain:/home/eypan/ros2_ws/install/actuation:/opt/ros/humble /usr/bin/cmake --install /home/eypan/turtle_follow_ws/build/turtle_interfaces
[1.823s] Level 1:colcon.colcon_core.environment:create_environment_scripts_only(turtle_interfaces)
[1.824s] DEBUG:colcon.colcon_core.event_handler.log_command:Invoked command in '/home/eypan/turtle_follow_ws/build/turtle_interfaces' returned '0': CMAKE_PREFIX_PATH=${CMAKE_PREFIX_PATH}:/home/eypan/turtle_follow_ws/install/turtle_control:/home/eypan/install/tutorial_interfaces:/home/eypan/ros2_ws/install/perception:/home/eypan/ros2_ws/install/brain:/home/eypan/ros2_ws/install/actuation:/opt/ros/humble /usr/bin/cmake --install /home/eypan/turtle_follow_ws/build/turtle_interfaces
[1.827s] Level 1:colcon.colcon_core.environment:checking '/home/eypan/turtle_follow_ws/install/turtle_interfaces' for CMake module files
[1.828s] Level 1:colcon.colcon_core.environment:checking '/home/eypan/turtle_follow_ws/install/turtle_interfaces' for CMake config files
[1.829s] Level 1:colcon.colcon_core.shell:create_environment_hook('turtle_interfaces', 'cmake_prefix_path')
[1.829s] INFO:colcon.colcon_core.shell:Creating environment hook '/home/eypan/turtle_follow_ws/install/turtle_interfaces/share/turtle_interfaces/hook/cmake_prefix_path.ps1'
[1.830s] INFO:colcon.colcon_core.shell:Creating environment descriptor '/home/eypan/turtle_follow_ws/install/turtle_interfaces/share/turtle_interfaces/hook/cmake_prefix_path.dsv'
[1.831s] INFO:colcon.colcon_core.shell:Creating environment hook '/home/eypan/turtle_follow_ws/install/turtle_interfaces/share/turtle_interfaces/hook/cmake_prefix_path.sh'
[1.833s] Level 1:colcon.colcon_core.environment:checking '/home/eypan/turtle_follow_ws/install/turtle_interfaces/lib'
[1.833s] Level 1:colcon.colcon_core.shell:create_environment_hook('turtle_interfaces', 'ld_library_path_lib')
[1.833s] INFO:colcon.colcon_core.shell:Creating environment hook '/home/eypan/turtle_follow_ws/install/turtle_interfaces/share/turtle_interfaces/hook/ld_library_path_lib.ps1'
[1.834s] INFO:colcon.colcon_core.shell:Creating environment descriptor '/home/eypan/turtle_follow_ws/install/turtle_interfaces/share/turtle_interfaces/hook/ld_library_path_lib.dsv'
[1.834s] INFO:colcon.colcon_core.shell:Creating environment hook '/home/eypan/turtle_follow_ws/install/turtle_interfaces/share/turtle_interfaces/hook/ld_library_path_lib.sh'
[1.835s] Level 1:colcon.colcon_core.environment:checking '/home/eypan/turtle_follow_ws/install/turtle_interfaces/bin'
[1.835s] Level 1:colcon.colcon_core.environment:checking '/home/eypan/turtle_follow_ws/install/turtle_interfaces/lib/pkgconfig/turtle_interfaces.pc'
[1.835s] Level 1:colcon.colcon_core.environment:checking '/home/eypan/turtle_follow_ws/install/turtle_interfaces/lib/python3.10/site-packages'
[1.836s] Level 1:colcon.colcon_core.environment:checking '/home/eypan/turtle_follow_ws/install/turtle_interfaces/bin'
[1.836s] INFO:colcon.colcon_core.shell:Creating package script '/home/eypan/turtle_follow_ws/install/turtle_interfaces/share/turtle_interfaces/package.ps1'
[1.838s] INFO:colcon.colcon_core.shell:Creating package descriptor '/home/eypan/turtle_follow_ws/install/turtle_interfaces/share/turtle_interfaces/package.dsv'
[1.838s] INFO:colcon.colcon_core.shell:Creating package script '/home/eypan/turtle_follow_ws/install/turtle_interfaces/share/turtle_interfaces/package.sh'
[1.840s] INFO:colcon.colcon_core.shell:Creating package script '/home/eypan/turtle_follow_ws/install/turtle_interfaces/share/turtle_interfaces/package.bash'
[1.841s] INFO:colcon.colcon_core.shell:Creating package script '/home/eypan/turtle_follow_ws/install/turtle_interfaces/share/turtle_interfaces/package.zsh'
[1.842s] Level 1:colcon.colcon_core.environment:create_file_with_runtime_dependencies(/home/eypan/turtle_follow_ws/install/turtle_interfaces/share/colcon-core/packages/turtle_interfaces)
[2.015s] Level 1:colcon.colcon_core.environment:create_environment_scripts_only(turtle_interfaces)
[2.016s] Level 1:colcon.colcon_core.environment:checking '/home/eypan/turtle_follow_ws/install/turtle_interfaces' for CMake module files
[2.018s] Level 1:colcon.colcon_core.environment:checking '/home/eypan/turtle_follow_ws/install/turtle_interfaces' for CMake config files
[2.019s] Level 1:colcon.colcon_core.shell:create_environment_hook('turtle_interfaces', 'cmake_prefix_path')
[2.020s] INFO:colcon.colcon_core.shell:Creating environment hook '/home/eypan/turtle_follow_ws/install/turtle_interfaces/share/turtle_interfaces/hook/cmake_prefix_path.ps1'
[2.021s] INFO:colcon.colcon_core.shell:Creating environment descriptor '/home/eypan/turtle_follow_ws/install/turtle_interfaces/share/turtle_interfaces/hook/cmake_prefix_path.dsv'
[2.022s] INFO:colcon.colcon_core.shell:Creating environment hook '/home/eypan/turtle_follow_ws/install/turtle_interfaces/share/turtle_interfaces/hook/cmake_prefix_path.sh'
[2.023s] Level 1:colcon.colcon_core.environment:checking '/home/eypan/turtle_follow_ws/install/turtle_interfaces/lib'
[2.023s] Level 1:colcon.colcon_core.shell:create_environment_hook('turtle_interfaces', 'ld_library_path_lib')
[2.024s] INFO:colcon.colcon_core.shell:Creating environment hook '/home/eypan/turtle_follow_ws/install/turtle_interfaces/share/turtle_interfaces/hook/ld_library_path_lib.ps1'
[2.025s] INFO:colcon.colcon_core.shell:Creating environment descriptor '/home/eypan/turtle_follow_ws/install/turtle_interfaces/share/turtle_interfaces/hook/ld_library_path_lib.dsv'
[2.026s] INFO:colcon.colcon_core.shell:Creating environment hook '/home/eypan/turtle_follow_ws/install/turtle_interfaces/share/turtle_interfaces/hook/ld_library_path_lib.sh'
[2.026s] Level 1:colcon.colcon_core.environment:checking '/home/eypan/turtle_follow_ws/install/turtle_interfaces/bin'
[2.027s] Level 1:colcon.colcon_core.environment:checking '/home/eypan/turtle_follow_ws/install/turtle_interfaces/lib/pkgconfig/turtle_interfaces.pc'
[2.027s] Level 1:colcon.colcon_core.environment:checking '/home/eypan/turtle_follow_ws/install/turtle_interfaces/lib/python3.10/site-packages'
[2.028s] Level 1:colcon.colcon_core.environment:checking '/home/eypan/turtle_follow_ws/install/turtle_interfaces/bin'
[2.029s] INFO:colcon.colcon_core.shell:Creating package script '/home/eypan/turtle_follow_ws/install/turtle_interfaces/share/turtle_interfaces/package.ps1'
[2.030s] INFO:colcon.colcon_core.shell:Creating package descriptor '/home/eypan/turtle_follow_ws/install/turtle_interfaces/share/turtle_interfaces/package.dsv'
[2.031s] INFO:colcon.colcon_core.shell:Creating package script '/home/eypan/turtle_follow_ws/install/turtle_interfaces/share/turtle_interfaces/package.sh'
[2.032s] INFO:colcon.colcon_core.shell:Creating package script '/home/eypan/turtle_follow_ws/install/turtle_interfaces/share/turtle_interfaces/package.bash'
[2.033s] INFO:colcon.colcon_core.shell:Creating package script '/home/eypan/turtle_follow_ws/install/turtle_interfaces/share/turtle_interfaces/package.zsh'
[2.034s] Level 1:colcon.colcon_core.environment:create_file_with_runtime_dependencies(/home/eypan/turtle_follow_ws/install/turtle_interfaces/share/colcon-core/packages/turtle_interfaces)
[2.035s] INFO:colcon.colcon_ros.task.ament_python.build:Building ROS package in '/home/eypan/turtle_follow_ws/src/turtle_control' with build type 'ament_python'
[2.035s] Level 1:colcon.colcon_core.shell:create_environment_hook('turtle_control', 'ament_prefix_path')
[2.036s] INFO:colcon.colcon_core.shell:Creating environment hook '/home/eypan/turtle_follow_ws/install/turtle_control/share/turtle_control/hook/ament_prefix_path.ps1'
[2.038s] INFO:colcon.colcon_core.shell:Creating environment descriptor '/home/eypan/turtle_follow_ws/install/turtle_control/share/turtle_control/hook/ament_prefix_path.dsv'
[2.039s] INFO:colcon.colcon_core.shell:Creating environment hook '/home/eypan/turtle_follow_ws/install/turtle_control/share/turtle_control/hook/ament_prefix_path.sh'
[2.040s] INFO:colcon.colcon_core.shell:Skip shell extension 'powershell' for command environment: Not usable outside of PowerShell
[2.040s] DEBUG:colcon.colcon_core.shell:Skip shell extension 'dsv' for command environment
[2.583s] INFO:colcon.colcon_core.task.python.build:Building Python package in '/home/eypan/turtle_follow_ws/src/turtle_control'
[2.584s] INFO:colcon.colcon_core.shell:Skip shell extension 'powershell' for command environment: Not usable outside of PowerShell
[2.584s] DEBUG:colcon.colcon_core.shell:Skip shell extension 'dsv' for command environment
[3.304s] DEBUG:colcon.colcon_core.event_handler.log_command:Invoking command in '/home/eypan/turtle_follow_ws/src/turtle_control': PYTHONPATH=/home/eypan/turtle_follow_ws/build/turtle_control/prefix_override:/usr/lib/python3/dist-packages/colcon_core/task/python/colcon_distutils_commands:/home/eypan/turtle_follow_ws/install/turtle_control/lib/python3.10/site-packages:${PYTHONPATH} /usr/bin/python3 -W ignore:setup.py install is deprecated setup.py egg_info --egg-base ../../build/turtle_control build --build-base /home/eypan/turtle_follow_ws/build/turtle_control/build install --record /home/eypan/turtle_follow_ws/build/turtle_control/install.log --single-version-externally-managed install_data
[3.898s] Level 1:colcon.colcon_core.environment:checking '/home/eypan/turtle_follow_ws/install/turtle_control' for CMake module files
[3.899s] DEBUG:colcon.colcon_core.event_handler.log_command:Invoked command in '/home/eypan/turtle_follow_ws/src/turtle_control' returned '0': PYTHONPATH=/home/eypan/turtle_follow_ws/build/turtle_control/prefix_override:/usr/lib/python3/dist-packages/colcon_core/task/python/colcon_distutils_commands:/home/eypan/turtle_follow_ws/install/turtle_control/lib/python3.10/site-packages:${PYTHONPATH} /usr/bin/python3 -W ignore:setup.py install is deprecated setup.py egg_info --egg-base ../../build/turtle_control build --build-base /home/eypan/turtle_follow_ws/build/turtle_control/build install --record /home/eypan/turtle_follow_ws/build/turtle_control/install.log --single-version-externally-managed install_data
[3.900s] Level 1:colcon.colcon_core.environment:checking '/home/eypan/turtle_follow_ws/install/turtle_control' for CMake config files
[3.901s] Level 1:colcon.colcon_core.environment:checking '/home/eypan/turtle_follow_ws/install/turtle_control/lib'
[3.901s] Level 1:colcon.colcon_core.environment:checking '/home/eypan/turtle_follow_ws/install/turtle_control/bin'
[3.901s] Level 1:colcon.colcon_core.environment:checking '/home/eypan/turtle_follow_ws/install/turtle_control/lib/pkgconfig/turtle_control.pc'
[3.902s] Level 1:colcon.colcon_core.environment:checking '/home/eypan/turtle_follow_ws/install/turtle_control/lib/python3.10/site-packages'
[3.902s] Level 1:colcon.colcon_core.shell:create_environment_hook('turtle_control', 'pythonpath')
[3.902s] INFO:colcon.colcon_core.shell:Creating environment hook '/home/eypan/turtle_follow_ws/install/turtle_control/share/turtle_control/hook/pythonpath.ps1'
[3.903s] INFO:colcon.colcon_core.shell:Creating environment descriptor '/home/eypan/turtle_follow_ws/install/turtle_control/share/turtle_control/hook/pythonpath.dsv'
[3.904s] INFO:colcon.colcon_core.shell:Creating environment hook '/home/eypan/turtle_follow_ws/install/turtle_control/share/turtle_control/hook/pythonpath.sh'
[3.905s] Level 1:colcon.colcon_core.environment:checking '/home/eypan/turtle_follow_ws/install/turtle_control/bin'
[3.905s] Level 1:colcon.colcon_core.environment:create_environment_scripts_only(turtle_control)
[3.905s] INFO:colcon.colcon_core.shell:Creating package script '/home/eypan/turtle_follow_ws/install/turtle_control/share/turtle_control/package.ps1'
[3.906s] INFO:colcon.colcon_core.shell:Creating package descriptor '/home/eypan/turtle_follow_ws/install/turtle_control/share/turtle_control/package.dsv'
[3.907s] INFO:colcon.colcon_core.shell:Creating package script '/home/eypan/turtle_follow_ws/install/turtle_control/share/turtle_control/package.sh'
[3.907s] INFO:colcon.colcon_core.shell:Creating package script '/home/eypan/turtle_follow_ws/install/turtle_control/share/turtle_control/package.bash'
[3.908s] INFO:colcon.colcon_core.shell:Creating package script '/home/eypan/turtle_follow_ws/install/turtle_control/share/turtle_control/package.zsh'
[3.908s] Level 1:colcon.colcon_core.environment:create_file_with_runtime_dependencies(/home/eypan/turtle_follow_ws/install/turtle_control/share/colcon-core/packages/turtle_control)
[3.909s] DEBUG:colcon.colcon_parallel_executor.executor.parallel:closing loop
[3.910s] DEBUG:colcon.colcon_parallel_executor.executor.parallel:loop closed
[3.910s] DEBUG:colcon.colcon_parallel_executor.executor.parallel:run_until_complete finished with '0'
[3.910s] DEBUG:colcon.colcon_core.event_reactor:joining thread
[3.919s] INFO:colcon.colcon_core.plugin_system:Skipping extension 'colcon_notification.desktop_notification.terminal_notifier': Not used on non-Darwin systems
[3.919s] INFO:colcon.colcon_core.plugin_system:Skipping extension 'colcon_notification.desktop_notification.win32': Not used on non-Windows systems
[3.919s] INFO:colcon.colcon_notification.desktop_notification:Sending desktop notification using 'notify2'
[3.941s] DEBUG:colcon.colcon_core.event_reactor:joined thread
[3.942s] INFO:colcon.colcon_core.shell:Creating prefix script '/home/eypan/turtle_follow_ws/install/local_setup.ps1'
[3.944s] INFO:colcon.colcon_core.shell:Creating prefix util module '/home/eypan/turtle_follow_ws/install/_local_setup_util_ps1.py'
[3.949s] INFO:colcon.colcon_core.shell:Creating prefix chain script '/home/eypan/turtle_follow_ws/install/setup.ps1'
[3.953s] INFO:colcon.colcon_core.shell:Creating prefix script '/home/eypan/turtle_follow_ws/install/local_setup.sh'
[3.954s] INFO:colcon.colcon_core.shell:Creating prefix util module '/home/eypan/turtle_follow_ws/install/_local_setup_util_sh.py'
[3.955s] INFO:colcon.colcon_core.shell:Creating prefix chain script '/home/eypan/turtle_follow_ws/install/setup.sh'
[3.957s] INFO:colcon.colcon_core.shell:Creating prefix script '/home/eypan/turtle_follow_ws/install/local_setup.bash'
[3.958s] INFO:colcon.colcon_core.shell:Creating prefix chain script '/home/eypan/turtle_follow_ws/install/setup.bash'
[3.960s] INFO:colcon.colcon_core.shell:Creating prefix script '/home/eypan/turtle_follow_ws/install/local_setup.zsh'
[3.961s] INFO:colcon.colcon_core.shell:Creating prefix chain script '/home/eypan/turtle_follow_ws/install/setup.zsh'
