[0.010s] Invoking command in '/home/eypan/turtle_follow_ws/build/custom_interfaces': CMAKE_PREFIX_PATH=${CMAKE_PREFIX_PATH}:/home/eypan/turtle_follow_ws/install/turtle_control:/home/eypan/install/tutorial_interfaces:/home/eypan/ros2_ws/install/perception:/home/eypan/ros2_ws/install/brain:/home/eypan/ros2_ws/install/actuation:/opt/ros/humble /usr/bin/cmake /home/eypan/turtle_follow_ws/src/turtle_interfaces -DCMAKE_INSTALL_PREFIX=/home/eypan/turtle_follow_ws/install/custom_interfaces
[0.048s] -- The C compiler identification is GNU 11.4.0
[0.083s] -- The CXX compiler identification is GNU 11.4.0
[0.088s] -- Detecting C compiler ABI info
[0.136s] -- Detecting C compiler ABI info - done
[0.141s] -- Check for working C compiler: /usr/bin/cc - skipped
[0.141s] -- Detecting C compile features
[0.141s] -- Detecting C compile features - done
[0.143s] -- Detecting CXX compiler ABI info
[0.195s] -- Detecting CXX compiler ABI info - done
[0.201s] -- Check for working CXX compiler: /usr/bin/c++ - skipped
[0.201s] -- Detecting CXX compile features
[0.201s] -- Detecting CXX compile features - done
[0.203s] -- Found ament_cmake: 1.3.9 (/opt/ros/humble/share/ament_cmake/cmake)
[0.309s] -- Found Python3: /usr/bin/python3 (found version "3.10.12") found components: Interpreter 
[0.376s] -- Found rosidl_default_generators: 1.2.0 (/opt/ros/humble/share/rosidl_default_generators/cmake)
[0.378s] -- Using all available rosidl_typesupport_c: rosidl_typesupport_fastrtps_c;rosidl_typesupport_introspection_c
[0.384s] -- Found rosidl_adapter: 3.1.5 (/opt/ros/humble/share/rosidl_adapter/cmake)
[0.414s] -- Using all available rosidl_typesupport_cpp: rosidl_typesupport_fastrtps_cpp;rosidl_typesupport_introspection_cpp
[0.565s] [31mCMake Error at /opt/ros/humble/share/ament_cmake_core/cmake/core/ament_package_xml.cmake:53 (message):
[0.565s]   ament_package_xml() package name 'custom_interfaces' in '/package.xml' does
[0.566s]   not match current PROJECT_NAME 'turtle_interfaces'.  You must call
[0.566s]   project() with the same package name before.
[0.566s] Call Stack (most recent call first):
[0.566s]   /opt/ros/humble/share/rosidl_cmake/cmake/rosidl_generate_interfaces.cmake:226 (ament_package_xml)
[0.566s]   CMakeLists.txt:16 (rosidl_generate_interfaces)
[0.566s] 
[0.566s] [0m
[0.566s] -- Configuring incomplete, errors occurred!
[0.566s] See also "/home/eypan/turtle_follow_ws/build/custom_interfaces/CMakeFiles/CMakeOutput.log".
[0.571s] Invoked command in '/home/eypan/turtle_follow_ws/build/custom_interfaces' returned '1': CMAKE_PREFIX_PATH=${CMAKE_PREFIX_PATH}:/home/eypan/turtle_follow_ws/install/turtle_control:/home/eypan/install/tutorial_interfaces:/home/eypan/ros2_ws/install/perception:/home/eypan/ros2_ws/install/brain:/home/eypan/ros2_ws/install/actuation:/opt/ros/humble /usr/bin/cmake /home/eypan/turtle_follow_ws/src/turtle_interfaces -DCMAKE_INSTALL_PREFIX=/home/eypan/turtle_follow_ws/install/custom_interfaces
