[0.444s] Invoking command in '/home/eypan/turtle_follow_ws/src/turtle_control': PYTHONPATH=/home/eypan/turtle_follow_ws/build/turtle_control/prefix_override:/usr/lib/python3/dist-packages/colcon_core/task/python/colcon_distutils_commands:/home/eypan/turtle_follow_ws/install/turtle_control/lib/python3.10/site-packages:${PYTHONPATH} /usr/bin/python3 -W ignore:setup.py install is deprecated setup.py egg_info --egg-base ../../build/turtle_control build --build-base /home/eypan/turtle_follow_ws/build/turtle_control/build install --record /home/eypan/turtle_follow_ws/build/turtle_control/install.log --single-version-externally-managed install_data
[0.627s] running egg_info
[0.627s] writing ../../build/turtle_control/turtle_control.egg-info/PKG-INFO
[0.627s] writing dependency_links to ../../build/turtle_control/turtle_control.egg-info/dependency_links.txt
[0.628s] writing entry points to ../../build/turtle_control/turtle_control.egg-info/entry_points.txt
[0.628s] writing requirements to ../../build/turtle_control/turtle_control.egg-info/requires.txt
[0.628s] writing top-level names to ../../build/turtle_control/turtle_control.egg-info/top_level.txt
[0.629s] reading manifest file '../../build/turtle_control/turtle_control.egg-info/SOURCES.txt'
[0.630s] writing manifest file '../../build/turtle_control/turtle_control.egg-info/SOURCES.txt'
[0.630s] running build
[0.630s] running build_py
[0.631s] running install
[0.631s] running install_lib
[0.632s] running install_data
[0.632s] running install_egg_info
[0.634s] removing '/home/eypan/turtle_follow_ws/install/turtle_control/lib/python3.10/site-packages/turtle_control-0.0.0-py3.10.egg-info' (and everything under it)
[0.634s] Copying ../../build/turtle_control/turtle_control.egg-info to /home/eypan/turtle_follow_ws/install/turtle_control/lib/python3.10/site-packages/turtle_control-0.0.0-py3.10.egg-info
[0.635s] running install_scripts
[0.649s] Installing client script to /home/eypan/turtle_follow_ws/install/turtle_control/lib/turtle_control
[0.649s] Installing followClient script to /home/eypan/turtle_follow_ws/install/turtle_control/lib/turtle_control
[0.649s] Installing followServer script to /home/eypan/turtle_follow_ws/install/turtle_control/lib/turtle_control
[0.649s] Installing server script to /home/eypan/turtle_follow_ws/install/turtle_control/lib/turtle_control
[0.649s] writing list of installed files to '/home/eypan/turtle_follow_ws/build/turtle_control/install.log'
[0.670s] Invoked command in '/home/eypan/turtle_follow_ws/src/turtle_control' returned '0': PYTHONPATH=/home/eypan/turtle_follow_ws/build/turtle_control/prefix_override:/usr/lib/python3/dist-packages/colcon_core/task/python/colcon_distutils_commands:/home/eypan/turtle_follow_ws/install/turtle_control/lib/python3.10/site-packages:${PYTHONPATH} /usr/bin/python3 -W ignore:setup.py install is deprecated setup.py egg_info --egg-base ../../build/turtle_control build --build-base /home/eypan/turtle_follow_ws/build/turtle_control/build install --record /home/eypan/turtle_follow_ws/build/turtle_control/install.log --single-version-externally-managed install_data
