[0.424s] Invoking command in '/home/eypan/turtle_follow_ws/src/turtle_control': PYTHONPATH=/home/eypan/turtle_follow_ws/build/turtle_control/prefix_override:/usr/lib/python3/dist-packages/colcon_core/task/python/colcon_distutils_commands:/home/eypan/turtle_follow_ws/install/turtle_control/lib/python3.10/site-packages:${PYTHONPATH} /usr/bin/python3 -W ignore:setup.py install is deprecated setup.py egg_info --egg-base ../../build/turtle_control build --build-base /home/eypan/turtle_follow_ws/build/turtle_control/build install --record /home/eypan/turtle_follow_ws/build/turtle_control/install.log --single-version-externally-managed install_data
[0.583s] running egg_info
[0.584s] creating ../../build/turtle_control/turtle_control.egg-info
[0.584s] writing ../../build/turtle_control/turtle_control.egg-info/PKG-INFO
[0.584s] writing dependency_links to ../../build/turtle_control/turtle_control.egg-info/dependency_links.txt
[0.584s] writing entry points to ../../build/turtle_control/turtle_control.egg-info/entry_points.txt
[0.584s] writing requirements to ../../build/turtle_control/turtle_control.egg-info/requires.txt
[0.584s] writing top-level names to ../../build/turtle_control/turtle_control.egg-info/top_level.txt
[0.584s] writing manifest file '../../build/turtle_control/turtle_control.egg-info/SOURCES.txt'
[0.585s] reading manifest file '../../build/turtle_control/turtle_control.egg-info/SOURCES.txt'
[0.585s] writing manifest file '../../build/turtle_control/turtle_control.egg-info/SOURCES.txt'
[0.586s] running build
[0.586s] running build_py
[0.586s] creating /home/eypan/turtle_follow_ws/build/turtle_control/build
[0.586s] creating /home/eypan/turtle_follow_ws/build/turtle_control/build/lib
[0.586s] creating /home/eypan/turtle_follow_ws/build/turtle_control/build/lib/turtle_control
[0.586s] copying turtle_control/__init__.py -> /home/eypan/turtle_follow_ws/build/turtle_control/build/lib/turtle_control
[0.586s] copying turtle_control/turtle_client_node.py -> /home/eypan/turtle_follow_ws/build/turtle_control/build/lib/turtle_control
[0.586s] running install
[0.586s] running install_lib
[0.586s] creating /home/eypan/turtle_follow_ws/install/turtle_control/lib/python3.10/site-packages/turtle_control
[0.587s] copying /home/eypan/turtle_follow_ws/build/turtle_control/build/lib/turtle_control/__init__.py -> /home/eypan/turtle_follow_ws/install/turtle_control/lib/python3.10/site-packages/turtle_control
[0.587s] copying /home/eypan/turtle_follow_ws/build/turtle_control/build/lib/turtle_control/turtle_client_node.py -> /home/eypan/turtle_follow_ws/install/turtle_control/lib/python3.10/site-packages/turtle_control
[0.587s] byte-compiling /home/eypan/turtle_follow_ws/install/turtle_control/lib/python3.10/site-packages/turtle_control/__init__.py to __init__.cpython-310.pyc
[0.587s] byte-compiling /home/eypan/turtle_follow_ws/install/turtle_control/lib/python3.10/site-packages/turtle_control/turtle_client_node.py to turtle_client_node.cpython-310.pyc
[0.587s] running install_data
[0.587s] creating /home/eypan/turtle_follow_ws/install/turtle_control/share/ament_index
[0.587s] creating /home/eypan/turtle_follow_ws/install/turtle_control/share/ament_index/resource_index
[0.587s] creating /home/eypan/turtle_follow_ws/install/turtle_control/share/ament_index/resource_index/packages
[0.587s] copying resource/turtle_control -> /home/eypan/turtle_follow_ws/install/turtle_control/share/ament_index/resource_index/packages
[0.587s] copying package.xml -> /home/eypan/turtle_follow_ws/install/turtle_control/share/turtle_control
[0.587s] running install_egg_info
[0.588s] Copying ../../build/turtle_control/turtle_control.egg-info to /home/eypan/turtle_follow_ws/install/turtle_control/lib/python3.10/site-packages/turtle_control-0.0.0-py3.10.egg-info
[0.589s] running install_scripts
[0.602s] writing list of installed files to '/home/eypan/turtle_follow_ws/build/turtle_control/install.log'
[0.619s] Invoked command in '/home/eypan/turtle_follow_ws/src/turtle_control' returned '0': PYTHONPATH=/home/eypan/turtle_follow_ws/build/turtle_control/prefix_override:/usr/lib/python3/dist-packages/colcon_core/task/python/colcon_distutils_commands:/home/eypan/turtle_follow_ws/install/turtle_control/lib/python3.10/site-packages:${PYTHONPATH} /usr/bin/python3 -W ignore:setup.py install is deprecated setup.py egg_info --egg-base ../../build/turtle_control build --build-base /home/eypan/turtle_follow_ws/build/turtle_control/build install --record /home/eypan/turtle_follow_ws/build/turtle_control/install.log --single-version-externally-managed install_data
