/home/eypan/turtle_follow_ws/install/turtle_control/lib/python3.10/site-packages/turtle_control/__init__.py
/home/eypan/turtle_follow_ws/install/turtle_control/lib/python3.10/site-packages/turtle_control/TurtleServerNode.py
/home/eypan/turtle_follow_ws/install/turtle_control/lib/python3.10/site-packages/turtle_control/TFollowClient.py
/home/eypan/turtle_follow_ws/install/turtle_control/lib/python3.10/site-packages/turtle_control/TFollowServer.py
/home/eypan/turtle_follow_ws/install/turtle_control/lib/python3.10/site-packages/turtle_control/TurtleClientNode.py
/home/eypan/turtle_follow_ws/install/turtle_control/lib/python3.10/site-packages/turtle_control/__pycache__/__init__.cpython-310.pyc
/home/eypan/turtle_follow_ws/install/turtle_control/lib/python3.10/site-packages/turtle_control/__pycache__/TurtleServerNode.cpython-310.pyc
/home/eypan/turtle_follow_ws/install/turtle_control/lib/python3.10/site-packages/turtle_control/__pycache__/TFollowClient.cpython-310.pyc
/home/eypan/turtle_follow_ws/install/turtle_control/lib/python3.10/site-packages/turtle_control/__pycache__/TFollowServer.cpython-310.pyc
/home/eypan/turtle_follow_ws/install/turtle_control/lib/python3.10/site-packages/turtle_control/__pycache__/TurtleClientNode.cpython-310.pyc
/home/eypan/turtle_follow_ws/install/turtle_control/share/ament_index/resource_index/packages/turtle_control
/home/eypan/turtle_follow_ws/install/turtle_control/share/turtle_control/package.xml
/home/eypan/turtle_follow_ws/install/turtle_control/lib/python3.10/site-packages/turtle_control-0.0.0-py3.10.egg-info/dependency_links.txt
/home/eypan/turtle_follow_ws/install/turtle_control/lib/python3.10/site-packages/turtle_control-0.0.0-py3.10.egg-info/PKG-INFO
/home/eypan/turtle_follow_ws/install/turtle_control/lib/python3.10/site-packages/turtle_control-0.0.0-py3.10.egg-info/requires.txt
/home/eypan/turtle_follow_ws/install/turtle_control/lib/python3.10/site-packages/turtle_control-0.0.0-py3.10.egg-info/SOURCES.txt
/home/eypan/turtle_follow_ws/install/turtle_control/lib/python3.10/site-packages/turtle_control-0.0.0-py3.10.egg-info/top_level.txt
/home/eypan/turtle_follow_ws/install/turtle_control/lib/python3.10/site-packages/turtle_control-0.0.0-py3.10.egg-info/entry_points.txt
/home/eypan/turtle_follow_ws/install/turtle_control/lib/python3.10/site-packages/turtle_control-0.0.0-py3.10.egg-info/zip-safe
/home/eypan/turtle_follow_ws/install/turtle_control/lib/turtle_control/client
/home/eypan/turtle_follow_ws/install/turtle_control/lib/turtle_control/followClient
/home/eypan/turtle_follow_ws/install/turtle_control/lib/turtle_control/followServer
/home/eypan/turtle_follow_ws/install/turtle_control/lib/turtle_control/server
