[0.441s] Invoking command in '/home/eypan/turtle_follow_ws/src/turtle_control': PYTHONPATH=/home/eypan/turtle_follow_ws/build/turtle_control/prefix_override:/usr/lib/python3/dist-packages/colcon_core/task/python/colcon_distutils_commands:/home/eypan/turtle_follow_ws/install/turtle_control/lib/python3.10/site-packages:${PYTHONPATH} /usr/bin/python3 -W ignore:setup.py install is deprecated setup.py egg_info --egg-base ../../build/turtle_control build --build-base /home/eypan/turtle_follow_ws/build/turtle_control/build install --record /home/eypan/turtle_follow_ws/build/turtle_control/install.log --single-version-externally-managed install_data
[0.604s] running egg_info
[0.604s] writing ../../build/turtle_control/turtle_control.egg-info/PKG-INFO
[0.604s] writing dependency_links to ../../build/turtle_control/turtle_control.egg-info/dependency_links.txt
[0.605s] writing entry points to ../../build/turtle_control/turtle_control.egg-info/entry_points.txt
[0.605s] writing requirements to ../../build/turtle_control/turtle_control.egg-info/requires.txt
[0.605s] writing top-level names to ../../build/turtle_control/turtle_control.egg-info/top_level.txt
[0.606s] reading manifest file '../../build/turtle_control/turtle_control.egg-info/SOURCES.txt'
[0.606s] writing manifest file '../../build/turtle_control/turtle_control.egg-info/SOURCES.txt'
[0.606s] running build
[0.606s] running build_py
[0.607s] running install
[0.607s] running install_lib
[0.608s] running install_data
[0.608s] running install_egg_info
[0.609s] removing '/home/eypan/turtle_follow_ws/install/turtle_control/lib/python3.10/site-packages/turtle_control-0.0.0-py3.10.egg-info' (and everything under it)
[0.609s] Copying ../../build/turtle_control/turtle_control.egg-info to /home/eypan/turtle_follow_ws/install/turtle_control/lib/python3.10/site-packages/turtle_control-0.0.0-py3.10.egg-info
[0.609s] running install_scripts
[0.623s] Installing client= turtle_control.client_node:mainserver script to /home/eypan/turtle_follow_ws/install/turtle_control/lib/turtle_control
[0.623s] writing list of installed files to '/home/eypan/turtle_follow_ws/build/turtle_control/install.log'
[0.642s] Invoked command in '/home/eypan/turtle_follow_ws/src/turtle_control' returned '0': PYTHONPATH=/home/eypan/turtle_follow_ws/build/turtle_control/prefix_override:/usr/lib/python3/dist-packages/colcon_core/task/python/colcon_distutils_commands:/home/eypan/turtle_follow_ws/install/turtle_control/lib/python3.10/site-packages:${PYTHONPATH} /usr/bin/python3 -W ignore:setup.py install is deprecated setup.py egg_info --egg-base ../../build/turtle_control build --build-base /home/eypan/turtle_follow_ws/build/turtle_control/build install --record /home/eypan/turtle_follow_ws/build/turtle_control/install.log --single-version-externally-managed install_data
