[0.219s] DEBUG:colcon:Command line arguments: ['/usr/bin/colcon', 'build']
[0.219s] DEBUG:colcon:Parsed command line arguments: Namespace(log_base=None, log_level=None, verb_name='build', build_base='build', install_base='install', merge_install=False, symlink_install=False, test_result_base=None, continue_on_error=False, executor='parallel', parallel_workers=8, event_handlers=None, ignore_user_meta=False, metas=['./colcon.meta'], base_paths=['.'], packages_ignore=None, packages_ignore_regex=None, paths=None, packages_up_to=None, packages_up_to_regex=None, packages_above=None, packages_above_and_dependencies=None, packages_above_depth=None, packages_select_by_dep=None, packages_skip_by_dep=None, packages_skip_up_to=None, packages_select_build_failed=False, packages_skip_build_finished=False, packages_select_test_failures=False, packages_skip_test_passed=False, packages_select=None, packages_skip=None, packages_select_regex=None, packages_skip_regex=None, packages_start=None, packages_end=None, allow_overriding=[], cmake_args=None, cmake_target=None, cmake_target_skip_unavailable=False, cmake_clean_cache=False, cmake_clean_first=False, cmake_force_configure=False, ament_cmake_args=None, catkin_cmake_args=None, catkin_skip_building_tests=False, mixin_files=None, mixin=None, verb_parser=<colcon_mixin.mixin.mixin_argument.MixinArgumentDecorator object at 0x79119d7271c0>, verb_extension=<colcon_core.verb.build.BuildVerb object at 0x79119d726c50>, main=<bound method BuildVerb.main of <colcon_core.verb.build.BuildVerb object at 0x79119d726c50>>, mixin_verb=('build',))
[0.544s] Level 1:colcon.colcon_core.package_discovery:discover_packages(colcon_meta) check parameters
[0.545s] Level 1:colcon.colcon_core.package_discovery:discover_packages(recursive) check parameters
[0.545s] Level 1:colcon.colcon_core.package_discovery:discover_packages(ignore) check parameters
[0.545s] Level 1:colcon.colcon_core.package_discovery:discover_packages(path) check parameters
[0.545s] Level 1:colcon.colcon_core.package_discovery:discover_packages(colcon_meta) discover
[0.545s] Level 1:colcon.colcon_core.package_discovery:discover_packages(recursive) discover
[0.545s] INFO:colcon.colcon_core.package_discovery:Crawling recursively for packages in '/home/eypan/turtle_follow_ws'
[0.545s] Level 1:colcon.colcon_core.package_identification:_identify(.) by extensions ['ignore', 'ignore_ament_install']
[0.545s] Level 1:colcon.colcon_core.package_identification:_identify(.) by extension 'ignore'
[0.546s] Level 1:colcon.colcon_core.package_identification:_identify(.) by extension 'ignore_ament_install'
[0.546s] Level 1:colcon.colcon_core.package_identification:_identify(.) by extensions ['colcon_pkg']
[0.546s] Level 1:colcon.colcon_core.package_identification:_identify(.) by extension 'colcon_pkg'
[0.546s] Level 1:colcon.colcon_core.package_identification:_identify(.) by extensions ['colcon_meta']
[0.546s] Level 1:colcon.colcon_core.package_identification:_identify(.) by extension 'colcon_meta'
[0.546s] Level 1:colcon.colcon_core.package_identification:_identify(.) by extensions ['ros']
[0.546s] Level 1:colcon.colcon_core.package_identification:_identify(.) by extension 'ros'
[0.567s] Level 1:colcon.colcon_core.package_identification:_identify(.) by extensions ['cmake', 'python']
[0.567s] Level 1:colcon.colcon_core.package_identification:_identify(.) by extension 'cmake'
[0.568s] Level 1:colcon.colcon_core.package_identification:_identify(.) by extension 'python'
[0.568s] Level 1:colcon.colcon_core.package_identification:_identify(.) by extensions ['python_setup_py']
[0.568s] Level 1:colcon.colcon_core.package_identification:_identify(.) by extension 'python_setup_py'
[0.568s] Level 1:colcon.colcon_core.package_identification:_identify(build) by extensions ['ignore', 'ignore_ament_install']
[0.568s] Level 1:colcon.colcon_core.package_identification:_identify(build) by extension 'ignore'
[0.568s] Level 1:colcon.colcon_core.package_identification:_identify(build) ignored
[0.568s] Level 1:colcon.colcon_core.package_identification:_identify(install) by extensions ['ignore', 'ignore_ament_install']
[0.569s] Level 1:colcon.colcon_core.package_identification:_identify(install) by extension 'ignore'
[0.569s] Level 1:colcon.colcon_core.package_identification:_identify(install) ignored
[0.569s] Level 1:colcon.colcon_core.package_identification:_identify(log) by extensions ['ignore', 'ignore_ament_install']
[0.569s] Level 1:colcon.colcon_core.package_identification:_identify(log) by extension 'ignore'
[0.569s] Level 1:colcon.colcon_core.package_identification:_identify(log) ignored
[0.570s] Level 1:colcon.colcon_core.package_identification:_identify(src) by extensions ['ignore', 'ignore_ament_install']
[0.570s] Level 1:colcon.colcon_core.package_identification:_identify(src) by extension 'ignore'
[0.570s] Level 1:colcon.colcon_core.package_identification:_identify(src) by extension 'ignore_ament_install'
[0.570s] Level 1:colcon.colcon_core.package_identification:_identify(src) by extensions ['colcon_pkg']
[0.570s] Level 1:colcon.colcon_core.package_identification:_identify(src) by extension 'colcon_pkg'
[0.570s] Level 1:colcon.colcon_core.package_identification:_identify(src) by extensions ['colcon_meta']
[0.570s] Level 1:colcon.colcon_core.package_identification:_identify(src) by extension 'colcon_meta'
[0.570s] Level 1:colcon.colcon_core.package_identification:_identify(src) by extensions ['ros']
[0.570s] Level 1:colcon.colcon_core.package_identification:_identify(src) by extension 'ros'
[0.570s] Level 1:colcon.colcon_core.package_identification:_identify(src) by extensions ['cmake', 'python']
[0.570s] Level 1:colcon.colcon_core.package_identification:_identify(src) by extension 'cmake'
[0.571s] Level 1:colcon.colcon_core.package_identification:_identify(src) by extension 'python'
[0.571s] Level 1:colcon.colcon_core.package_identification:_identify(src) by extensions ['python_setup_py']
[0.571s] Level 1:colcon.colcon_core.package_identification:_identify(src) by extension 'python_setup_py'
[0.571s] Level 1:colcon.colcon_core.package_identification:_identify(src/turtle_control) by extensions ['ignore', 'ignore_ament_install']
[0.571s] Level 1:colcon.colcon_core.package_identification:_identify(src/turtle_control) by extension 'ignore'
[0.571s] Level 1:colcon.colcon_core.package_identification:_identify(src/turtle_control) by extension 'ignore_ament_install'
[0.571s] Level 1:colcon.colcon_core.package_identification:_identify(src/turtle_control) by extensions ['colcon_pkg']
[0.571s] Level 1:colcon.colcon_core.package_identification:_identify(src/turtle_control) by extension 'colcon_pkg'
[0.571s] Level 1:colcon.colcon_core.package_identification:_identify(src/turtle_control) by extensions ['colcon_meta']
[0.571s] Level 1:colcon.colcon_core.package_identification:_identify(src/turtle_control) by extension 'colcon_meta'
[0.571s] Level 1:colcon.colcon_core.package_identification:_identify(src/turtle_control) by extensions ['ros']
[0.571s] Level 1:colcon.colcon_core.package_identification:_identify(src/turtle_control) by extension 'ros'
[0.577s] DEBUG:colcon.colcon_core.package_identification:Package 'src/turtle_control' with type 'ros.ament_python' and name 'turtle_control'
[0.577s] Level 1:colcon.colcon_core.package_identification:_identify(src/turtle_interfaces) by extensions ['ignore', 'ignore_ament_install']
[0.577s] Level 1:colcon.colcon_core.package_identification:_identify(src/turtle_interfaces) by extension 'ignore'
[0.577s] Level 1:colcon.colcon_core.package_identification:_identify(src/turtle_interfaces) by extension 'ignore_ament_install'
[0.578s] Level 1:colcon.colcon_core.package_identification:_identify(src/turtle_interfaces) by extensions ['colcon_pkg']
[0.578s] Level 1:colcon.colcon_core.package_identification:_identify(src/turtle_interfaces) by extension 'colcon_pkg'
[0.578s] Level 1:colcon.colcon_core.package_identification:_identify(src/turtle_interfaces) by extensions ['colcon_meta']
[0.578s] Level 1:colcon.colcon_core.package_identification:_identify(src/turtle_interfaces) by extension 'colcon_meta'
[0.578s] Level 1:colcon.colcon_core.package_identification:_identify(src/turtle_interfaces) by extensions ['ros']
[0.578s] Level 1:colcon.colcon_core.package_identification:_identify(src/turtle_interfaces) by extension 'ros'
[0.579s] DEBUG:colcon.colcon_core.package_identification:Package 'src/turtle_interfaces' with type 'ros.ament_cmake' and name 'turtle_interfaces'
[0.579s] Level 1:colcon.colcon_core.package_discovery:discover_packages(recursive) using defaults
[0.579s] Level 1:colcon.colcon_core.package_discovery:discover_packages(ignore) discover
[0.579s] Level 1:colcon.colcon_core.package_discovery:discover_packages(ignore) using defaults
[0.579s] Level 1:colcon.colcon_core.package_discovery:discover_packages(path) discover
[0.579s] Level 1:colcon.colcon_core.package_discovery:discover_packages(path) using defaults
[0.622s] Level 1:colcon.colcon_core.package_discovery:discover_packages(prefix_path) check parameters
[0.622s] Level 1:colcon.colcon_core.package_discovery:discover_packages(prefix_path) discover
[0.625s] DEBUG:colcon.colcon_installed_package_information.package_discovery:Found 2 installed packages in /home/eypan/turtle_follow_ws/install
[0.626s] DEBUG:colcon.colcon_installed_package_information.package_discovery:Found 1 installed packages in /home/eypan/install
[0.627s] DEBUG:colcon.colcon_installed_package_information.package_discovery:Found 4 installed packages in /home/eypan/ros2_ws/install
[0.630s] DEBUG:colcon.colcon_installed_package_information.package_discovery:Found 373 installed packages in /opt/ros/humble
[0.634s] Level 1:colcon.colcon_core.package_discovery:discover_packages(prefix_path) using defaults
[0.737s] Level 5:colcon.colcon_core.verb:set package 'turtle_interfaces' build argument 'cmake_args' from command line to 'None'
[0.737s] Level 5:colcon.colcon_core.verb:set package 'turtle_interfaces' build argument 'cmake_target' from command line to 'None'
[0.738s] Level 5:colcon.colcon_core.verb:set package 'turtle_interfaces' build argument 'cmake_target_skip_unavailable' from command line to 'False'
[0.738s] Level 5:colcon.colcon_core.verb:set package 'turtle_interfaces' build argument 'cmake_clean_cache' from command line to 'False'
[0.738s] Level 5:colcon.colcon_core.verb:set package 'turtle_interfaces' build argument 'cmake_clean_first' from command line to 'False'
[0.738s] Level 5:colcon.colcon_core.verb:set package 'turtle_interfaces' build argument 'cmake_force_configure' from command line to 'False'
[0.738s] Level 5:colcon.colcon_core.verb:set package 'turtle_interfaces' build argument 'ament_cmake_args' from command line to 'None'
[0.738s] Level 5:colcon.colcon_core.verb:set package 'turtle_interfaces' build argument 'catkin_cmake_args' from command line to 'None'
[0.738s] Level 5:colcon.colcon_core.verb:set package 'turtle_interfaces' build argument 'catkin_skip_building_tests' from command line to 'False'
[0.738s] DEBUG:colcon.colcon_core.verb:Building package 'turtle_interfaces' with the following arguments: {'ament_cmake_args': None, 'build_base': '/home/eypan/turtle_follow_ws/build/turtle_interfaces', 'catkin_cmake_args': None, 'catkin_skip_building_tests': False, 'cmake_args': None, 'cmake_clean_cache': False, 'cmake_clean_first': False, 'cmake_force_configure': False, 'cmake_target': None, 'cmake_target_skip_unavailable': False, 'install_base': '/home/eypan/turtle_follow_ws/install/turtle_interfaces', 'merge_install': False, 'path': '/home/eypan/turtle_follow_ws/src/turtle_interfaces', 'symlink_install': False, 'test_result_base': None}
[0.739s] Level 5:colcon.colcon_core.verb:set package 'turtle_control' build argument 'cmake_args' from command line to 'None'
[0.739s] Level 5:colcon.colcon_core.verb:set package 'turtle_control' build argument 'cmake_target' from command line to 'None'
[0.739s] Level 5:colcon.colcon_core.verb:set package 'turtle_control' build argument 'cmake_target_skip_unavailable' from command line to 'False'
[0.739s] Level 5:colcon.colcon_core.verb:set package 'turtle_control' build argument 'cmake_clean_cache' from command line to 'False'
[0.739s] Level 5:colcon.colcon_core.verb:set package 'turtle_control' build argument 'cmake_clean_first' from command line to 'False'
[0.739s] Level 5:colcon.colcon_core.verb:set package 'turtle_control' build argument 'cmake_force_configure' from command line to 'False'
[0.739s] Level 5:colcon.colcon_core.verb:set package 'turtle_control' build argument 'ament_cmake_args' from command line to 'None'
[0.739s] Level 5:colcon.colcon_core.verb:set package 'turtle_control' build argument 'catkin_cmake_args' from command line to 'None'
[0.739s] Level 5:colcon.colcon_core.verb:set package 'turtle_control' build argument 'catkin_skip_building_tests' from command line to 'False'
[0.739s] DEBUG:colcon.colcon_core.verb:Building package 'turtle_control' with the following arguments: {'ament_cmake_args': None, 'build_base': '/home/eypan/turtle_follow_ws/build/turtle_control', 'catkin_cmake_args': None, 'catkin_skip_building_tests': False, 'cmake_args': None, 'cmake_clean_cache': False, 'cmake_clean_first': False, 'cmake_force_configure': False, 'cmake_target': None, 'cmake_target_skip_unavailable': False, 'install_base': '/home/eypan/turtle_follow_ws/install/turtle_control', 'merge_install': False, 'path': '/home/eypan/turtle_follow_ws/src/turtle_control', 'symlink_install': False, 'test_result_base': None}
[0.739s] INFO:colcon.colcon_core.executor:Executing jobs using 'parallel' executor
[0.741s] DEBUG:colcon.colcon_parallel_executor.executor.parallel:run_until_complete
[0.742s] INFO:colcon.colcon_ros.task.ament_cmake.build:Building ROS package in '/home/eypan/turtle_follow_ws/src/turtle_interfaces' with build type 'ament_cmake'
[0.742s] INFO:colcon.colcon_cmake.task.cmake.build:Building CMake package in '/home/eypan/turtle_follow_ws/src/turtle_interfaces'
[0.746s] INFO:colcon.colcon_core.plugin_system:Skipping extension 'colcon_core.shell.bat': Not used on non-Windows systems
[0.746s] INFO:colcon.colcon_core.shell:Skip shell extension 'powershell' for command environment: Not usable outside of PowerShell
[0.746s] DEBUG:colcon.colcon_core.shell:Skip shell extension 'dsv' for command environment
[0.766s] DEBUG:colcon.colcon_core.event_handler.log_command:Invoking command in '/home/eypan/turtle_follow_ws/build/turtle_interfaces': CMAKE_PREFIX_PATH=${CMAKE_PREFIX_PATH}:/home/eypan/turtle_follow_ws/install/turtle_control:/home/eypan/install/tutorial_interfaces:/home/eypan/ros2_ws/install/perception:/home/eypan/ros2_ws/install/brain:/home/eypan/ros2_ws/install/actuation:/opt/ros/humble /usr/bin/cmake --build /home/eypan/turtle_follow_ws/build/turtle_interfaces -- -j8 -l8
[1.525s] DEBUG:colcon.colcon_core.event_handler.log_command:Invoked command in '/home/eypan/turtle_follow_ws/build/turtle_interfaces' returned '0': CMAKE_PREFIX_PATH=${CMAKE_PREFIX_PATH}:/home/eypan/turtle_follow_ws/install/turtle_control:/home/eypan/install/tutorial_interfaces:/home/eypan/ros2_ws/install/perception:/home/eypan/ros2_ws/install/brain:/home/eypan/ros2_ws/install/actuation:/opt/ros/humble /usr/bin/cmake --build /home/eypan/turtle_follow_ws/build/turtle_interfaces -- -j8 -l8
[1.721s] DEBUG:colcon.colcon_core.event_handler.log_command:Invoking command in '/home/eypan/turtle_follow_ws/build/turtle_interfaces': CMAKE_PREFIX_PATH=${CMAKE_PREFIX_PATH}:/home/eypan/turtle_follow_ws/install/turtle_control:/home/eypan/install/tutorial_interfaces:/home/eypan/ros2_ws/install/perception:/home/eypan/ros2_ws/install/brain:/home/eypan/ros2_ws/install/actuation:/opt/ros/humble /usr/bin/cmake --install /home/eypan/turtle_follow_ws/build/turtle_interfaces
[1.826s] Level 1:colcon.colcon_core.environment:create_environment_scripts_only(turtle_interfaces)
[1.835s] DEBUG:colcon.colcon_core.event_handler.log_command:Invoked command in '/home/eypan/turtle_follow_ws/build/turtle_interfaces' returned '0': CMAKE_PREFIX_PATH=${CMAKE_PREFIX_PATH}:/home/eypan/turtle_follow_ws/install/turtle_control:/home/eypan/install/tutorial_interfaces:/home/eypan/ros2_ws/install/perception:/home/eypan/ros2_ws/install/brain:/home/eypan/ros2_ws/install/actuation:/opt/ros/humble /usr/bin/cmake --install /home/eypan/turtle_follow_ws/build/turtle_interfaces
[1.837s] Level 1:colcon.colcon_core.environment:checking '/home/eypan/turtle_follow_ws/install/turtle_interfaces' for CMake module files
[1.840s] Level 1:colcon.colcon_core.environment:checking '/home/eypan/turtle_follow_ws/install/turtle_interfaces' for CMake config files
[1.841s] Level 1:colcon.colcon_core.shell:create_environment_hook('turtle_interfaces', 'cmake_prefix_path')
[1.842s] INFO:colcon.colcon_core.shell:Creating environment hook '/home/eypan/turtle_follow_ws/install/turtle_interfaces/share/turtle_interfaces/hook/cmake_prefix_path.ps1'
[1.844s] INFO:colcon.colcon_core.shell:Creating environment descriptor '/home/eypan/turtle_follow_ws/install/turtle_interfaces/share/turtle_interfaces/hook/cmake_prefix_path.dsv'
[1.845s] INFO:colcon.colcon_core.shell:Creating environment hook '/home/eypan/turtle_follow_ws/install/turtle_interfaces/share/turtle_interfaces/hook/cmake_prefix_path.sh'
[1.847s] Level 1:colcon.colcon_core.environment:checking '/home/eypan/turtle_follow_ws/install/turtle_interfaces/lib'
[1.848s] Level 1:colcon.colcon_core.shell:create_environment_hook('turtle_interfaces', 'ld_library_path_lib')
[1.848s] INFO:colcon.colcon_core.shell:Creating environment hook '/home/eypan/turtle_follow_ws/install/turtle_interfaces/share/turtle_interfaces/hook/ld_library_path_lib.ps1'
[1.849s] INFO:colcon.colcon_core.shell:Creating environment descriptor '/home/eypan/turtle_follow_ws/install/turtle_interfaces/share/turtle_interfaces/hook/ld_library_path_lib.dsv'
[1.850s] INFO:colcon.colcon_core.shell:Creating environment hook '/home/eypan/turtle_follow_ws/install/turtle_interfaces/share/turtle_interfaces/hook/ld_library_path_lib.sh'
[1.851s] Level 1:colcon.colcon_core.environment:checking '/home/eypan/turtle_follow_ws/install/turtle_interfaces/bin'
[1.851s] Level 1:colcon.colcon_core.environment:checking '/home/eypan/turtle_follow_ws/install/turtle_interfaces/lib/pkgconfig/turtle_interfaces.pc'
[1.852s] Level 1:colcon.colcon_core.environment:checking '/home/eypan/turtle_follow_ws/install/turtle_interfaces/lib/python3.10/site-packages'
[1.852s] Level 1:colcon.colcon_core.environment:checking '/home/eypan/turtle_follow_ws/install/turtle_interfaces/bin'
[1.853s] INFO:colcon.colcon_core.shell:Creating package script '/home/eypan/turtle_follow_ws/install/turtle_interfaces/share/turtle_interfaces/package.ps1'
[1.856s] INFO:colcon.colcon_core.shell:Creating package descriptor '/home/eypan/turtle_follow_ws/install/turtle_interfaces/share/turtle_interfaces/package.dsv'
[1.857s] INFO:colcon.colcon_core.shell:Creating package script '/home/eypan/turtle_follow_ws/install/turtle_interfaces/share/turtle_interfaces/package.sh'
[1.859s] INFO:colcon.colcon_core.shell:Creating package script '/home/eypan/turtle_follow_ws/install/turtle_interfaces/share/turtle_interfaces/package.bash'
[1.861s] INFO:colcon.colcon_core.shell:Creating package script '/home/eypan/turtle_follow_ws/install/turtle_interfaces/share/turtle_interfaces/package.zsh'
[1.864s] Level 1:colcon.colcon_core.environment:create_file_with_runtime_dependencies(/home/eypan/turtle_follow_ws/install/turtle_interfaces/share/colcon-core/packages/turtle_interfaces)
[2.032s] Level 1:colcon.colcon_core.environment:create_environment_scripts_only(turtle_interfaces)
[2.033s] Level 1:colcon.colcon_core.environment:checking '/home/eypan/turtle_follow_ws/install/turtle_interfaces' for CMake module files
[2.034s] Level 1:colcon.colcon_core.environment:checking '/home/eypan/turtle_follow_ws/install/turtle_interfaces' for CMake config files
[2.035s] Level 1:colcon.colcon_core.shell:create_environment_hook('turtle_interfaces', 'cmake_prefix_path')
[2.035s] INFO:colcon.colcon_core.shell:Creating environment hook '/home/eypan/turtle_follow_ws/install/turtle_interfaces/share/turtle_interfaces/hook/cmake_prefix_path.ps1'
[2.036s] INFO:colcon.colcon_core.shell:Creating environment descriptor '/home/eypan/turtle_follow_ws/install/turtle_interfaces/share/turtle_interfaces/hook/cmake_prefix_path.dsv'
[2.037s] INFO:colcon.colcon_core.shell:Creating environment hook '/home/eypan/turtle_follow_ws/install/turtle_interfaces/share/turtle_interfaces/hook/cmake_prefix_path.sh'
[2.038s] Level 1:colcon.colcon_core.environment:checking '/home/eypan/turtle_follow_ws/install/turtle_interfaces/lib'
[2.038s] Level 1:colcon.colcon_core.shell:create_environment_hook('turtle_interfaces', 'ld_library_path_lib')
[2.039s] INFO:colcon.colcon_core.shell:Creating environment hook '/home/eypan/turtle_follow_ws/install/turtle_interfaces/share/turtle_interfaces/hook/ld_library_path_lib.ps1'
[2.039s] INFO:colcon.colcon_core.shell:Creating environment descriptor '/home/eypan/turtle_follow_ws/install/turtle_interfaces/share/turtle_interfaces/hook/ld_library_path_lib.dsv'
[2.040s] INFO:colcon.colcon_core.shell:Creating environment hook '/home/eypan/turtle_follow_ws/install/turtle_interfaces/share/turtle_interfaces/hook/ld_library_path_lib.sh'
[2.041s] Level 1:colcon.colcon_core.environment:checking '/home/eypan/turtle_follow_ws/install/turtle_interfaces/bin'
[2.041s] Level 1:colcon.colcon_core.environment:checking '/home/eypan/turtle_follow_ws/install/turtle_interfaces/lib/pkgconfig/turtle_interfaces.pc'
[2.042s] Level 1:colcon.colcon_core.environment:checking '/home/eypan/turtle_follow_ws/install/turtle_interfaces/lib/python3.10/site-packages'
[2.042s] Level 1:colcon.colcon_core.environment:checking '/home/eypan/turtle_follow_ws/install/turtle_interfaces/bin'
[2.043s] INFO:colcon.colcon_core.shell:Creating package script '/home/eypan/turtle_follow_ws/install/turtle_interfaces/share/turtle_interfaces/package.ps1'
[2.044s] INFO:colcon.colcon_core.shell:Creating package descriptor '/home/eypan/turtle_follow_ws/install/turtle_interfaces/share/turtle_interfaces/package.dsv'
[2.045s] INFO:colcon.colcon_core.shell:Creating package script '/home/eypan/turtle_follow_ws/install/turtle_interfaces/share/turtle_interfaces/package.sh'
[2.046s] INFO:colcon.colcon_core.shell:Creating package script '/home/eypan/turtle_follow_ws/install/turtle_interfaces/share/turtle_interfaces/package.bash'
[2.047s] INFO:colcon.colcon_core.shell:Creating package script '/home/eypan/turtle_follow_ws/install/turtle_interfaces/share/turtle_interfaces/package.zsh'
[2.047s] Level 1:colcon.colcon_core.environment:create_file_with_runtime_dependencies(/home/eypan/turtle_follow_ws/install/turtle_interfaces/share/colcon-core/packages/turtle_interfaces)
[2.048s] INFO:colcon.colcon_ros.task.ament_python.build:Building ROS package in '/home/eypan/turtle_follow_ws/src/turtle_control' with build type 'ament_python'
[2.049s] Level 1:colcon.colcon_core.shell:create_environment_hook('turtle_control', 'ament_prefix_path')
[2.049s] INFO:colcon.colcon_core.shell:Creating environment hook '/home/eypan/turtle_follow_ws/install/turtle_control/share/turtle_control/hook/ament_prefix_path.ps1'
[2.050s] INFO:colcon.colcon_core.shell:Creating environment descriptor '/home/eypan/turtle_follow_ws/install/turtle_control/share/turtle_control/hook/ament_prefix_path.dsv'
[2.051s] INFO:colcon.colcon_core.shell:Creating environment hook '/home/eypan/turtle_follow_ws/install/turtle_control/share/turtle_control/hook/ament_prefix_path.sh'
[2.052s] INFO:colcon.colcon_core.shell:Skip shell extension 'powershell' for command environment: Not usable outside of PowerShell
[2.052s] DEBUG:colcon.colcon_core.shell:Skip shell extension 'dsv' for command environment
[2.593s] INFO:colcon.colcon_core.task.python.build:Building Python package in '/home/eypan/turtle_follow_ws/src/turtle_control'
[2.594s] INFO:colcon.colcon_core.shell:Skip shell extension 'powershell' for command environment: Not usable outside of PowerShell
[2.594s] DEBUG:colcon.colcon_core.shell:Skip shell extension 'dsv' for command environment
[3.352s] DEBUG:colcon.colcon_core.event_handler.log_command:Invoking command in '/home/eypan/turtle_follow_ws/src/turtle_control': PYTHONPATH=/home/eypan/turtle_follow_ws/build/turtle_control/prefix_override:/usr/lib/python3/dist-packages/colcon_core/task/python/colcon_distutils_commands:/home/eypan/turtle_follow_ws/install/turtle_control/lib/python3.10/site-packages:${PYTHONPATH} /usr/bin/python3 -W ignore:setup.py install is deprecated setup.py egg_info --egg-base ../../build/turtle_control build --build-base /home/eypan/turtle_follow_ws/build/turtle_control/build install --record /home/eypan/turtle_follow_ws/build/turtle_control/install.log --single-version-externally-managed install_data
[3.933s] Level 1:colcon.colcon_core.environment:checking '/home/eypan/turtle_follow_ws/install/turtle_control' for CMake module files
[3.935s] DEBUG:colcon.colcon_core.event_handler.log_command:Invoked command in '/home/eypan/turtle_follow_ws/src/turtle_control' returned '0': PYTHONPATH=/home/eypan/turtle_follow_ws/build/turtle_control/prefix_override:/usr/lib/python3/dist-packages/colcon_core/task/python/colcon_distutils_commands:/home/eypan/turtle_follow_ws/install/turtle_control/lib/python3.10/site-packages:${PYTHONPATH} /usr/bin/python3 -W ignore:setup.py install is deprecated setup.py egg_info --egg-base ../../build/turtle_control build --build-base /home/eypan/turtle_follow_ws/build/turtle_control/build install --record /home/eypan/turtle_follow_ws/build/turtle_control/install.log --single-version-externally-managed install_data
[3.935s] Level 1:colcon.colcon_core.environment:checking '/home/eypan/turtle_follow_ws/install/turtle_control' for CMake config files
[3.937s] Level 1:colcon.colcon_core.environment:checking '/home/eypan/turtle_follow_ws/install/turtle_control/lib'
[3.937s] Level 1:colcon.colcon_core.environment:checking '/home/eypan/turtle_follow_ws/install/turtle_control/bin'
[3.937s] Level 1:colcon.colcon_core.environment:checking '/home/eypan/turtle_follow_ws/install/turtle_control/lib/pkgconfig/turtle_control.pc'
[3.938s] Level 1:colcon.colcon_core.environment:checking '/home/eypan/turtle_follow_ws/install/turtle_control/lib/python3.10/site-packages'
[3.938s] Level 1:colcon.colcon_core.shell:create_environment_hook('turtle_control', 'pythonpath')
[3.938s] INFO:colcon.colcon_core.shell:Creating environment hook '/home/eypan/turtle_follow_ws/install/turtle_control/share/turtle_control/hook/pythonpath.ps1'
[3.939s] INFO:colcon.colcon_core.shell:Creating environment descriptor '/home/eypan/turtle_follow_ws/install/turtle_control/share/turtle_control/hook/pythonpath.dsv'
[3.940s] INFO:colcon.colcon_core.shell:Creating environment hook '/home/eypan/turtle_follow_ws/install/turtle_control/share/turtle_control/hook/pythonpath.sh'
[3.942s] Level 1:colcon.colcon_core.environment:checking '/home/eypan/turtle_follow_ws/install/turtle_control/bin'
[3.942s] Level 1:colcon.colcon_core.environment:create_environment_scripts_only(turtle_control)
[3.943s] INFO:colcon.colcon_core.shell:Creating package script '/home/eypan/turtle_follow_ws/install/turtle_control/share/turtle_control/package.ps1'
[3.943s] INFO:colcon.colcon_core.shell:Creating package descriptor '/home/eypan/turtle_follow_ws/install/turtle_control/share/turtle_control/package.dsv'
[3.944s] INFO:colcon.colcon_core.shell:Creating package script '/home/eypan/turtle_follow_ws/install/turtle_control/share/turtle_control/package.sh'
[3.945s] INFO:colcon.colcon_core.shell:Creating package script '/home/eypan/turtle_follow_ws/install/turtle_control/share/turtle_control/package.bash'
[3.946s] INFO:colcon.colcon_core.shell:Creating package script '/home/eypan/turtle_follow_ws/install/turtle_control/share/turtle_control/package.zsh'
[3.947s] Level 1:colcon.colcon_core.environment:create_file_with_runtime_dependencies(/home/eypan/turtle_follow_ws/install/turtle_control/share/colcon-core/packages/turtle_control)
[3.948s] DEBUG:colcon.colcon_parallel_executor.executor.parallel:closing loop
[3.949s] DEBUG:colcon.colcon_parallel_executor.executor.parallel:loop closed
[3.949s] DEBUG:colcon.colcon_parallel_executor.executor.parallel:run_until_complete finished with '0'
[3.949s] DEBUG:colcon.colcon_core.event_reactor:joining thread
[3.958s] INFO:colcon.colcon_core.plugin_system:Skipping extension 'colcon_notification.desktop_notification.terminal_notifier': Not used on non-Darwin systems
[3.958s] INFO:colcon.colcon_core.plugin_system:Skipping extension 'colcon_notification.desktop_notification.win32': Not used on non-Windows systems
[3.958s] INFO:colcon.colcon_notification.desktop_notification:Sending desktop notification using 'notify2'
[3.979s] DEBUG:colcon.colcon_core.event_reactor:joined thread
[3.979s] INFO:colcon.colcon_core.shell:Creating prefix script '/home/eypan/turtle_follow_ws/install/local_setup.ps1'
[3.981s] INFO:colcon.colcon_core.shell:Creating prefix util module '/home/eypan/turtle_follow_ws/install/_local_setup_util_ps1.py'
[3.984s] INFO:colcon.colcon_core.shell:Creating prefix chain script '/home/eypan/turtle_follow_ws/install/setup.ps1'
[3.986s] INFO:colcon.colcon_core.shell:Creating prefix script '/home/eypan/turtle_follow_ws/install/local_setup.sh'
[3.987s] INFO:colcon.colcon_core.shell:Creating prefix util module '/home/eypan/turtle_follow_ws/install/_local_setup_util_sh.py'
[3.988s] INFO:colcon.colcon_core.shell:Creating prefix chain script '/home/eypan/turtle_follow_ws/install/setup.sh'
[3.990s] INFO:colcon.colcon_core.shell:Creating prefix script '/home/eypan/turtle_follow_ws/install/local_setup.bash'
[3.992s] INFO:colcon.colcon_core.shell:Creating prefix chain script '/home/eypan/turtle_follow_ws/install/setup.bash'
[3.994s] INFO:colcon.colcon_core.shell:Creating prefix script '/home/eypan/turtle_follow_ws/install/local_setup.zsh'
[3.995s] INFO:colcon.colcon_core.shell:Creating prefix chain script '/home/eypan/turtle_follow_ws/install/setup.zsh'
