[0.022s] Invoking command in '/home/eypan/turtle_follow_ws/build/turtle_interfaces': CMAKE_PREFIX_PATH=${CMAKE_PREFIX_PATH}:/home/eypan/turtle_follow_ws/install/turtle_control:/home/eypan/install/tutorial_interfaces:/home/eypan/ros2_ws/install/perception:/home/eypan/ros2_ws/install/brain:/home/eypan/ros2_ws/install/actuation:/opt/ros/humble /usr/bin/cmake --build /home/eypan/turtle_follow_ws/build/turtle_interfaces -- -j8 -l8
[0.115s] [  2%] Built target turtle_interfaces__cpp
[0.121s] [ 12%] Built target turtle_interfaces__rosidl_generator_c
[0.140s] [ 12%] Built target ament_cmake_python_copy_turtle_interfaces
[0.178s] [ 23%] Built target turtle_interfaces__rosidl_typesupport_cpp
[0.183s] [ 34%] Built target turtle_interfaces__rosidl_typesupport_fastrtps_cpp
[0.184s] [ 44%] Built target turtle_interfaces__rosidl_typesupport_fastrtps_c
[0.186s] [ 55%] Built target turtle_interfaces__rosidl_typesupport_introspection_c
[0.187s] [ 65%] Built target turtle_interfaces__rosidl_typesupport_introspection_cpp
[0.193s] [ 76%] Built target turtle_interfaces__rosidl_typesupport_c
[0.231s] [ 76%] Built target turtle_interfaces
[0.267s] [ 78%] Built target turtle_interfaces__py
[0.307s] [ 87%] Built target turtle_interfaces__rosidl_generator_py
[0.347s] [ 91%] Built target turtle_interfaces__rosidl_typesupport_introspection_c__pyext
[0.347s] [ 95%] Built target turtle_interfaces__rosidl_typesupport_fastrtps_c__pyext
[0.359s] [100%] Built target turtle_interfaces__rosidl_typesupport_c__pyext
[0.674s] running egg_info
[0.675s] writing turtle_interfaces.egg-info/PKG-INFO
[0.675s] writing dependency_links to turtle_interfaces.egg-info/dependency_links.txt
[0.676s] writing top-level names to turtle_interfaces.egg-info/top_level.txt
[0.680s] reading manifest file 'turtle_interfaces.egg-info/SOURCES.txt'
[0.681s] writing manifest file 'turtle_interfaces.egg-info/SOURCES.txt'
[0.727s] [100%] Built target ament_cmake_python_build_turtle_interfaces_egg
[0.746s] Invoked command in '/home/eypan/turtle_follow_ws/build/turtle_interfaces' returned '0': CMAKE_PREFIX_PATH=${CMAKE_PREFIX_PATH}:/home/eypan/turtle_follow_ws/install/turtle_control:/home/eypan/install/tutorial_interfaces:/home/eypan/ros2_ws/install/perception:/home/eypan/ros2_ws/install/brain:/home/eypan/ros2_ws/install/actuation:/opt/ros/humble /usr/bin/cmake --build /home/eypan/turtle_follow_ws/build/turtle_interfaces -- -j8 -l8
[0.939s] Invoking command in '/home/eypan/turtle_follow_ws/build/turtle_interfaces': CMAKE_PREFIX_PATH=${CMAKE_PREFIX_PATH}:/home/eypan/turtle_follow_ws/install/turtle_control:/home/eypan/install/tutorial_interfaces:/home/eypan/ros2_ws/install/perception:/home/eypan/ros2_ws/install/brain:/home/eypan/ros2_ws/install/actuation:/opt/ros/humble /usr/bin/cmake --install /home/eypan/turtle_follow_ws/build/turtle_interfaces
[0.953s] -- Install configuration: ""
[0.954s] -- Up-to-date: /home/eypan/turtle_follow_ws/install/turtle_interfaces/share/ament_index/resource_index/rosidl_interfaces/turtle_interfaces
[0.954s] -- Up-to-date: /home/eypan/turtle_follow_ws/install/turtle_interfaces/include/turtle_interfaces/turtle_interfaces
[0.954s] -- Up-to-date: /home/eypan/turtle_follow_ws/install/turtle_interfaces/include/turtle_interfaces/turtle_interfaces/msg
[0.954s] -- Up-to-date: /home/eypan/turtle_follow_ws/install/turtle_interfaces/include/turtle_interfaces/turtle_interfaces/msg/string_array.h
[0.955s] -- Up-to-date: /home/eypan/turtle_follow_ws/install/turtle_interfaces/include/turtle_interfaces/turtle_interfaces/msg/turtle_follow.h
[0.955s] -- Up-to-date: /home/eypan/turtle_follow_ws/install/turtle_interfaces/include/turtle_interfaces/turtle_interfaces/msg/detail
[0.955s] -- Up-to-date: /home/eypan/turtle_follow_ws/install/turtle_interfaces/include/turtle_interfaces/turtle_interfaces/msg/detail/turtle_follow__struct.h
[0.955s] -- Up-to-date: /home/eypan/turtle_follow_ws/install/turtle_interfaces/include/turtle_interfaces/turtle_interfaces/msg/detail/turtle_follow__functions.c
[0.956s] -- Up-to-date: /home/eypan/turtle_follow_ws/install/turtle_interfaces/include/turtle_interfaces/turtle_interfaces/msg/detail/turtle_follow__functions.h
[0.956s] -- Up-to-date: /home/eypan/turtle_follow_ws/install/turtle_interfaces/include/turtle_interfaces/turtle_interfaces/msg/detail/string_array__struct.h
[0.956s] -- Up-to-date: /home/eypan/turtle_follow_ws/install/turtle_interfaces/include/turtle_interfaces/turtle_interfaces/msg/detail/string_array__functions.c
[0.956s] -- Up-to-date: /home/eypan/turtle_follow_ws/install/turtle_interfaces/include/turtle_interfaces/turtle_interfaces/msg/detail/string_array__functions.h
[0.957s] -- Up-to-date: /home/eypan/turtle_follow_ws/install/turtle_interfaces/include/turtle_interfaces/turtle_interfaces/msg/detail/turtle_follow__type_support.h
[0.957s] -- Up-to-date: /home/eypan/turtle_follow_ws/install/turtle_interfaces/include/turtle_interfaces/turtle_interfaces/msg/detail/string_array__type_support.h
[0.957s] -- Up-to-date: /home/eypan/turtle_follow_ws/install/turtle_interfaces/include/turtle_interfaces/turtle_interfaces/msg/rosidl_generator_c__visibility_control.h
[0.957s] -- Up-to-date: /home/eypan/turtle_follow_ws/install/turtle_interfaces/include/turtle_interfaces/turtle_interfaces/srv
[0.958s] -- Up-to-date: /home/eypan/turtle_follow_ws/install/turtle_interfaces/include/turtle_interfaces/turtle_interfaces/srv/turtle_create.h
[0.958s] -- Up-to-date: /home/eypan/turtle_follow_ws/install/turtle_interfaces/include/turtle_interfaces/turtle_interfaces/srv/turtle_follow.h
[0.958s] -- Up-to-date: /home/eypan/turtle_follow_ws/install/turtle_interfaces/include/turtle_interfaces/turtle_interfaces/srv/detail
[0.958s] -- Up-to-date: /home/eypan/turtle_follow_ws/install/turtle_interfaces/include/turtle_interfaces/turtle_interfaces/srv/detail/turtle_follow__struct.h
[0.959s] -- Up-to-date: /home/eypan/turtle_follow_ws/install/turtle_interfaces/include/turtle_interfaces/turtle_interfaces/srv/detail/turtle_create__type_support.h
[0.959s] -- Up-to-date: /home/eypan/turtle_follow_ws/install/turtle_interfaces/include/turtle_interfaces/turtle_interfaces/srv/detail/turtle_follow__functions.c
[0.959s] -- Up-to-date: /home/eypan/turtle_follow_ws/install/turtle_interfaces/include/turtle_interfaces/turtle_interfaces/srv/detail/turtle_follow__functions.h
[0.959s] -- Up-to-date: /home/eypan/turtle_follow_ws/install/turtle_interfaces/include/turtle_interfaces/turtle_interfaces/srv/detail/turtle_create__functions.c
[0.960s] -- Up-to-date: /home/eypan/turtle_follow_ws/install/turtle_interfaces/include/turtle_interfaces/turtle_interfaces/srv/detail/turtle_create__struct.h
[0.960s] -- Up-to-date: /home/eypan/turtle_follow_ws/install/turtle_interfaces/include/turtle_interfaces/turtle_interfaces/srv/detail/turtle_create__functions.h
[0.960s] -- Up-to-date: /home/eypan/turtle_follow_ws/install/turtle_interfaces/include/turtle_interfaces/turtle_interfaces/srv/detail/turtle_follow__type_support.h
[0.960s] -- Up-to-date: /home/eypan/turtle_follow_ws/install/turtle_interfaces/share/turtle_interfaces/environment/library_path.sh
[0.961s] -- Up-to-date: /home/eypan/turtle_follow_ws/install/turtle_interfaces/share/turtle_interfaces/environment/library_path.dsv
[0.961s] -- Up-to-date: /home/eypan/turtle_follow_ws/install/turtle_interfaces/lib/libturtle_interfaces__rosidl_generator_c.so
[0.961s] -- Up-to-date: /home/eypan/turtle_follow_ws/install/turtle_interfaces/include/turtle_interfaces/turtle_interfaces
[0.962s] -- Up-to-date: /home/eypan/turtle_follow_ws/install/turtle_interfaces/include/turtle_interfaces/turtle_interfaces/msg
[0.962s] -- Up-to-date: /home/eypan/turtle_follow_ws/install/turtle_interfaces/include/turtle_interfaces/turtle_interfaces/msg/rosidl_typesupport_fastrtps_c__visibility_control.h
[0.962s] -- Up-to-date: /home/eypan/turtle_follow_ws/install/turtle_interfaces/include/turtle_interfaces/turtle_interfaces/msg/detail
[0.962s] -- Up-to-date: /home/eypan/turtle_follow_ws/install/turtle_interfaces/include/turtle_interfaces/turtle_interfaces/msg/detail/string_array__rosidl_typesupport_fastrtps_c.h
[0.963s] -- Up-to-date: /home/eypan/turtle_follow_ws/install/turtle_interfaces/include/turtle_interfaces/turtle_interfaces/msg/detail/turtle_follow__rosidl_typesupport_fastrtps_c.h
[0.963s] -- Up-to-date: /home/eypan/turtle_follow_ws/install/turtle_interfaces/include/turtle_interfaces/turtle_interfaces/srv
[0.963s] -- Up-to-date: /home/eypan/turtle_follow_ws/install/turtle_interfaces/include/turtle_interfaces/turtle_interfaces/srv/detail
[0.963s] -- Up-to-date: /home/eypan/turtle_follow_ws/install/turtle_interfaces/include/turtle_interfaces/turtle_interfaces/srv/detail/turtle_follow__rosidl_typesupport_fastrtps_c.h
[0.963s] -- Up-to-date: /home/eypan/turtle_follow_ws/install/turtle_interfaces/include/turtle_interfaces/turtle_interfaces/srv/detail/turtle_create__rosidl_typesupport_fastrtps_c.h
[0.964s] -- Up-to-date: /home/eypan/turtle_follow_ws/install/turtle_interfaces/lib/libturtle_interfaces__rosidl_typesupport_fastrtps_c.so
[0.964s] -- Up-to-date: /home/eypan/turtle_follow_ws/install/turtle_interfaces/include/turtle_interfaces/turtle_interfaces
[0.964s] -- Up-to-date: /home/eypan/turtle_follow_ws/install/turtle_interfaces/include/turtle_interfaces/turtle_interfaces/msg
[0.964s] -- Up-to-date: /home/eypan/turtle_follow_ws/install/turtle_interfaces/include/turtle_interfaces/turtle_interfaces/msg/detail
[0.965s] -- Up-to-date: /home/eypan/turtle_follow_ws/install/turtle_interfaces/include/turtle_interfaces/turtle_interfaces/msg/detail/turtle_follow__type_support.c
[0.965s] -- Up-to-date: /home/eypan/turtle_follow_ws/install/turtle_interfaces/include/turtle_interfaces/turtle_interfaces/msg/detail/string_array__type_support.c
[0.965s] -- Up-to-date: /home/eypan/turtle_follow_ws/install/turtle_interfaces/include/turtle_interfaces/turtle_interfaces/msg/detail/turtle_follow__rosidl_typesupport_introspection_c.h
[0.965s] -- Up-to-date: /home/eypan/turtle_follow_ws/install/turtle_interfaces/include/turtle_interfaces/turtle_interfaces/msg/detail/string_array__rosidl_typesupport_introspection_c.h
[0.965s] -- Up-to-date: /home/eypan/turtle_follow_ws/install/turtle_interfaces/include/turtle_interfaces/turtle_interfaces/msg/rosidl_typesupport_introspection_c__visibility_control.h
[0.966s] -- Up-to-date: /home/eypan/turtle_follow_ws/install/turtle_interfaces/include/turtle_interfaces/turtle_interfaces/srv
[0.966s] -- Up-to-date: /home/eypan/turtle_follow_ws/install/turtle_interfaces/include/turtle_interfaces/turtle_interfaces/srv/detail
[0.966s] -- Up-to-date: /home/eypan/turtle_follow_ws/install/turtle_interfaces/include/turtle_interfaces/turtle_interfaces/srv/detail/turtle_follow__type_support.c
[0.967s] -- Up-to-date: /home/eypan/turtle_follow_ws/install/turtle_interfaces/include/turtle_interfaces/turtle_interfaces/srv/detail/turtle_create__rosidl_typesupport_introspection_c.h
[0.967s] -- Up-to-date: /home/eypan/turtle_follow_ws/install/turtle_interfaces/include/turtle_interfaces/turtle_interfaces/srv/detail/turtle_follow__rosidl_typesupport_introspection_c.h
[0.967s] -- Up-to-date: /home/eypan/turtle_follow_ws/install/turtle_interfaces/include/turtle_interfaces/turtle_interfaces/srv/detail/turtle_create__type_support.c
[0.967s] -- Up-to-date: /home/eypan/turtle_follow_ws/install/turtle_interfaces/lib/libturtle_interfaces__rosidl_typesupport_introspection_c.so
[0.968s] -- Up-to-date: /home/eypan/turtle_follow_ws/install/turtle_interfaces/lib/libturtle_interfaces__rosidl_typesupport_c.so
[0.968s] -- Up-to-date: /home/eypan/turtle_follow_ws/install/turtle_interfaces/include/turtle_interfaces/turtle_interfaces
[0.968s] -- Up-to-date: /home/eypan/turtle_follow_ws/install/turtle_interfaces/include/turtle_interfaces/turtle_interfaces/msg
[0.968s] -- Up-to-date: /home/eypan/turtle_follow_ws/install/turtle_interfaces/include/turtle_interfaces/turtle_interfaces/msg/turtle_follow.hpp
[0.968s] -- Up-to-date: /home/eypan/turtle_follow_ws/install/turtle_interfaces/include/turtle_interfaces/turtle_interfaces/msg/detail
[0.969s] -- Up-to-date: /home/eypan/turtle_follow_ws/install/turtle_interfaces/include/turtle_interfaces/turtle_interfaces/msg/detail/string_array__traits.hpp
[0.969s] -- Up-to-date: /home/eypan/turtle_follow_ws/install/turtle_interfaces/include/turtle_interfaces/turtle_interfaces/msg/detail/turtle_follow__traits.hpp
[0.969s] -- Up-to-date: /home/eypan/turtle_follow_ws/install/turtle_interfaces/include/turtle_interfaces/turtle_interfaces/msg/detail/string_array__builder.hpp
[0.969s] -- Up-to-date: /home/eypan/turtle_follow_ws/install/turtle_interfaces/include/turtle_interfaces/turtle_interfaces/msg/detail/string_array__struct.hpp
[0.969s] -- Up-to-date: /home/eypan/turtle_follow_ws/install/turtle_interfaces/include/turtle_interfaces/turtle_interfaces/msg/detail/turtle_follow__struct.hpp
[0.970s] -- Up-to-date: /home/eypan/turtle_follow_ws/install/turtle_interfaces/include/turtle_interfaces/turtle_interfaces/msg/detail/turtle_follow__builder.hpp
[0.970s] -- Up-to-date: /home/eypan/turtle_follow_ws/install/turtle_interfaces/include/turtle_interfaces/turtle_interfaces/msg/string_array.hpp
[0.970s] -- Up-to-date: /home/eypan/turtle_follow_ws/install/turtle_interfaces/include/turtle_interfaces/turtle_interfaces/srv
[0.970s] -- Up-to-date: /home/eypan/turtle_follow_ws/install/turtle_interfaces/include/turtle_interfaces/turtle_interfaces/srv/turtle_create.hpp
[0.970s] -- Up-to-date: /home/eypan/turtle_follow_ws/install/turtle_interfaces/include/turtle_interfaces/turtle_interfaces/srv/turtle_follow.hpp
[0.971s] -- Up-to-date: /home/eypan/turtle_follow_ws/install/turtle_interfaces/include/turtle_interfaces/turtle_interfaces/srv/detail
[0.971s] -- Up-to-date: /home/eypan/turtle_follow_ws/install/turtle_interfaces/include/turtle_interfaces/turtle_interfaces/srv/detail/turtle_create__traits.hpp
[0.971s] -- Up-to-date: /home/eypan/turtle_follow_ws/install/turtle_interfaces/include/turtle_interfaces/turtle_interfaces/srv/detail/turtle_follow__traits.hpp
[0.971s] -- Up-to-date: /home/eypan/turtle_follow_ws/install/turtle_interfaces/include/turtle_interfaces/turtle_interfaces/srv/detail/turtle_create__struct.hpp
[0.971s] -- Up-to-date: /home/eypan/turtle_follow_ws/install/turtle_interfaces/include/turtle_interfaces/turtle_interfaces/srv/detail/turtle_follow__struct.hpp
[0.972s] -- Up-to-date: /home/eypan/turtle_follow_ws/install/turtle_interfaces/include/turtle_interfaces/turtle_interfaces/srv/detail/turtle_follow__builder.hpp
[0.972s] -- Up-to-date: /home/eypan/turtle_follow_ws/install/turtle_interfaces/include/turtle_interfaces/turtle_interfaces/srv/detail/turtle_create__builder.hpp
[0.972s] -- Up-to-date: /home/eypan/turtle_follow_ws/install/turtle_interfaces/include/turtle_interfaces/turtle_interfaces
[0.972s] -- Up-to-date: /home/eypan/turtle_follow_ws/install/turtle_interfaces/include/turtle_interfaces/turtle_interfaces/msg
[0.972s] -- Up-to-date: /home/eypan/turtle_follow_ws/install/turtle_interfaces/include/turtle_interfaces/turtle_interfaces/msg/detail
[0.973s] -- Up-to-date: /home/eypan/turtle_follow_ws/install/turtle_interfaces/include/turtle_interfaces/turtle_interfaces/msg/detail/turtle_follow__rosidl_typesupport_fastrtps_cpp.hpp
[0.973s] -- Up-to-date: /home/eypan/turtle_follow_ws/install/turtle_interfaces/include/turtle_interfaces/turtle_interfaces/msg/detail/dds_fastrtps
[0.973s] -- Up-to-date: /home/eypan/turtle_follow_ws/install/turtle_interfaces/include/turtle_interfaces/turtle_interfaces/msg/detail/string_array__rosidl_typesupport_fastrtps_cpp.hpp
[0.973s] -- Up-to-date: /home/eypan/turtle_follow_ws/install/turtle_interfaces/include/turtle_interfaces/turtle_interfaces/msg/rosidl_typesupport_fastrtps_cpp__visibility_control.h
[0.973s] -- Up-to-date: /home/eypan/turtle_follow_ws/install/turtle_interfaces/include/turtle_interfaces/turtle_interfaces/srv
[0.974s] -- Up-to-date: /home/eypan/turtle_follow_ws/install/turtle_interfaces/include/turtle_interfaces/turtle_interfaces/srv/detail
[0.974s] -- Up-to-date: /home/eypan/turtle_follow_ws/install/turtle_interfaces/include/turtle_interfaces/turtle_interfaces/srv/detail/turtle_follow__rosidl_typesupport_fastrtps_cpp.hpp
[0.974s] -- Up-to-date: /home/eypan/turtle_follow_ws/install/turtle_interfaces/include/turtle_interfaces/turtle_interfaces/srv/detail/dds_fastrtps
[0.974s] -- Up-to-date: /home/eypan/turtle_follow_ws/install/turtle_interfaces/include/turtle_interfaces/turtle_interfaces/srv/detail/turtle_create__rosidl_typesupport_fastrtps_cpp.hpp
[0.974s] -- Up-to-date: /home/eypan/turtle_follow_ws/install/turtle_interfaces/lib/libturtle_interfaces__rosidl_typesupport_fastrtps_cpp.so
[0.975s] -- Up-to-date: /home/eypan/turtle_follow_ws/install/turtle_interfaces/include/turtle_interfaces/turtle_interfaces
[0.975s] -- Up-to-date: /home/eypan/turtle_follow_ws/install/turtle_interfaces/include/turtle_interfaces/turtle_interfaces/msg
[0.975s] -- Up-to-date: /home/eypan/turtle_follow_ws/install/turtle_interfaces/include/turtle_interfaces/turtle_interfaces/msg/detail
[0.975s] -- Up-to-date: /home/eypan/turtle_follow_ws/install/turtle_interfaces/include/turtle_interfaces/turtle_interfaces/msg/detail/string_array__type_support.cpp
[0.975s] -- Up-to-date: /home/eypan/turtle_follow_ws/install/turtle_interfaces/include/turtle_interfaces/turtle_interfaces/msg/detail/turtle_follow__type_support.cpp
[0.976s] -- Up-to-date: /home/eypan/turtle_follow_ws/install/turtle_interfaces/include/turtle_interfaces/turtle_interfaces/msg/detail/string_array__rosidl_typesupport_introspection_cpp.hpp
[0.976s] -- Up-to-date: /home/eypan/turtle_follow_ws/install/turtle_interfaces/include/turtle_interfaces/turtle_interfaces/msg/detail/turtle_follow__rosidl_typesupport_introspection_cpp.hpp
[0.976s] -- Up-to-date: /home/eypan/turtle_follow_ws/install/turtle_interfaces/include/turtle_interfaces/turtle_interfaces/srv
[0.976s] -- Up-to-date: /home/eypan/turtle_follow_ws/install/turtle_interfaces/include/turtle_interfaces/turtle_interfaces/srv/detail
[0.976s] -- Up-to-date: /home/eypan/turtle_follow_ws/install/turtle_interfaces/include/turtle_interfaces/turtle_interfaces/srv/detail/turtle_follow__type_support.cpp
[0.977s] -- Up-to-date: /home/eypan/turtle_follow_ws/install/turtle_interfaces/include/turtle_interfaces/turtle_interfaces/srv/detail/turtle_create__type_support.cpp
[0.977s] -- Up-to-date: /home/eypan/turtle_follow_ws/install/turtle_interfaces/include/turtle_interfaces/turtle_interfaces/srv/detail/turtle_create__rosidl_typesupport_introspection_cpp.hpp
[0.977s] -- Up-to-date: /home/eypan/turtle_follow_ws/install/turtle_interfaces/include/turtle_interfaces/turtle_interfaces/srv/detail/turtle_follow__rosidl_typesupport_introspection_cpp.hpp
[0.977s] -- Up-to-date: /home/eypan/turtle_follow_ws/install/turtle_interfaces/lib/libturtle_interfaces__rosidl_typesupport_introspection_cpp.so
[0.977s] -- Up-to-date: /home/eypan/turtle_follow_ws/install/turtle_interfaces/lib/libturtle_interfaces__rosidl_typesupport_cpp.so
[0.977s] -- Up-to-date: /home/eypan/turtle_follow_ws/install/turtle_interfaces/share/turtle_interfaces/environment/pythonpath.sh
[0.978s] -- Up-to-date: /home/eypan/turtle_follow_ws/install/turtle_interfaces/share/turtle_interfaces/environment/pythonpath.dsv
[0.978s] -- Up-to-date: /home/eypan/turtle_follow_ws/install/turtle_interfaces/local/lib/python3.10/dist-packages/turtle_interfaces-0.0.0-py3.10.egg-info
[0.978s] -- Installing: /home/eypan/turtle_follow_ws/install/turtle_interfaces/local/lib/python3.10/dist-packages/turtle_interfaces-0.0.0-py3.10.egg-info/dependency_links.txt
[0.978s] -- Installing: /home/eypan/turtle_follow_ws/install/turtle_interfaces/local/lib/python3.10/dist-packages/turtle_interfaces-0.0.0-py3.10.egg-info/PKG-INFO
[0.978s] -- Installing: /home/eypan/turtle_follow_ws/install/turtle_interfaces/local/lib/python3.10/dist-packages/turtle_interfaces-0.0.0-py3.10.egg-info/SOURCES.txt
[0.979s] -- Installing: /home/eypan/turtle_follow_ws/install/turtle_interfaces/local/lib/python3.10/dist-packages/turtle_interfaces-0.0.0-py3.10.egg-info/top_level.txt
[0.979s] -- Up-to-date: /home/eypan/turtle_follow_ws/install/turtle_interfaces/local/lib/python3.10/dist-packages/turtle_interfaces
[0.979s] -- Up-to-date: /home/eypan/turtle_follow_ws/install/turtle_interfaces/local/lib/python3.10/dist-packages/turtle_interfaces/__init__.py
[0.979s] -- Up-to-date: /home/eypan/turtle_follow_ws/install/turtle_interfaces/local/lib/python3.10/dist-packages/turtle_interfaces/msg
[0.979s] -- Up-to-date: /home/eypan/turtle_follow_ws/install/turtle_interfaces/local/lib/python3.10/dist-packages/turtle_interfaces/msg/_turtle_follow.py
[0.980s] -- Up-to-date: /home/eypan/turtle_follow_ws/install/turtle_interfaces/local/lib/python3.10/dist-packages/turtle_interfaces/msg/__init__.py
[0.980s] -- Up-to-date: /home/eypan/turtle_follow_ws/install/turtle_interfaces/local/lib/python3.10/dist-packages/turtle_interfaces/msg/_string_array_s.c
[0.980s] -- Up-to-date: /home/eypan/turtle_follow_ws/install/turtle_interfaces/local/lib/python3.10/dist-packages/turtle_interfaces/msg/_turtle_follow_s.c
[0.980s] -- Up-to-date: /home/eypan/turtle_follow_ws/install/turtle_interfaces/local/lib/python3.10/dist-packages/turtle_interfaces/msg/_string_array.py
[0.980s] -- Up-to-date: /home/eypan/turtle_follow_ws/install/turtle_interfaces/local/lib/python3.10/dist-packages/turtle_interfaces/_turtle_interfaces_s.ep.rosidl_typesupport_fastrtps_c.c
[0.980s] -- Up-to-date: /home/eypan/turtle_follow_ws/install/turtle_interfaces/local/lib/python3.10/dist-packages/turtle_interfaces/turtle_interfaces_s__rosidl_typesupport_fastrtps_c.cpython-310-x86_64-linux-gnu.so
[0.981s] -- Up-to-date: /home/eypan/turtle_follow_ws/install/turtle_interfaces/local/lib/python3.10/dist-packages/turtle_interfaces/turtle_interfaces_s__rosidl_typesupport_c.cpython-310-x86_64-linux-gnu.so
[0.981s] -- Up-to-date: /home/eypan/turtle_follow_ws/install/turtle_interfaces/local/lib/python3.10/dist-packages/turtle_interfaces/srv
[0.981s] -- Up-to-date: /home/eypan/turtle_follow_ws/install/turtle_interfaces/local/lib/python3.10/dist-packages/turtle_interfaces/srv/_turtle_follow.py
[0.981s] -- Up-to-date: /home/eypan/turtle_follow_ws/install/turtle_interfaces/local/lib/python3.10/dist-packages/turtle_interfaces/srv/__init__.py
[0.981s] -- Up-to-date: /home/eypan/turtle_follow_ws/install/turtle_interfaces/local/lib/python3.10/dist-packages/turtle_interfaces/srv/_turtle_create_s.c
[0.982s] -- Up-to-date: /home/eypan/turtle_follow_ws/install/turtle_interfaces/local/lib/python3.10/dist-packages/turtle_interfaces/srv/_turtle_create.py
[0.982s] -- Up-to-date: /home/eypan/turtle_follow_ws/install/turtle_interfaces/local/lib/python3.10/dist-packages/turtle_interfaces/srv/_turtle_follow_s.c
[0.982s] -- Up-to-date: /home/eypan/turtle_follow_ws/install/turtle_interfaces/local/lib/python3.10/dist-packages/turtle_interfaces/libturtle_interfaces__rosidl_generator_py.so
[0.982s] -- Up-to-date: /home/eypan/turtle_follow_ws/install/turtle_interfaces/local/lib/python3.10/dist-packages/turtle_interfaces/_turtle_interfaces_s.ep.rosidl_typesupport_c.c
[0.982s] -- Up-to-date: /home/eypan/turtle_follow_ws/install/turtle_interfaces/local/lib/python3.10/dist-packages/turtle_interfaces/turtle_interfaces_s__rosidl_typesupport_introspection_c.cpython-310-x86_64-linux-gnu.so
[0.982s] -- Up-to-date: /home/eypan/turtle_follow_ws/install/turtle_interfaces/local/lib/python3.10/dist-packages/turtle_interfaces/_turtle_interfaces_s.ep.rosidl_typesupport_introspection_c.c
[1.028s] Listing '/home/eypan/turtle_follow_ws/install/turtle_interfaces/local/lib/python3.10/dist-packages/turtle_interfaces'...
[1.028s] Listing '/home/eypan/turtle_follow_ws/install/turtle_interfaces/local/lib/python3.10/dist-packages/turtle_interfaces/msg'...
[1.028s] Listing '/home/eypan/turtle_follow_ws/install/turtle_interfaces/local/lib/python3.10/dist-packages/turtle_interfaces/srv'...
[1.036s] -- Up-to-date: /home/eypan/turtle_follow_ws/install/turtle_interfaces/local/lib/python3.10/dist-packages/turtle_interfaces/turtle_interfaces_s__rosidl_typesupport_fastrtps_c.cpython-310-x86_64-linux-gnu.so
[1.036s] -- Up-to-date: /home/eypan/turtle_follow_ws/install/turtle_interfaces/local/lib/python3.10/dist-packages/turtle_interfaces/turtle_interfaces_s__rosidl_typesupport_introspection_c.cpython-310-x86_64-linux-gnu.so
[1.037s] -- Up-to-date: /home/eypan/turtle_follow_ws/install/turtle_interfaces/local/lib/python3.10/dist-packages/turtle_interfaces/turtle_interfaces_s__rosidl_typesupport_c.cpython-310-x86_64-linux-gnu.so
[1.038s] -- Up-to-date: /home/eypan/turtle_follow_ws/install/turtle_interfaces/lib/libturtle_interfaces__rosidl_generator_py.so
[1.038s] -- Up-to-date: /home/eypan/turtle_follow_ws/install/turtle_interfaces/share/turtle_interfaces/srv/TurtleCreate.idl
[1.038s] -- Up-to-date: /home/eypan/turtle_follow_ws/install/turtle_interfaces/share/turtle_interfaces/srv/TurtleFollow.idl
[1.039s] -- Up-to-date: /home/eypan/turtle_follow_ws/install/turtle_interfaces/share/turtle_interfaces/msg/StringArray.idl
[1.039s] -- Up-to-date: /home/eypan/turtle_follow_ws/install/turtle_interfaces/share/turtle_interfaces/srv/TurtleCreate.srv
[1.039s] -- Up-to-date: /home/eypan/turtle_follow_ws/install/turtle_interfaces/share/turtle_interfaces/srv/TurtleCreate_Request.msg
[1.039s] -- Up-to-date: /home/eypan/turtle_follow_ws/install/turtle_interfaces/share/turtle_interfaces/srv/TurtleCreate_Response.msg
[1.040s] -- Up-to-date: /home/eypan/turtle_follow_ws/install/turtle_interfaces/share/turtle_interfaces/srv/TurtleFollow.srv
[1.040s] -- Up-to-date: /home/eypan/turtle_follow_ws/install/turtle_interfaces/share/turtle_interfaces/srv/TurtleFollow_Request.msg
[1.040s] -- Up-to-date: /home/eypan/turtle_follow_ws/install/turtle_interfaces/share/turtle_interfaces/srv/TurtleFollow_Response.msg
[1.040s] -- Up-to-date: /home/eypan/turtle_follow_ws/install/turtle_interfaces/share/turtle_interfaces/msg/StringArray.msg
[1.041s] -- Up-to-date: /home/eypan/turtle_follow_ws/install/turtle_interfaces/share/ament_index/resource_index/package_run_dependencies/turtle_interfaces
[1.041s] -- Up-to-date: /home/eypan/turtle_follow_ws/install/turtle_interfaces/share/ament_index/resource_index/parent_prefix_path/turtle_interfaces
[1.041s] -- Up-to-date: /home/eypan/turtle_follow_ws/install/turtle_interfaces/share/turtle_interfaces/environment/ament_prefix_path.sh
[1.041s] -- Up-to-date: /home/eypan/turtle_follow_ws/install/turtle_interfaces/share/turtle_interfaces/environment/ament_prefix_path.dsv
[1.042s] -- Up-to-date: /home/eypan/turtle_follow_ws/install/turtle_interfaces/share/turtle_interfaces/environment/path.sh
[1.042s] -- Up-to-date: /home/eypan/turtle_follow_ws/install/turtle_interfaces/share/turtle_interfaces/environment/path.dsv
[1.042s] -- Up-to-date: /home/eypan/turtle_follow_ws/install/turtle_interfaces/share/turtle_interfaces/local_setup.bash
[1.042s] -- Up-to-date: /home/eypan/turtle_follow_ws/install/turtle_interfaces/share/turtle_interfaces/local_setup.sh
[1.043s] -- Up-to-date: /home/eypan/turtle_follow_ws/install/turtle_interfaces/share/turtle_interfaces/local_setup.zsh
[1.043s] -- Up-to-date: /home/eypan/turtle_follow_ws/install/turtle_interfaces/share/turtle_interfaces/local_setup.dsv
[1.043s] -- Installing: /home/eypan/turtle_follow_ws/install/turtle_interfaces/share/turtle_interfaces/package.dsv
[1.043s] -- Up-to-date: /home/eypan/turtle_follow_ws/install/turtle_interfaces/share/ament_index/resource_index/packages/turtle_interfaces
[1.044s] -- Up-to-date: /home/eypan/turtle_follow_ws/install/turtle_interfaces/share/turtle_interfaces/cmake/export_turtle_interfaces__rosidl_generator_cExport.cmake
[1.044s] -- Up-to-date: /home/eypan/turtle_follow_ws/install/turtle_interfaces/share/turtle_interfaces/cmake/export_turtle_interfaces__rosidl_generator_cExport-noconfig.cmake
[1.044s] -- Up-to-date: /home/eypan/turtle_follow_ws/install/turtle_interfaces/share/turtle_interfaces/cmake/export_turtle_interfaces__rosidl_typesupport_fastrtps_cExport.cmake
[1.044s] -- Up-to-date: /home/eypan/turtle_follow_ws/install/turtle_interfaces/share/turtle_interfaces/cmake/export_turtle_interfaces__rosidl_typesupport_fastrtps_cExport-noconfig.cmake
[1.044s] -- Up-to-date: /home/eypan/turtle_follow_ws/install/turtle_interfaces/share/turtle_interfaces/cmake/turtle_interfaces__rosidl_typesupport_introspection_cExport.cmake
[1.045s] -- Up-to-date: /home/eypan/turtle_follow_ws/install/turtle_interfaces/share/turtle_interfaces/cmake/turtle_interfaces__rosidl_typesupport_introspection_cExport-noconfig.cmake
[1.045s] -- Up-to-date: /home/eypan/turtle_follow_ws/install/turtle_interfaces/share/turtle_interfaces/cmake/turtle_interfaces__rosidl_typesupport_cExport.cmake
[1.045s] -- Up-to-date: /home/eypan/turtle_follow_ws/install/turtle_interfaces/share/turtle_interfaces/cmake/turtle_interfaces__rosidl_typesupport_cExport-noconfig.cmake
[1.045s] -- Up-to-date: /home/eypan/turtle_follow_ws/install/turtle_interfaces/share/turtle_interfaces/cmake/export_turtle_interfaces__rosidl_generator_cppExport.cmake
[1.045s] -- Up-to-date: /home/eypan/turtle_follow_ws/install/turtle_interfaces/share/turtle_interfaces/cmake/export_turtle_interfaces__rosidl_typesupport_fastrtps_cppExport.cmake
[1.046s] -- Up-to-date: /home/eypan/turtle_follow_ws/install/turtle_interfaces/share/turtle_interfaces/cmake/export_turtle_interfaces__rosidl_typesupport_fastrtps_cppExport-noconfig.cmake
[1.046s] -- Up-to-date: /home/eypan/turtle_follow_ws/install/turtle_interfaces/share/turtle_interfaces/cmake/turtle_interfaces__rosidl_typesupport_introspection_cppExport.cmake
[1.046s] -- Up-to-date: /home/eypan/turtle_follow_ws/install/turtle_interfaces/share/turtle_interfaces/cmake/turtle_interfaces__rosidl_typesupport_introspection_cppExport-noconfig.cmake
[1.046s] -- Up-to-date: /home/eypan/turtle_follow_ws/install/turtle_interfaces/share/turtle_interfaces/cmake/turtle_interfaces__rosidl_typesupport_cppExport.cmake
[1.046s] -- Up-to-date: /home/eypan/turtle_follow_ws/install/turtle_interfaces/share/turtle_interfaces/cmake/turtle_interfaces__rosidl_typesupport_cppExport-noconfig.cmake
[1.046s] -- Up-to-date: /home/eypan/turtle_follow_ws/install/turtle_interfaces/share/turtle_interfaces/cmake/export_turtle_interfaces__rosidl_generator_pyExport.cmake
[1.047s] -- Up-to-date: /home/eypan/turtle_follow_ws/install/turtle_interfaces/share/turtle_interfaces/cmake/export_turtle_interfaces__rosidl_generator_pyExport-noconfig.cmake
[1.047s] -- Up-to-date: /home/eypan/turtle_follow_ws/install/turtle_interfaces/share/turtle_interfaces/cmake/rosidl_cmake-extras.cmake
[1.047s] -- Up-to-date: /home/eypan/turtle_follow_ws/install/turtle_interfaces/share/turtle_interfaces/cmake/ament_cmake_export_include_directories-extras.cmake
[1.047s] -- Up-to-date: /home/eypan/turtle_follow_ws/install/turtle_interfaces/share/turtle_interfaces/cmake/ament_cmake_export_libraries-extras.cmake
[1.047s] -- Up-to-date: /home/eypan/turtle_follow_ws/install/turtle_interfaces/share/turtle_interfaces/cmake/ament_cmake_export_targets-extras.cmake
[1.048s] -- Up-to-date: /home/eypan/turtle_follow_ws/install/turtle_interfaces/share/turtle_interfaces/cmake/rosidl_cmake_export_typesupport_targets-extras.cmake
[1.048s] -- Up-to-date: /home/eypan/turtle_follow_ws/install/turtle_interfaces/share/turtle_interfaces/cmake/ament_cmake_export_dependencies-extras.cmake
[1.050s] -- Up-to-date: /home/eypan/turtle_follow_ws/install/turtle_interfaces/share/turtle_interfaces/cmake/rosidl_cmake_export_typesupport_libraries-extras.cmake
[1.050s] -- Up-to-date: /home/eypan/turtle_follow_ws/install/turtle_interfaces/share/turtle_interfaces/cmake/turtle_interfacesConfig.cmake
[1.050s] -- Up-to-date: /home/eypan/turtle_follow_ws/install/turtle_interfaces/share/turtle_interfaces/cmake/turtle_interfacesConfig-version.cmake
[1.051s] -- Up-to-date: /home/eypan/turtle_follow_ws/install/turtle_interfaces/share/turtle_interfaces/package.xml
[1.051s] Invoked command in '/home/eypan/turtle_follow_ws/build/turtle_interfaces' returned '0': CMAKE_PREFIX_PATH=${CMAKE_PREFIX_PATH}:/home/eypan/turtle_follow_ws/install/turtle_control:/home/eypan/install/tutorial_interfaces:/home/eypan/ros2_ws/install/perception:/home/eypan/ros2_ws/install/brain:/home/eypan/ros2_ws/install/actuation:/opt/ros/humble /usr/bin/cmake --install /home/eypan/turtle_follow_ws/build/turtle_interfaces
