[  4%] Built target turtle_interfaces__cpp
[ 12%] Built target turtle_interfaces__rosidl_generator_c
[ 12%] Built target ament_cmake_python_copy_turtle_interfaces
[ 23%] Built target turtle_interfaces__rosidl_typesupport_introspection_c
[ 34%] Built target turtle_interfaces__rosidl_typesupport_c
[ 44%] Built target turtle_interfaces__rosidl_typesupport_fastrtps_c
[ 55%] Built target turtle_interfaces__rosidl_typesupport_cpp
[ 65%] Built target turtle_interfaces__rosidl_typesupport_fastrtps_cpp
[ 76%] Built target turtle_interfaces__rosidl_typesupport_introspection_cpp
[ 76%] Built target turtle_interfaces
[ 78%] Built target turtle_interfaces__py
[ 87%] Built target turtle_interfaces__rosidl_generator_py
[100%] Built target turtle_interfaces__rosidl_typesupport_c__pyext
[100%] Built target turtle_interfaces__rosidl_typesupport_introspection_c__pyext
[100%] Built target turtle_interfaces__rosidl_typesupport_fastrtps_c__pyext
running egg_info
writing turtle_interfaces.egg-info/PKG-INFO
writing dependency_links to turtle_interfaces.egg-info/dependency_links.txt
writing top-level names to turtle_interfaces.egg-info/top_level.txt
reading manifest file 'turtle_interfaces.egg-info/SOURCES.txt'
writing manifest file 'turtle_interfaces.egg-info/SOURCES.txt'
[100%] Built target ament_cmake_python_build_turtle_interfaces_egg
-- Install configuration: ""
-- Up-to-date: /home/eypan/turtle_follow_ws/install/turtle_interfaces/share/ament_index/resource_index/rosidl_interfaces/turtle_interfaces
-- Up-to-date: /home/eypan/turtle_follow_ws/install/turtle_interfaces/include/turtle_interfaces/turtle_interfaces
-- Up-to-date: /home/eypan/turtle_follow_ws/install/turtle_interfaces/include/turtle_interfaces/turtle_interfaces/msg
-- Up-to-date: /home/eypan/turtle_follow_ws/install/turtle_interfaces/include/turtle_interfaces/turtle_interfaces/msg/string_array.h
-- Up-to-date: /home/eypan/turtle_follow_ws/install/turtle_interfaces/include/turtle_interfaces/turtle_interfaces/msg/turtle_follow.h
-- Up-to-date: /home/eypan/turtle_follow_ws/install/turtle_interfaces/include/turtle_interfaces/turtle_interfaces/msg/detail
-- Up-to-date: /home/eypan/turtle_follow_ws/install/turtle_interfaces/include/turtle_interfaces/turtle_interfaces/msg/detail/turtle_follow__struct.h
-- Up-to-date: /home/eypan/turtle_follow_ws/install/turtle_interfaces/include/turtle_interfaces/turtle_interfaces/msg/detail/turtle_follow__functions.c
-- Up-to-date: /home/eypan/turtle_follow_ws/install/turtle_interfaces/include/turtle_interfaces/turtle_interfaces/msg/detail/turtle_follow__functions.h
-- Up-to-date: /home/eypan/turtle_follow_ws/install/turtle_interfaces/include/turtle_interfaces/turtle_interfaces/msg/detail/string_array__struct.h
-- Up-to-date: /home/eypan/turtle_follow_ws/install/turtle_interfaces/include/turtle_interfaces/turtle_interfaces/msg/detail/string_array__functions.c
-- Up-to-date: /home/eypan/turtle_follow_ws/install/turtle_interfaces/include/turtle_interfaces/turtle_interfaces/msg/detail/string_array__functions.h
-- Up-to-date: /home/eypan/turtle_follow_ws/install/turtle_interfaces/include/turtle_interfaces/turtle_interfaces/msg/detail/turtle_follow__type_support.h
-- Up-to-date: /home/eypan/turtle_follow_ws/install/turtle_interfaces/include/turtle_interfaces/turtle_interfaces/msg/detail/string_array__type_support.h
-- Up-to-date: /home/eypan/turtle_follow_ws/install/turtle_interfaces/include/turtle_interfaces/turtle_interfaces/msg/rosidl_generator_c__visibility_control.h
-- Up-to-date: /home/eypan/turtle_follow_ws/install/turtle_interfaces/include/turtle_interfaces/turtle_interfaces/srv
-- Up-to-date: /home/eypan/turtle_follow_ws/install/turtle_interfaces/include/turtle_interfaces/turtle_interfaces/srv/turtle_create.h
-- Up-to-date: /home/eypan/turtle_follow_ws/install/turtle_interfaces/include/turtle_interfaces/turtle_interfaces/srv/turtle_follow.h
-- Up-to-date: /home/eypan/turtle_follow_ws/install/turtle_interfaces/include/turtle_interfaces/turtle_interfaces/srv/detail
-- Up-to-date: /home/eypan/turtle_follow_ws/install/turtle_interfaces/include/turtle_interfaces/turtle_interfaces/srv/detail/turtle_follow__struct.h
-- Up-to-date: /home/eypan/turtle_follow_ws/install/turtle_interfaces/include/turtle_interfaces/turtle_interfaces/srv/detail/turtle_create__type_support.h
-- Up-to-date: /home/eypan/turtle_follow_ws/install/turtle_interfaces/include/turtle_interfaces/turtle_interfaces/srv/detail/turtle_follow__functions.c
-- Up-to-date: /home/eypan/turtle_follow_ws/install/turtle_interfaces/include/turtle_interfaces/turtle_interfaces/srv/detail/turtle_follow__functions.h
-- Up-to-date: /home/eypan/turtle_follow_ws/install/turtle_interfaces/include/turtle_interfaces/turtle_interfaces/srv/detail/turtle_create__functions.c
-- Up-to-date: /home/eypan/turtle_follow_ws/install/turtle_interfaces/include/turtle_interfaces/turtle_interfaces/srv/detail/turtle_create__struct.h
-- Up-to-date: /home/eypan/turtle_follow_ws/install/turtle_interfaces/include/turtle_interfaces/turtle_interfaces/srv/detail/turtle_create__functions.h
-- Up-to-date: /home/eypan/turtle_follow_ws/install/turtle_interfaces/include/turtle_interfaces/turtle_interfaces/srv/detail/turtle_follow__type_support.h
-- Up-to-date: /home/eypan/turtle_follow_ws/install/turtle_interfaces/share/turtle_interfaces/environment/library_path.sh
-- Up-to-date: /home/eypan/turtle_follow_ws/install/turtle_interfaces/share/turtle_interfaces/environment/library_path.dsv
-- Up-to-date: /home/eypan/turtle_follow_ws/install/turtle_interfaces/lib/libturtle_interfaces__rosidl_generator_c.so
-- Up-to-date: /home/eypan/turtle_follow_ws/install/turtle_interfaces/include/turtle_interfaces/turtle_interfaces
-- Up-to-date: /home/eypan/turtle_follow_ws/install/turtle_interfaces/include/turtle_interfaces/turtle_interfaces/msg
-- Up-to-date: /home/eypan/turtle_follow_ws/install/turtle_interfaces/include/turtle_interfaces/turtle_interfaces/msg/rosidl_typesupport_fastrtps_c__visibility_control.h
-- Up-to-date: /home/eypan/turtle_follow_ws/install/turtle_interfaces/include/turtle_interfaces/turtle_interfaces/msg/detail
-- Up-to-date: /home/eypan/turtle_follow_ws/install/turtle_interfaces/include/turtle_interfaces/turtle_interfaces/msg/detail/string_array__rosidl_typesupport_fastrtps_c.h
-- Up-to-date: /home/eypan/turtle_follow_ws/install/turtle_interfaces/include/turtle_interfaces/turtle_interfaces/msg/detail/turtle_follow__rosidl_typesupport_fastrtps_c.h
-- Up-to-date: /home/eypan/turtle_follow_ws/install/turtle_interfaces/include/turtle_interfaces/turtle_interfaces/srv
-- Up-to-date: /home/eypan/turtle_follow_ws/install/turtle_interfaces/include/turtle_interfaces/turtle_interfaces/srv/detail
-- Up-to-date: /home/eypan/turtle_follow_ws/install/turtle_interfaces/include/turtle_interfaces/turtle_interfaces/srv/detail/turtle_follow__rosidl_typesupport_fastrtps_c.h
-- Up-to-date: /home/eypan/turtle_follow_ws/install/turtle_interfaces/include/turtle_interfaces/turtle_interfaces/srv/detail/turtle_create__rosidl_typesupport_fastrtps_c.h
-- Up-to-date: /home/eypan/turtle_follow_ws/install/turtle_interfaces/lib/libturtle_interfaces__rosidl_typesupport_fastrtps_c.so
-- Up-to-date: /home/eypan/turtle_follow_ws/install/turtle_interfaces/include/turtle_interfaces/turtle_interfaces
-- Up-to-date: /home/eypan/turtle_follow_ws/install/turtle_interfaces/include/turtle_interfaces/turtle_interfaces/msg
-- Up-to-date: /home/eypan/turtle_follow_ws/install/turtle_interfaces/include/turtle_interfaces/turtle_interfaces/msg/detail
-- Up-to-date: /home/eypan/turtle_follow_ws/install/turtle_interfaces/include/turtle_interfaces/turtle_interfaces/msg/detail/turtle_follow__type_support.c
-- Up-to-date: /home/eypan/turtle_follow_ws/install/turtle_interfaces/include/turtle_interfaces/turtle_interfaces/msg/detail/string_array__type_support.c
-- Up-to-date: /home/eypan/turtle_follow_ws/install/turtle_interfaces/include/turtle_interfaces/turtle_interfaces/msg/detail/turtle_follow__rosidl_typesupport_introspection_c.h
-- Up-to-date: /home/eypan/turtle_follow_ws/install/turtle_interfaces/include/turtle_interfaces/turtle_interfaces/msg/detail/string_array__rosidl_typesupport_introspection_c.h
-- Up-to-date: /home/eypan/turtle_follow_ws/install/turtle_interfaces/include/turtle_interfaces/turtle_interfaces/msg/rosidl_typesupport_introspection_c__visibility_control.h
-- Up-to-date: /home/eypan/turtle_follow_ws/install/turtle_interfaces/include/turtle_interfaces/turtle_interfaces/srv
-- Up-to-date: /home/eypan/turtle_follow_ws/install/turtle_interfaces/include/turtle_interfaces/turtle_interfaces/srv/detail
-- Up-to-date: /home/eypan/turtle_follow_ws/install/turtle_interfaces/include/turtle_interfaces/turtle_interfaces/srv/detail/turtle_follow__type_support.c
-- Up-to-date: /home/eypan/turtle_follow_ws/install/turtle_interfaces/include/turtle_interfaces/turtle_interfaces/srv/detail/turtle_create__rosidl_typesupport_introspection_c.h
-- Up-to-date: /home/eypan/turtle_follow_ws/install/turtle_interfaces/include/turtle_interfaces/turtle_interfaces/srv/detail/turtle_follow__rosidl_typesupport_introspection_c.h
-- Up-to-date: /home/eypan/turtle_follow_ws/install/turtle_interfaces/include/turtle_interfaces/turtle_interfaces/srv/detail/turtle_create__type_support.c
-- Up-to-date: /home/eypan/turtle_follow_ws/install/turtle_interfaces/lib/libturtle_interfaces__rosidl_typesupport_introspection_c.so
-- Up-to-date: /home/eypan/turtle_follow_ws/install/turtle_interfaces/lib/libturtle_interfaces__rosidl_typesupport_c.so
-- Up-to-date: /home/eypan/turtle_follow_ws/install/turtle_interfaces/include/turtle_interfaces/turtle_interfaces
-- Up-to-date: /home/eypan/turtle_follow_ws/install/turtle_interfaces/include/turtle_interfaces/turtle_interfaces/msg
-- Up-to-date: /home/eypan/turtle_follow_ws/install/turtle_interfaces/include/turtle_interfaces/turtle_interfaces/msg/turtle_follow.hpp
-- Up-to-date: /home/eypan/turtle_follow_ws/install/turtle_interfaces/include/turtle_interfaces/turtle_interfaces/msg/detail
-- Up-to-date: /home/eypan/turtle_follow_ws/install/turtle_interfaces/include/turtle_interfaces/turtle_interfaces/msg/detail/string_array__traits.hpp
-- Up-to-date: /home/eypan/turtle_follow_ws/install/turtle_interfaces/include/turtle_interfaces/turtle_interfaces/msg/detail/turtle_follow__traits.hpp
-- Up-to-date: /home/eypan/turtle_follow_ws/install/turtle_interfaces/include/turtle_interfaces/turtle_interfaces/msg/detail/string_array__builder.hpp
-- Up-to-date: /home/eypan/turtle_follow_ws/install/turtle_interfaces/include/turtle_interfaces/turtle_interfaces/msg/detail/string_array__struct.hpp
-- Up-to-date: /home/eypan/turtle_follow_ws/install/turtle_interfaces/include/turtle_interfaces/turtle_interfaces/msg/detail/turtle_follow__struct.hpp
-- Up-to-date: /home/eypan/turtle_follow_ws/install/turtle_interfaces/include/turtle_interfaces/turtle_interfaces/msg/detail/turtle_follow__builder.hpp
-- Up-to-date: /home/eypan/turtle_follow_ws/install/turtle_interfaces/include/turtle_interfaces/turtle_interfaces/msg/string_array.hpp
-- Up-to-date: /home/eypan/turtle_follow_ws/install/turtle_interfaces/include/turtle_interfaces/turtle_interfaces/srv
-- Up-to-date: /home/eypan/turtle_follow_ws/install/turtle_interfaces/include/turtle_interfaces/turtle_interfaces/srv/turtle_create.hpp
-- Up-to-date: /home/eypan/turtle_follow_ws/install/turtle_interfaces/include/turtle_interfaces/turtle_interfaces/srv/turtle_follow.hpp
-- Up-to-date: /home/eypan/turtle_follow_ws/install/turtle_interfaces/include/turtle_interfaces/turtle_interfaces/srv/detail
-- Up-to-date: /home/eypan/turtle_follow_ws/install/turtle_interfaces/include/turtle_interfaces/turtle_interfaces/srv/detail/turtle_create__traits.hpp
-- Up-to-date: /home/eypan/turtle_follow_ws/install/turtle_interfaces/include/turtle_interfaces/turtle_interfaces/srv/detail/turtle_follow__traits.hpp
-- Up-to-date: /home/eypan/turtle_follow_ws/install/turtle_interfaces/include/turtle_interfaces/turtle_interfaces/srv/detail/turtle_create__struct.hpp
-- Up-to-date: /home/eypan/turtle_follow_ws/install/turtle_interfaces/include/turtle_interfaces/turtle_interfaces/srv/detail/turtle_follow__struct.hpp
-- Up-to-date: /home/eypan/turtle_follow_ws/install/turtle_interfaces/include/turtle_interfaces/turtle_interfaces/srv/detail/turtle_follow__builder.hpp
-- Up-to-date: /home/eypan/turtle_follow_ws/install/turtle_interfaces/include/turtle_interfaces/turtle_interfaces/srv/detail/turtle_create__builder.hpp
-- Up-to-date: /home/eypan/turtle_follow_ws/install/turtle_interfaces/include/turtle_interfaces/turtle_interfaces
-- Up-to-date: /home/eypan/turtle_follow_ws/install/turtle_interfaces/include/turtle_interfaces/turtle_interfaces/msg
-- Up-to-date: /home/eypan/turtle_follow_ws/install/turtle_interfaces/include/turtle_interfaces/turtle_interfaces/msg/detail
-- Up-to-date: /home/eypan/turtle_follow_ws/install/turtle_interfaces/include/turtle_interfaces/turtle_interfaces/msg/detail/turtle_follow__rosidl_typesupport_fastrtps_cpp.hpp
-- Up-to-date: /home/eypan/turtle_follow_ws/install/turtle_interfaces/include/turtle_interfaces/turtle_interfaces/msg/detail/dds_fastrtps
-- Up-to-date: /home/eypan/turtle_follow_ws/install/turtle_interfaces/include/turtle_interfaces/turtle_interfaces/msg/detail/string_array__rosidl_typesupport_fastrtps_cpp.hpp
-- Up-to-date: /home/eypan/turtle_follow_ws/install/turtle_interfaces/include/turtle_interfaces/turtle_interfaces/msg/rosidl_typesupport_fastrtps_cpp__visibility_control.h
-- Up-to-date: /home/eypan/turtle_follow_ws/install/turtle_interfaces/include/turtle_interfaces/turtle_interfaces/srv
-- Up-to-date: /home/eypan/turtle_follow_ws/install/turtle_interfaces/include/turtle_interfaces/turtle_interfaces/srv/detail
-- Up-to-date: /home/eypan/turtle_follow_ws/install/turtle_interfaces/include/turtle_interfaces/turtle_interfaces/srv/detail/turtle_follow__rosidl_typesupport_fastrtps_cpp.hpp
-- Up-to-date: /home/eypan/turtle_follow_ws/install/turtle_interfaces/include/turtle_interfaces/turtle_interfaces/srv/detail/dds_fastrtps
-- Up-to-date: /home/eypan/turtle_follow_ws/install/turtle_interfaces/include/turtle_interfaces/turtle_interfaces/srv/detail/turtle_create__rosidl_typesupport_fastrtps_cpp.hpp
-- Up-to-date: /home/eypan/turtle_follow_ws/install/turtle_interfaces/lib/libturtle_interfaces__rosidl_typesupport_fastrtps_cpp.so
-- Up-to-date: /home/eypan/turtle_follow_ws/install/turtle_interfaces/include/turtle_interfaces/turtle_interfaces
-- Up-to-date: /home/eypan/turtle_follow_ws/install/turtle_interfaces/include/turtle_interfaces/turtle_interfaces/msg
-- Up-to-date: /home/eypan/turtle_follow_ws/install/turtle_interfaces/include/turtle_interfaces/turtle_interfaces/msg/detail
-- Up-to-date: /home/eypan/turtle_follow_ws/install/turtle_interfaces/include/turtle_interfaces/turtle_interfaces/msg/detail/string_array__type_support.cpp
-- Up-to-date: /home/eypan/turtle_follow_ws/install/turtle_interfaces/include/turtle_interfaces/turtle_interfaces/msg/detail/turtle_follow__type_support.cpp
-- Up-to-date: /home/eypan/turtle_follow_ws/install/turtle_interfaces/include/turtle_interfaces/turtle_interfaces/msg/detail/string_array__rosidl_typesupport_introspection_cpp.hpp
-- Up-to-date: /home/eypan/turtle_follow_ws/install/turtle_interfaces/include/turtle_interfaces/turtle_interfaces/msg/detail/turtle_follow__rosidl_typesupport_introspection_cpp.hpp
-- Up-to-date: /home/eypan/turtle_follow_ws/install/turtle_interfaces/include/turtle_interfaces/turtle_interfaces/srv
-- Up-to-date: /home/eypan/turtle_follow_ws/install/turtle_interfaces/include/turtle_interfaces/turtle_interfaces/srv/detail
-- Up-to-date: /home/eypan/turtle_follow_ws/install/turtle_interfaces/include/turtle_interfaces/turtle_interfaces/srv/detail/turtle_follow__type_support.cpp
-- Up-to-date: /home/eypan/turtle_follow_ws/install/turtle_interfaces/include/turtle_interfaces/turtle_interfaces/srv/detail/turtle_create__type_support.cpp
-- Up-to-date: /home/eypan/turtle_follow_ws/install/turtle_interfaces/include/turtle_interfaces/turtle_interfaces/srv/detail/turtle_create__rosidl_typesupport_introspection_cpp.hpp
-- Up-to-date: /home/eypan/turtle_follow_ws/install/turtle_interfaces/include/turtle_interfaces/turtle_interfaces/srv/detail/turtle_follow__rosidl_typesupport_introspection_cpp.hpp
-- Up-to-date: /home/eypan/turtle_follow_ws/install/turtle_interfaces/lib/libturtle_interfaces__rosidl_typesupport_introspection_cpp.so
-- Up-to-date: /home/eypan/turtle_follow_ws/install/turtle_interfaces/lib/libturtle_interfaces__rosidl_typesupport_cpp.so
-- Up-to-date: /home/eypan/turtle_follow_ws/install/turtle_interfaces/share/turtle_interfaces/environment/pythonpath.sh
-- Up-to-date: /home/eypan/turtle_follow_ws/install/turtle_interfaces/share/turtle_interfaces/environment/pythonpath.dsv
-- Up-to-date: /home/eypan/turtle_follow_ws/install/turtle_interfaces/local/lib/python3.10/dist-packages/turtle_interfaces-0.0.0-py3.10.egg-info
-- Installing: /home/eypan/turtle_follow_ws/install/turtle_interfaces/local/lib/python3.10/dist-packages/turtle_interfaces-0.0.0-py3.10.egg-info/dependency_links.txt
-- Installing: /home/eypan/turtle_follow_ws/install/turtle_interfaces/local/lib/python3.10/dist-packages/turtle_interfaces-0.0.0-py3.10.egg-info/PKG-INFO
-- Installing: /home/eypan/turtle_follow_ws/install/turtle_interfaces/local/lib/python3.10/dist-packages/turtle_interfaces-0.0.0-py3.10.egg-info/SOURCES.txt
-- Installing: /home/eypan/turtle_follow_ws/install/turtle_interfaces/local/lib/python3.10/dist-packages/turtle_interfaces-0.0.0-py3.10.egg-info/top_level.txt
-- Up-to-date: /home/eypan/turtle_follow_ws/install/turtle_interfaces/local/lib/python3.10/dist-packages/turtle_interfaces
-- Up-to-date: /home/eypan/turtle_follow_ws/install/turtle_interfaces/local/lib/python3.10/dist-packages/turtle_interfaces/__init__.py
-- Up-to-date: /home/eypan/turtle_follow_ws/install/turtle_interfaces/local/lib/python3.10/dist-packages/turtle_interfaces/msg
-- Up-to-date: /home/eypan/turtle_follow_ws/install/turtle_interfaces/local/lib/python3.10/dist-packages/turtle_interfaces/msg/_turtle_follow.py
-- Up-to-date: /home/eypan/turtle_follow_ws/install/turtle_interfaces/local/lib/python3.10/dist-packages/turtle_interfaces/msg/__init__.py
-- Up-to-date: /home/eypan/turtle_follow_ws/install/turtle_interfaces/local/lib/python3.10/dist-packages/turtle_interfaces/msg/_string_array_s.c
-- Up-to-date: /home/eypan/turtle_follow_ws/install/turtle_interfaces/local/lib/python3.10/dist-packages/turtle_interfaces/msg/_turtle_follow_s.c
-- Up-to-date: /home/eypan/turtle_follow_ws/install/turtle_interfaces/local/lib/python3.10/dist-packages/turtle_interfaces/msg/_string_array.py
-- Up-to-date: /home/eypan/turtle_follow_ws/install/turtle_interfaces/local/lib/python3.10/dist-packages/turtle_interfaces/_turtle_interfaces_s.ep.rosidl_typesupport_fastrtps_c.c
-- Up-to-date: /home/eypan/turtle_follow_ws/install/turtle_interfaces/local/lib/python3.10/dist-packages/turtle_interfaces/turtle_interfaces_s__rosidl_typesupport_fastrtps_c.cpython-310-x86_64-linux-gnu.so
-- Up-to-date: /home/eypan/turtle_follow_ws/install/turtle_interfaces/local/lib/python3.10/dist-packages/turtle_interfaces/turtle_interfaces_s__rosidl_typesupport_c.cpython-310-x86_64-linux-gnu.so
-- Up-to-date: /home/eypan/turtle_follow_ws/install/turtle_interfaces/local/lib/python3.10/dist-packages/turtle_interfaces/srv
-- Up-to-date: /home/eypan/turtle_follow_ws/install/turtle_interfaces/local/lib/python3.10/dist-packages/turtle_interfaces/srv/_turtle_follow.py
-- Up-to-date: /home/eypan/turtle_follow_ws/install/turtle_interfaces/local/lib/python3.10/dist-packages/turtle_interfaces/srv/__init__.py
-- Up-to-date: /home/eypan/turtle_follow_ws/install/turtle_interfaces/local/lib/python3.10/dist-packages/turtle_interfaces/srv/_turtle_create_s.c
-- Up-to-date: /home/eypan/turtle_follow_ws/install/turtle_interfaces/local/lib/python3.10/dist-packages/turtle_interfaces/srv/_turtle_create.py
-- Up-to-date: /home/eypan/turtle_follow_ws/install/turtle_interfaces/local/lib/python3.10/dist-packages/turtle_interfaces/srv/_turtle_follow_s.c
-- Up-to-date: /home/eypan/turtle_follow_ws/install/turtle_interfaces/local/lib/python3.10/dist-packages/turtle_interfaces/libturtle_interfaces__rosidl_generator_py.so
-- Up-to-date: /home/eypan/turtle_follow_ws/install/turtle_interfaces/local/lib/python3.10/dist-packages/turtle_interfaces/_turtle_interfaces_s.ep.rosidl_typesupport_c.c
-- Up-to-date: /home/eypan/turtle_follow_ws/install/turtle_interfaces/local/lib/python3.10/dist-packages/turtle_interfaces/turtle_interfaces_s__rosidl_typesupport_introspection_c.cpython-310-x86_64-linux-gnu.so
-- Up-to-date: /home/eypan/turtle_follow_ws/install/turtle_interfaces/local/lib/python3.10/dist-packages/turtle_interfaces/_turtle_interfaces_s.ep.rosidl_typesupport_introspection_c.c
Listing '/home/eypan/turtle_follow_ws/install/turtle_interfaces/local/lib/python3.10/dist-packages/turtle_interfaces'...
Listing '/home/eypan/turtle_follow_ws/install/turtle_interfaces/local/lib/python3.10/dist-packages/turtle_interfaces/msg'...
Listing '/home/eypan/turtle_follow_ws/install/turtle_interfaces/local/lib/python3.10/dist-packages/turtle_interfaces/srv'...
-- Up-to-date: /home/eypan/turtle_follow_ws/install/turtle_interfaces/local/lib/python3.10/dist-packages/turtle_interfaces/turtle_interfaces_s__rosidl_typesupport_fastrtps_c.cpython-310-x86_64-linux-gnu.so
-- Up-to-date: /home/eypan/turtle_follow_ws/install/turtle_interfaces/local/lib/python3.10/dist-packages/turtle_interfaces/turtle_interfaces_s__rosidl_typesupport_introspection_c.cpython-310-x86_64-linux-gnu.so
-- Up-to-date: /home/eypan/turtle_follow_ws/install/turtle_interfaces/local/lib/python3.10/dist-packages/turtle_interfaces/turtle_interfaces_s__rosidl_typesupport_c.cpython-310-x86_64-linux-gnu.so
-- Up-to-date: /home/eypan/turtle_follow_ws/install/turtle_interfaces/lib/libturtle_interfaces__rosidl_generator_py.so
-- Up-to-date: /home/eypan/turtle_follow_ws/install/turtle_interfaces/share/turtle_interfaces/srv/TurtleCreate.idl
-- Up-to-date: /home/eypan/turtle_follow_ws/install/turtle_interfaces/share/turtle_interfaces/srv/TurtleFollow.idl
-- Up-to-date: /home/eypan/turtle_follow_ws/install/turtle_interfaces/share/turtle_interfaces/msg/StringArray.idl
-- Up-to-date: /home/eypan/turtle_follow_ws/install/turtle_interfaces/share/turtle_interfaces/srv/TurtleCreate.srv
-- Up-to-date: /home/eypan/turtle_follow_ws/install/turtle_interfaces/share/turtle_interfaces/srv/TurtleCreate_Request.msg
-- Up-to-date: /home/eypan/turtle_follow_ws/install/turtle_interfaces/share/turtle_interfaces/srv/TurtleCreate_Response.msg
-- Up-to-date: /home/eypan/turtle_follow_ws/install/turtle_interfaces/share/turtle_interfaces/srv/TurtleFollow.srv
-- Up-to-date: /home/eypan/turtle_follow_ws/install/turtle_interfaces/share/turtle_interfaces/srv/TurtleFollow_Request.msg
-- Up-to-date: /home/eypan/turtle_follow_ws/install/turtle_interfaces/share/turtle_interfaces/srv/TurtleFollow_Response.msg
-- Up-to-date: /home/eypan/turtle_follow_ws/install/turtle_interfaces/share/turtle_interfaces/msg/StringArray.msg
-- Up-to-date: /home/eypan/turtle_follow_ws/install/turtle_interfaces/share/ament_index/resource_index/package_run_dependencies/turtle_interfaces
-- Up-to-date: /home/eypan/turtle_follow_ws/install/turtle_interfaces/share/ament_index/resource_index/parent_prefix_path/turtle_interfaces
-- Up-to-date: /home/eypan/turtle_follow_ws/install/turtle_interfaces/share/turtle_interfaces/environment/ament_prefix_path.sh
-- Up-to-date: /home/eypan/turtle_follow_ws/install/turtle_interfaces/share/turtle_interfaces/environment/ament_prefix_path.dsv
-- Up-to-date: /home/eypan/turtle_follow_ws/install/turtle_interfaces/share/turtle_interfaces/environment/path.sh
-- Up-to-date: /home/eypan/turtle_follow_ws/install/turtle_interfaces/share/turtle_interfaces/environment/path.dsv
-- Up-to-date: /home/eypan/turtle_follow_ws/install/turtle_interfaces/share/turtle_interfaces/local_setup.bash
-- Up-to-date: /home/eypan/turtle_follow_ws/install/turtle_interfaces/share/turtle_interfaces/local_setup.sh
-- Up-to-date: /home/eypan/turtle_follow_ws/install/turtle_interfaces/share/turtle_interfaces/local_setup.zsh
-- Up-to-date: /home/eypan/turtle_follow_ws/install/turtle_interfaces/share/turtle_interfaces/local_setup.dsv
-- Installing: /home/eypan/turtle_follow_ws/install/turtle_interfaces/share/turtle_interfaces/package.dsv
-- Up-to-date: /home/eypan/turtle_follow_ws/install/turtle_interfaces/share/ament_index/resource_index/packages/turtle_interfaces
-- Up-to-date: /home/eypan/turtle_follow_ws/install/turtle_interfaces/share/turtle_interfaces/cmake/export_turtle_interfaces__rosidl_generator_cExport.cmake
-- Up-to-date: /home/eypan/turtle_follow_ws/install/turtle_interfaces/share/turtle_interfaces/cmake/export_turtle_interfaces__rosidl_generator_cExport-noconfig.cmake
-- Up-to-date: /home/eypan/turtle_follow_ws/install/turtle_interfaces/share/turtle_interfaces/cmake/export_turtle_interfaces__rosidl_typesupport_fastrtps_cExport.cmake
-- Up-to-date: /home/eypan/turtle_follow_ws/install/turtle_interfaces/share/turtle_interfaces/cmake/export_turtle_interfaces__rosidl_typesupport_fastrtps_cExport-noconfig.cmake
-- Up-to-date: /home/eypan/turtle_follow_ws/install/turtle_interfaces/share/turtle_interfaces/cmake/turtle_interfaces__rosidl_typesupport_introspection_cExport.cmake
-- Up-to-date: /home/eypan/turtle_follow_ws/install/turtle_interfaces/share/turtle_interfaces/cmake/turtle_interfaces__rosidl_typesupport_introspection_cExport-noconfig.cmake
-- Up-to-date: /home/eypan/turtle_follow_ws/install/turtle_interfaces/share/turtle_interfaces/cmake/turtle_interfaces__rosidl_typesupport_cExport.cmake
-- Up-to-date: /home/eypan/turtle_follow_ws/install/turtle_interfaces/share/turtle_interfaces/cmake/turtle_interfaces__rosidl_typesupport_cExport-noconfig.cmake
-- Up-to-date: /home/eypan/turtle_follow_ws/install/turtle_interfaces/share/turtle_interfaces/cmake/export_turtle_interfaces__rosidl_generator_cppExport.cmake
-- Up-to-date: /home/eypan/turtle_follow_ws/install/turtle_interfaces/share/turtle_interfaces/cmake/export_turtle_interfaces__rosidl_typesupport_fastrtps_cppExport.cmake
-- Up-to-date: /home/eypan/turtle_follow_ws/install/turtle_interfaces/share/turtle_interfaces/cmake/export_turtle_interfaces__rosidl_typesupport_fastrtps_cppExport-noconfig.cmake
-- Up-to-date: /home/eypan/turtle_follow_ws/install/turtle_interfaces/share/turtle_interfaces/cmake/turtle_interfaces__rosidl_typesupport_introspection_cppExport.cmake
-- Up-to-date: /home/eypan/turtle_follow_ws/install/turtle_interfaces/share/turtle_interfaces/cmake/turtle_interfaces__rosidl_typesupport_introspection_cppExport-noconfig.cmake
-- Up-to-date: /home/eypan/turtle_follow_ws/install/turtle_interfaces/share/turtle_interfaces/cmake/turtle_interfaces__rosidl_typesupport_cppExport.cmake
-- Up-to-date: /home/eypan/turtle_follow_ws/install/turtle_interfaces/share/turtle_interfaces/cmake/turtle_interfaces__rosidl_typesupport_cppExport-noconfig.cmake
-- Up-to-date: /home/eypan/turtle_follow_ws/install/turtle_interfaces/share/turtle_interfaces/cmake/export_turtle_interfaces__rosidl_generator_pyExport.cmake
-- Up-to-date: /home/eypan/turtle_follow_ws/install/turtle_interfaces/share/turtle_interfaces/cmake/export_turtle_interfaces__rosidl_generator_pyExport-noconfig.cmake
-- Up-to-date: /home/eypan/turtle_follow_ws/install/turtle_interfaces/share/turtle_interfaces/cmake/rosidl_cmake-extras.cmake
-- Up-to-date: /home/eypan/turtle_follow_ws/install/turtle_interfaces/share/turtle_interfaces/cmake/ament_cmake_export_include_directories-extras.cmake
-- Up-to-date: /home/eypan/turtle_follow_ws/install/turtle_interfaces/share/turtle_interfaces/cmake/ament_cmake_export_libraries-extras.cmake
-- Up-to-date: /home/eypan/turtle_follow_ws/install/turtle_interfaces/share/turtle_interfaces/cmake/ament_cmake_export_targets-extras.cmake
-- Up-to-date: /home/eypan/turtle_follow_ws/install/turtle_interfaces/share/turtle_interfaces/cmake/rosidl_cmake_export_typesupport_targets-extras.cmake
-- Up-to-date: /home/eypan/turtle_follow_ws/install/turtle_interfaces/share/turtle_interfaces/cmake/ament_cmake_export_dependencies-extras.cmake
-- Up-to-date: /home/eypan/turtle_follow_ws/install/turtle_interfaces/share/turtle_interfaces/cmake/rosidl_cmake_export_typesupport_libraries-extras.cmake
-- Up-to-date: /home/eypan/turtle_follow_ws/install/turtle_interfaces/share/turtle_interfaces/cmake/turtle_interfacesConfig.cmake
-- Up-to-date: /home/eypan/turtle_follow_ws/install/turtle_interfaces/share/turtle_interfaces/cmake/turtle_interfacesConfig-version.cmake
-- Up-to-date: /home/eypan/turtle_follow_ws/install/turtle_interfaces/share/turtle_interfaces/package.xml
